INFO - 2024-04-01 14:22:34 --> Session: Class initialized using 'CodeIgniter\Session\Handlers\FileHandler' driver.
INFO - 2024-04-01 14:22:35 --> Session: Class initialized using 'CodeIgniter\Session\Handlers\FileHandler' driver.
INFO - 2024-04-01 14:22:52 --> Session: Class initialized using 'CodeIgniter\Session\Handlers\FileHandler' driver.
INFO - 2024-04-01 14:22:52 --> Session: Class initialized using 'CodeIgniter\Session\Handlers\FileHandler' driver.
INFO - 2024-04-01 14:23:13 --> Session: Class initialized using 'CodeIgniter\Session\Handlers\FileHandler' driver.
INFO - 2024-04-01 14:23:14 --> Session: Class initialized using 'CodeIgniter\Session\Handlers\FileHandler' driver.
INFO - 2024-04-01 14:24:02 --> Session: Class initialized using 'CodeIgniter\Session\Handlers\FileHandler' driver.
INFO - 2024-04-01 14:24:18 --> Session: Class initialized using 'CodeIgniter\Session\Handlers\FileHandler' driver.
INFO - 2024-04-01 14:24:19 --> Session: Class initialized using 'CodeIgniter\Session\Handlers\FileHandler' driver.
INFO - 2024-04-01 14:24:25 --> Session: Class initialized using 'CodeIgniter\Session\Handlers\FileHandler' driver.
INFO - 2024-04-01 14:25:54 --> Session: Class initialized using 'CodeIgniter\Session\Handlers\FileHandler' driver.
INFO - 2024-04-01 14:25:55 --> Session: Class initialized using 'CodeIgniter\Session\Handlers\FileHandler' driver.
INFO - 2024-04-01 14:25:59 --> Session: Class initialized using 'CodeIgniter\Session\Handlers\FileHandler' driver.
INFO - 2024-04-01 14:26:34 --> Session: Class initialized using 'CodeIgniter\Session\Handlers\FileHandler' driver.
INFO - 2024-04-01 14:26:38 --> Session: Class initialized using 'CodeIgniter\Session\Handlers\FileHandler' driver.
INFO - 2024-04-01 14:28:51 --> Session: Class initialized using 'CodeIgniter\Session\Handlers\FileHandler' driver.
INFO - 2024-04-01 14:29:00 --> Session: Class initialized using 'CodeIgniter\Session\Handlers\FileHandler' driver.
INFO - 2024-04-01 14:29:19 --> Session: Class initialized using 'CodeIgniter\Session\Handlers\FileHandler' driver.
CRITICAL - 2024-04-01 14:29:19 --> Undefined variable $pondokgede
in APPPATH\Views\admin_jatiasih\pembina_jati_asih.php on line 41.
 1 APPPATH\Views\admin_jatiasih\pembina_jati_asih.php(41): CodeIgniter\Debug\Exceptions->errorHandler(2, 'Undefined variable $pondokgede', 'C:\\xampp\\htdocs\\CodeIgniter\\Binawasa\\app\\Views\\admin_jatiasih\\pembina_jati_asih.php', 41)
 2 SYSTEMPATH\View\View.php(224): include('C:\\xampp\\htdocs\\CodeIgniter\\Binawasa\\app\\Views\\admin_jatiasih\\pembina_jati_asih.php')
 3 SYSTEMPATH\View\View.php(227): CodeIgniter\View\View->CodeIgniter\View\{closure}()
 4 SYSTEMPATH\Common.php(1180): CodeIgniter\View\View->render('admin_jatiasih/pembina_jati_asih', [], true)
 5 APPPATH\Controllers\Admin_jatiasih.php(29): view('admin_jatiasih/pembina_jati_asih', [...])
 6 SYSTEMPATH\CodeIgniter.php(932): App\Controllers\Admin_jatiasih->pembina_jati_asih()
 7 SYSTEMPATH\CodeIgniter.php(497): CodeIgniter\CodeIgniter->runController(Object(App\Controllers\Admin_jatiasih))
 8 SYSTEMPATH\CodeIgniter.php(366): CodeIgniter\CodeIgniter->handleRequest(null, Object(Config\Cache), false)
 9 FCPATH\index.php(67): CodeIgniter\CodeIgniter->run()
10 SYSTEMPATH\Commands\Server\rewrite.php(47): require_once('C:\\xampp\\htdocs\\CodeIgniter\\Binawasa\\public\\index.php')
INFO - 2024-04-01 14:31:30 --> Session: Class initialized using 'CodeIgniter\Session\Handlers\FileHandler' driver.
CRITICAL - 2024-04-01 14:31:30 --> Undefined array key "no_gudep"
in APPPATH\Views\admin_jatiasih\pembina_jati_asih.php on line 45.
 1 APPPATH\Views\admin_jatiasih\pembina_jati_asih.php(45): CodeIgniter\Debug\Exceptions->errorHandler(2, 'Undefined array key "no_gudep"', 'C:\\xampp\\htdocs\\CodeIgniter\\Binawasa\\app\\Views\\admin_jatiasih\\pembina_jati_asih.php', 45)
 2 SYSTEMPATH\View\View.php(224): include('C:\\xampp\\htdocs\\CodeIgniter\\Binawasa\\app\\Views\\admin_jatiasih\\pembina_jati_asih.php')
 3 SYSTEMPATH\View\View.php(227): CodeIgniter\View\View->CodeIgniter\View\{closure}()
 4 SYSTEMPATH\Common.php(1180): CodeIgniter\View\View->render('admin_jatiasih/pembina_jati_asih', [], true)
 5 APPPATH\Controllers\Admin_jatiasih.php(29): view('admin_jatiasih/pembina_jati_asih', [...])
 6 SYSTEMPATH\CodeIgniter.php(932): App\Controllers\Admin_jatiasih->pembina_jati_asih()
 7 SYSTEMPATH\CodeIgniter.php(497): CodeIgniter\CodeIgniter->runController(Object(App\Controllers\Admin_jatiasih))
 8 SYSTEMPATH\CodeIgniter.php(366): CodeIgniter\CodeIgniter->handleRequest(null, Object(Config\Cache), false)
 9 FCPATH\index.php(67): CodeIgniter\CodeIgniter->run()
10 SYSTEMPATH\Commands\Server\rewrite.php(47): require_once('C:\\xampp\\htdocs\\CodeIgniter\\Binawasa\\public\\index.php')
INFO - 2024-04-01 14:33:21 --> Session: Class initialized using 'CodeIgniter\Session\Handlers\FileHandler' driver.
CRITICAL - 2024-04-01 14:33:21 --> Undefined array key "no_gudep"
in APPPATH\Views\admin_jatiasih\pembina_jati_asih.php on line 45.
 1 APPPATH\Views\admin_jatiasih\pembina_jati_asih.php(45): CodeIgniter\Debug\Exceptions->errorHandler(2, 'Undefined array key "no_gudep"', 'C:\\xampp\\htdocs\\CodeIgniter\\Binawasa\\app\\Views\\admin_jatiasih\\pembina_jati_asih.php', 45)
 2 SYSTEMPATH\View\View.php(224): include('C:\\xampp\\htdocs\\CodeIgniter\\Binawasa\\app\\Views\\admin_jatiasih\\pembina_jati_asih.php')
 3 SYSTEMPATH\View\View.php(227): CodeIgniter\View\View->CodeIgniter\View\{closure}()
 4 SYSTEMPATH\Common.php(1180): CodeIgniter\View\View->render('admin_jatiasih/pembina_jati_asih', [], true)
 5 APPPATH\Controllers\Admin_jatiasih.php(29): view('admin_jatiasih/pembina_jati_asih', [...])
 6 SYSTEMPATH\CodeIgniter.php(932): App\Controllers\Admin_jatiasih->pembina_jati_asih()
 7 SYSTEMPATH\CodeIgniter.php(497): CodeIgniter\CodeIgniter->runController(Object(App\Controllers\Admin_jatiasih))
 8 SYSTEMPATH\CodeIgniter.php(366): CodeIgniter\CodeIgniter->handleRequest(null, Object(Config\Cache), false)
 9 FCPATH\index.php(67): CodeIgniter\CodeIgniter->run()
10 SYSTEMPATH\Commands\Server\rewrite.php(47): require_once('C:\\xampp\\htdocs\\CodeIgniter\\Binawasa\\public\\index.php')
INFO - 2024-04-01 14:36:15 --> Session: Class initialized using 'CodeIgniter\Session\Handlers\FileHandler' driver.
INFO - 2024-04-01 14:36:27 --> Session: Class initialized using 'CodeIgniter\Session\Handlers\FileHandler' driver.
INFO - 2024-04-01 14:36:27 --> Session: Class initialized using 'CodeIgniter\Session\Handlers\FileHandler' driver.
INFO - 2024-04-01 14:36:33 --> Session: Class initialized using 'CodeIgniter\Session\Handlers\FileHandler' driver.
INFO - 2024-04-01 14:40:54 --> Session: Class initialized using 'CodeIgniter\Session\Handlers\FileHandler' driver.
INFO - 2024-04-01 14:41:09 --> Session: Class initialized using 'CodeIgniter\Session\Handlers\FileHandler' driver.
INFO - 2024-04-01 14:41:45 --> Session: Class initialized using 'CodeIgniter\Session\Handlers\FileHandler' driver.
INFO - 2024-04-01 14:42:24 --> Session: Class initialized using 'CodeIgniter\Session\Handlers\FileHandler' driver.
INFO - 2024-04-01 14:42:43 --> Session: Class initialized using 'CodeIgniter\Session\Handlers\FileHandler' driver.
INFO - 2024-04-01 14:42:55 --> Session: Class initialized using 'CodeIgniter\Session\Handlers\FileHandler' driver.
INFO - 2024-04-01 14:49:19 --> Session: Class initialized using 'CodeIgniter\Session\Handlers\FileHandler' driver.
INFO - 2024-04-01 14:49:22 --> Session: Class initialized using 'CodeIgniter\Session\Handlers\FileHandler' driver.
INFO - 2024-04-01 14:49:23 --> Session: Class initialized using 'CodeIgniter\Session\Handlers\FileHandler' driver.
INFO - 2024-04-01 14:49:28 --> Session: Class initialized using 'CodeIgniter\Session\Handlers\FileHandler' driver.
INFO - 2024-04-01 14:50:10 --> Session: Class initialized using 'CodeIgniter\Session\Handlers\FileHandler' driver.
INFO - 2024-04-01 14:50:15 --> Session: Class initialized using 'CodeIgniter\Session\Handlers\FileHandler' driver.
INFO - 2024-04-01 15:02:05 --> Session: Class initialized using 'CodeIgniter\Session\Handlers\FileHandler' driver.
INFO - 2024-04-01 15:10:36 --> Session: Class initialized using 'CodeIgniter\Session\Handlers\FileHandler' driver.
INFO - 2024-04-01 15:13:20 --> Session: Class initialized using 'CodeIgniter\Session\Handlers\FileHandler' driver.
CRITICAL - 2024-04-01 15:13:20 --> Undefined property: App\Controllers\Admin_jatiasih::$ModelPembina_pondokmelati
in APPPATH\Controllers\Admin_jatiasih.php on line 210.
 1 APPPATH\Controllers\Admin_jatiasih.php(210): CodeIgniter\Debug\Exceptions->errorHandler(2, 'Undefined property: App\\Controllers\\Admin_jatiasih::$ModelPembina_pondokmelati', 'C:\\xampp\\htdocs\\CodeIgniter\\Binawasa\\app\\Controllers\\Admin_jatiasih.php', 210)
 2 SYSTEMPATH\CodeIgniter.php(932): App\Controllers\Admin_jatiasih->insertData_pembina()
 3 SYSTEMPATH\CodeIgniter.php(497): CodeIgniter\CodeIgniter->runController(Object(App\Controllers\Admin_jatiasih))
 4 SYSTEMPATH\CodeIgniter.php(366): CodeIgniter\CodeIgniter->handleRequest(null, Object(Config\Cache), false)
 5 FCPATH\index.php(67): CodeIgniter\CodeIgniter->run()
 6 SYSTEMPATH\Commands\Server\rewrite.php(47): require_once('C:\\xampp\\htdocs\\CodeIgniter\\Binawasa\\public\\index.php')
INFO - 2024-04-01 15:13:49 --> Session: Class initialized using 'CodeIgniter\Session\Handlers\FileHandler' driver.
INFO - 2024-04-01 15:13:49 --> Session: Class initialized using 'CodeIgniter\Session\Handlers\FileHandler' driver.
INFO - 2024-04-01 15:14:12 --> Session: Class initialized using 'CodeIgniter\Session\Handlers\FileHandler' driver.
CRITICAL - 2024-04-01 15:14:12 --> Undefined array key "tingkatan"
in APPPATH\Views\admin_jatiasih\editData_pembina.php on line 84.
 1 APPPATH\Views\admin_jatiasih\editData_pembina.php(84): CodeIgniter\Debug\Exceptions->errorHandler(2, 'Undefined array key "tingkatan"', 'C:\\xampp\\htdocs\\CodeIgniter\\Binawasa\\app\\Views\\admin_jatiasih\\editData_pembina.php', 84)
 2 SYSTEMPATH\View\View.php(224): include('C:\\xampp\\htdocs\\CodeIgniter\\Binawasa\\app\\Views\\admin_jatiasih\\editData_pembina.php')
 3 SYSTEMPATH\View\View.php(227): CodeIgniter\View\View->CodeIgniter\View\{closure}()
 4 SYSTEMPATH\Common.php(1180): CodeIgniter\View\View->render('admin_jatiasih/editData_pembina', [], true)
 5 APPPATH\Controllers\Admin_jatiasih.php(233): view('admin_jatiasih/editData_pembina', [...])
 6 SYSTEMPATH\CodeIgniter.php(932): App\Controllers\Admin_jatiasih->editData_pembina('6')
 7 SYSTEMPATH\CodeIgniter.php(497): CodeIgniter\CodeIgniter->runController(Object(App\Controllers\Admin_jatiasih))
 8 SYSTEMPATH\CodeIgniter.php(366): CodeIgniter\CodeIgniter->handleRequest(null, Object(Config\Cache), false)
 9 FCPATH\index.php(67): CodeIgniter\CodeIgniter->run()
10 SYSTEMPATH\Commands\Server\rewrite.php(47): require_once('C:\\xampp\\htdocs\\CodeIgniter\\Binawasa\\public\\index.php')
INFO - 2024-04-01 15:14:39 --> Session: Class initialized using 'CodeIgniter\Session\Handlers\FileHandler' driver.
CRITICAL - 2024-04-01 15:14:39 --> Undefined array key "tingkatan"
in APPPATH\Views\admin_jatiasih\editData_pembina.php on line 84.
 1 APPPATH\Views\admin_jatiasih\editData_pembina.php(84): CodeIgniter\Debug\Exceptions->errorHandler(2, 'Undefined array key "tingkatan"', 'C:\\xampp\\htdocs\\CodeIgniter\\Binawasa\\app\\Views\\admin_jatiasih\\editData_pembina.php', 84)
 2 SYSTEMPATH\View\View.php(224): include('C:\\xampp\\htdocs\\CodeIgniter\\Binawasa\\app\\Views\\admin_jatiasih\\editData_pembina.php')
 3 SYSTEMPATH\View\View.php(227): CodeIgniter\View\View->CodeIgniter\View\{closure}()
 4 SYSTEMPATH\Common.php(1180): CodeIgniter\View\View->render('admin_jatiasih/editData_pembina', [], true)
 5 APPPATH\Controllers\Admin_jatiasih.php(233): view('admin_jatiasih/editData_pembina', [...])
 6 SYSTEMPATH\CodeIgniter.php(932): App\Controllers\Admin_jatiasih->editData_pembina('6')
 7 SYSTEMPATH\CodeIgniter.php(497): CodeIgniter\CodeIgniter->runController(Object(App\Controllers\Admin_jatiasih))
 8 SYSTEMPATH\CodeIgniter.php(366): CodeIgniter\CodeIgniter->handleRequest(null, Object(Config\Cache), false)
 9 FCPATH\index.php(67): CodeIgniter\CodeIgniter->run()
10 SYSTEMPATH\Commands\Server\rewrite.php(47): require_once('C:\\xampp\\htdocs\\CodeIgniter\\Binawasa\\public\\index.php')
INFO - 2024-04-01 15:14:41 --> Session: Class initialized using 'CodeIgniter\Session\Handlers\FileHandler' driver.
INFO - 2024-04-01 15:14:44 --> Session: Class initialized using 'CodeIgniter\Session\Handlers\FileHandler' driver.
INFO - 2024-04-01 15:14:46 --> Session: Class initialized using 'CodeIgniter\Session\Handlers\FileHandler' driver.
CRITICAL - 2024-04-01 15:14:46 --> Undefined array key "tingkatan"
in APPPATH\Views\admin_jatiasih\editData_pembina.php on line 84.
 1 APPPATH\Views\admin_jatiasih\editData_pembina.php(84): CodeIgniter\Debug\Exceptions->errorHandler(2, 'Undefined array key "tingkatan"', 'C:\\xampp\\htdocs\\CodeIgniter\\Binawasa\\app\\Views\\admin_jatiasih\\editData_pembina.php', 84)
 2 SYSTEMPATH\View\View.php(224): include('C:\\xampp\\htdocs\\CodeIgniter\\Binawasa\\app\\Views\\admin_jatiasih\\editData_pembina.php')
 3 SYSTEMPATH\View\View.php(227): CodeIgniter\View\View->CodeIgniter\View\{closure}()
 4 SYSTEMPATH\Common.php(1180): CodeIgniter\View\View->render('admin_jatiasih/editData_pembina', [], true)
 5 APPPATH\Controllers\Admin_jatiasih.php(233): view('admin_jatiasih/editData_pembina', [...])
 6 SYSTEMPATH\CodeIgniter.php(932): App\Controllers\Admin_jatiasih->editData_pembina('6')
 7 SYSTEMPATH\CodeIgniter.php(497): CodeIgniter\CodeIgniter->runController(Object(App\Controllers\Admin_jatiasih))
 8 SYSTEMPATH\CodeIgniter.php(366): CodeIgniter\CodeIgniter->handleRequest(null, Object(Config\Cache), false)
 9 FCPATH\index.php(67): CodeIgniter\CodeIgniter->run()
10 SYSTEMPATH\Commands\Server\rewrite.php(47): require_once('C:\\xampp\\htdocs\\CodeIgniter\\Binawasa\\public\\index.php')
INFO - 2024-04-01 15:17:37 --> Session: Class initialized using 'CodeIgniter\Session\Handlers\FileHandler' driver.
CRITICAL - 2024-04-01 15:17:37 --> Array to string conversion
in APPPATH\Views\admin_jatiasih\editData_pembina.php on line 28.
 1 APPPATH\Views\admin_jatiasih\editData_pembina.php(28): CodeIgniter\Debug\Exceptions->errorHandler(2, 'Array to string conversion', 'C:\\xampp\\htdocs\\CodeIgniter\\Binawasa\\app\\Views\\admin_jatiasih\\editData_pembina.php', 28)
 2 SYSTEMPATH\View\View.php(224): include('C:\\xampp\\htdocs\\CodeIgniter\\Binawasa\\app\\Views\\admin_jatiasih\\editData_pembina.php')
 3 SYSTEMPATH\View\View.php(227): CodeIgniter\View\View->CodeIgniter\View\{closure}()
 4 SYSTEMPATH\Common.php(1180): CodeIgniter\View\View->render('admin_jatiasih/editData_pembina', [], true)
 5 APPPATH\Controllers\Admin_jatiasih.php(233): view('admin_jatiasih/editData_pembina', [...])
 6 SYSTEMPATH\CodeIgniter.php(932): App\Controllers\Admin_jatiasih->editData_pembina('6')
 7 SYSTEMPATH\CodeIgniter.php(497): CodeIgniter\CodeIgniter->runController(Object(App\Controllers\Admin_jatiasih))
 8 SYSTEMPATH\CodeIgniter.php(366): CodeIgniter\CodeIgniter->handleRequest(null, Object(Config\Cache), false)
 9 FCPATH\index.php(67): CodeIgniter\CodeIgniter->run()
10 SYSTEMPATH\Commands\Server\rewrite.php(47): require_once('C:\\xampp\\htdocs\\CodeIgniter\\Binawasa\\public\\index.php')
INFO - 2024-04-01 15:20:12 --> Session: Class initialized using 'CodeIgniter\Session\Handlers\FileHandler' driver.
INFO - 2024-04-01 15:23:45 --> Session: Class initialized using 'CodeIgniter\Session\Handlers\FileHandler' driver.
CRITICAL - 2024-04-01 15:23:45 --> Undefined variable $idpembina_jatiasih
in APPPATH\Controllers\Admin_jatiasih.php on line 342.
 1 APPPATH\Controllers\Admin_jatiasih.php(342): CodeIgniter\Debug\Exceptions->errorHandler(2, 'Undefined variable $idpembina_jatiasih', 'C:\\xampp\\htdocs\\CodeIgniter\\Binawasa\\app\\Controllers\\Admin_jatiasih.php', 342)
 2 SYSTEMPATH\CodeIgniter.php(932): App\Controllers\Admin_jatiasih->ubahData_pembina('6')
 3 SYSTEMPATH\CodeIgniter.php(497): CodeIgniter\CodeIgniter->runController(Object(App\Controllers\Admin_jatiasih))
 4 SYSTEMPATH\CodeIgniter.php(366): CodeIgniter\CodeIgniter->handleRequest(null, Object(Config\Cache), false)
 5 FCPATH\index.php(67): CodeIgniter\CodeIgniter->run()
 6 SYSTEMPATH\Commands\Server\rewrite.php(47): require_once('C:\\xampp\\htdocs\\CodeIgniter\\Binawasa\\public\\index.php')
INFO - 2024-04-01 15:25:44 --> Session: Class initialized using 'CodeIgniter\Session\Handlers\FileHandler' driver.
CRITICAL - 2024-04-01 15:25:44 --> Undefined variable $idpembina_jatiasih
in APPPATH\Controllers\Admin_jatiasih.php on line 342.
 1 APPPATH\Controllers\Admin_jatiasih.php(342): CodeIgniter\Debug\Exceptions->errorHandler(2, 'Undefined variable $idpembina_jatiasih', 'C:\\xampp\\htdocs\\CodeIgniter\\Binawasa\\app\\Controllers\\Admin_jatiasih.php', 342)
 2 SYSTEMPATH\CodeIgniter.php(932): App\Controllers\Admin_jatiasih->ubahData_pembina('6')
 3 SYSTEMPATH\CodeIgniter.php(497): CodeIgniter\CodeIgniter->runController(Object(App\Controllers\Admin_jatiasih))
 4 SYSTEMPATH\CodeIgniter.php(366): CodeIgniter\CodeIgniter->handleRequest(null, Object(Config\Cache), false)
 5 FCPATH\index.php(67): CodeIgniter\CodeIgniter->run()
 6 SYSTEMPATH\Commands\Server\rewrite.php(47): require_once('C:\\xampp\\htdocs\\CodeIgniter\\Binawasa\\public\\index.php')
INFO - 2024-04-01 15:28:11 --> Session: Class initialized using 'CodeIgniter\Session\Handlers\FileHandler' driver.
INFO - 2024-04-01 15:28:11 --> Session: Class initialized using 'CodeIgniter\Session\Handlers\FileHandler' driver.
INFO - 2024-04-01 15:30:09 --> Session: Class initialized using 'CodeIgniter\Session\Handlers\FileHandler' driver.
INFO - 2024-04-01 15:30:11 --> Session: Class initialized using 'CodeIgniter\Session\Handlers\FileHandler' driver.
INFO - 2024-04-01 15:33:31 --> Session: Class initialized using 'CodeIgniter\Session\Handlers\FileHandler' driver.
CRITICAL - 2024-04-01 15:33:31 --> Call to undefined method App\Models\ModelPembina_jatiasih::detailData_pembina
in SYSTEMPATH\Model.php on line 838.
 1 APPPATH\Controllers\Admin_jatiasih.php(377): CodeIgniter\Model->__call('detailData_pembina', [...])
 2 SYSTEMPATH\CodeIgniter.php(932): App\Controllers\Admin_jatiasih->detailData_pembina('4')
 3 SYSTEMPATH\CodeIgniter.php(497): CodeIgniter\CodeIgniter->runController(Object(App\Controllers\Admin_jatiasih))
 4 SYSTEMPATH\CodeIgniter.php(366): CodeIgniter\CodeIgniter->handleRequest(null, Object(Config\Cache), false)
 5 FCPATH\index.php(67): CodeIgniter\CodeIgniter->run()
 6 SYSTEMPATH\Commands\Server\rewrite.php(47): require_once('C:\\xampp\\htdocs\\CodeIgniter\\Binawasa\\public\\index.php')
INFO - 2024-04-01 15:34:30 --> Session: Class initialized using 'CodeIgniter\Session\Handlers\FileHandler' driver.
INFO - 2024-04-01 15:34:32 --> Session: Class initialized using 'CodeIgniter\Session\Handlers\FileHandler' driver.
INFO - 2024-04-01 15:34:54 --> Session: Class initialized using 'CodeIgniter\Session\Handlers\FileHandler' driver.
INFO - 2024-04-01 15:34:57 --> Session: Class initialized using 'CodeIgniter\Session\Handlers\FileHandler' driver.
INFO - 2024-04-01 15:35:32 --> Session: Class initialized using 'CodeIgniter\Session\Handlers\FileHandler' driver.
INFO - 2024-04-01 15:35:34 --> Session: Class initialized using 'CodeIgniter\Session\Handlers\FileHandler' driver.
INFO - 2024-04-01 15:35:37 --> Session: Class initialized using 'CodeIgniter\Session\Handlers\FileHandler' driver.
INFO - 2024-04-01 15:35:40 --> Session: Class initialized using 'CodeIgniter\Session\Handlers\FileHandler' driver.
INFO - 2024-04-01 15:35:51 --> Session: Class initialized using 'CodeIgniter\Session\Handlers\FileHandler' driver.
INFO - 2024-04-01 15:36:04 --> Session: Class initialized using 'CodeIgniter\Session\Handlers\FileHandler' driver.
INFO - 2024-04-01 15:37:10 --> Session: Class initialized using 'CodeIgniter\Session\Handlers\FileHandler' driver.
INFO - 2024-04-01 15:37:16 --> Session: Class initialized using 'CodeIgniter\Session\Handlers\FileHandler' driver.
INFO - 2024-04-01 15:37:21 --> Session: Class initialized using 'CodeIgniter\Session\Handlers\FileHandler' driver.
INFO - 2024-04-01 15:37:24 --> Session: Class initialized using 'CodeIgniter\Session\Handlers\FileHandler' driver.
INFO - 2024-04-01 15:38:27 --> Session: Class initialized using 'CodeIgniter\Session\Handlers\FileHandler' driver.
INFO - 2024-04-01 15:38:30 --> Session: Class initialized using 'CodeIgniter\Session\Handlers\FileHandler' driver.
INFO - 2024-04-01 15:38:49 --> Session: Class initialized using 'CodeIgniter\Session\Handlers\FileHandler' driver.
INFO - 2024-04-01 15:38:51 --> Session: Class initialized using 'CodeIgniter\Session\Handlers\FileHandler' driver.
INFO - 2024-04-01 15:38:56 --> Session: Class initialized using 'CodeIgniter\Session\Handlers\FileHandler' driver.
INFO - 2024-04-01 15:39:11 --> Session: Class initialized using 'CodeIgniter\Session\Handlers\FileHandler' driver.
INFO - 2024-04-01 15:39:15 --> Session: Class initialized using 'CodeIgniter\Session\Handlers\FileHandler' driver.
INFO - 2024-04-01 15:39:36 --> Session: Class initialized using 'CodeIgniter\Session\Handlers\FileHandler' driver.
INFO - 2024-04-01 15:39:38 --> Session: Class initialized using 'CodeIgniter\Session\Handlers\FileHandler' driver.
INFO - 2024-04-01 15:39:40 --> Session: Class initialized using 'CodeIgniter\Session\Handlers\FileHandler' driver.
INFO - 2024-04-01 15:39:50 --> Session: Class initialized using 'CodeIgniter\Session\Handlers\FileHandler' driver.
INFO - 2024-04-01 15:39:51 --> Session: Class initialized using 'CodeIgniter\Session\Handlers\FileHandler' driver.
INFO - 2024-04-01 15:40:07 --> Session: Class initialized using 'CodeIgniter\Session\Handlers\FileHandler' driver.
INFO - 2024-04-01 15:40:07 --> Session: Class initialized using 'CodeIgniter\Session\Handlers\FileHandler' driver.
INFO - 2024-04-01 15:40:26 --> Session: Class initialized using 'CodeIgniter\Session\Handlers\FileHandler' driver.
INFO - 2024-04-01 15:41:14 --> Session: Class initialized using 'CodeIgniter\Session\Handlers\FileHandler' driver.
CRITICAL - 2024-04-01 15:41:14 --> Undefined array key "no_gudep"
in APPPATH\Views\admin_jatiasih\pelatih_jati_asih.php on line 45.
 1 APPPATH\Views\admin_jatiasih\pelatih_jati_asih.php(45): CodeIgniter\Debug\Exceptions->errorHandler(2, 'Undefined array key "no_gudep"', 'C:\\xampp\\htdocs\\CodeIgniter\\Binawasa\\app\\Views\\admin_jatiasih\\pelatih_jati_asih.php', 45)
 2 SYSTEMPATH\View\View.php(224): include('C:\\xampp\\htdocs\\CodeIgniter\\Binawasa\\app\\Views\\admin_jatiasih\\pelatih_jati_asih.php')
 3 SYSTEMPATH\View\View.php(227): CodeIgniter\View\View->CodeIgniter\View\{closure}()
 4 SYSTEMPATH\Common.php(1180): CodeIgniter\View\View->render('Admin_jatiasih/pelatih_jati_asih', [], true)
 5 APPPATH\Controllers\Admin_jatiasih.php(424): view('Admin_jatiasih/pelatih_jati_asih', [...])
 6 SYSTEMPATH\CodeIgniter.php(932): App\Controllers\Admin_jatiasih->pelatih_jati_asih()
 7 SYSTEMPATH\CodeIgniter.php(497): CodeIgniter\CodeIgniter->runController(Object(App\Controllers\Admin_jatiasih))
 8 SYSTEMPATH\CodeIgniter.php(366): CodeIgniter\CodeIgniter->handleRequest(null, Object(Config\Cache), false)
 9 FCPATH\index.php(67): CodeIgniter\CodeIgniter->run()
10 SYSTEMPATH\Commands\Server\rewrite.php(47): require_once('C:\\xampp\\htdocs\\CodeIgniter\\Binawasa\\public\\index.php')
INFO - 2024-04-01 15:46:08 --> Session: Class initialized using 'CodeIgniter\Session\Handlers\FileHandler' driver.
CRITICAL - 2024-04-01 15:46:08 --> Undefined array key "thn_lulus_kmd"
in APPPATH\Views\admin_jatiasih\pelatih_jati_asih.php on line 55.
 1 APPPATH\Views\admin_jatiasih\pelatih_jati_asih.php(55): CodeIgniter\Debug\Exceptions->errorHandler(2, 'Undefined array key "thn_lulus_kmd"', 'C:\\xampp\\htdocs\\CodeIgniter\\Binawasa\\app\\Views\\admin_jatiasih\\pelatih_jati_asih.php', 55)
 2 SYSTEMPATH\View\View.php(224): include('C:\\xampp\\htdocs\\CodeIgniter\\Binawasa\\app\\Views\\admin_jatiasih\\pelatih_jati_asih.php')
 3 SYSTEMPATH\View\View.php(227): CodeIgniter\View\View->CodeIgniter\View\{closure}()
 4 SYSTEMPATH\Common.php(1180): CodeIgniter\View\View->render('Admin_jatiasih/pelatih_jati_asih', [], true)
 5 APPPATH\Controllers\Admin_jatiasih.php(424): view('Admin_jatiasih/pelatih_jati_asih', [...])
 6 SYSTEMPATH\CodeIgniter.php(932): App\Controllers\Admin_jatiasih->pelatih_jati_asih()
 7 SYSTEMPATH\CodeIgniter.php(497): CodeIgniter\CodeIgniter->runController(Object(App\Controllers\Admin_jatiasih))
 8 SYSTEMPATH\CodeIgniter.php(366): CodeIgniter\CodeIgniter->handleRequest(null, Object(Config\Cache), false)
 9 FCPATH\index.php(67): CodeIgniter\CodeIgniter->run()
10 SYSTEMPATH\Commands\Server\rewrite.php(47): require_once('C:\\xampp\\htdocs\\CodeIgniter\\Binawasa\\public\\index.php')
INFO - 2024-04-01 15:49:41 --> Session: Class initialized using 'CodeIgniter\Session\Handlers\FileHandler' driver.
INFO - 2024-04-01 15:56:04 --> Session: Class initialized using 'CodeIgniter\Session\Handlers\FileHandler' driver.
INFO - 2024-04-01 15:58:06 --> Session: Class initialized using 'CodeIgniter\Session\Handlers\FileHandler' driver.
INFO - 2024-04-01 15:59:19 --> Session: Class initialized using 'CodeIgniter\Session\Handlers\FileHandler' driver.
INFO - 2024-04-01 16:00:09 --> Session: Class initialized using 'CodeIgniter\Session\Handlers\FileHandler' driver.
INFO - 2024-04-01 16:06:27 --> Session: Class initialized using 'CodeIgniter\Session\Handlers\FileHandler' driver.
INFO - 2024-04-01 16:06:29 --> Session: Class initialized using 'CodeIgniter\Session\Handlers\FileHandler' driver.
INFO - 2024-04-01 16:06:33 --> Session: Class initialized using 'CodeIgniter\Session\Handlers\FileHandler' driver.
CRITICAL - 2024-04-01 16:06:33 --> Undefined array key "tingkatan"
in APPPATH\Views\admin_jatiasih\editData_pelatih.php on line 77.
 1 APPPATH\Views\admin_jatiasih\editData_pelatih.php(77): CodeIgniter\Debug\Exceptions->errorHandler(2, 'Undefined array key "tingkatan"', 'C:\\xampp\\htdocs\\CodeIgniter\\Binawasa\\app\\Views\\admin_jatiasih\\editData_pelatih.php', 77)
 2 SYSTEMPATH\View\View.php(224): include('C:\\xampp\\htdocs\\CodeIgniter\\Binawasa\\app\\Views\\admin_jatiasih\\editData_pelatih.php')
 3 SYSTEMPATH\View\View.php(227): CodeIgniter\View\View->CodeIgniter\View\{closure}()
 4 SYSTEMPATH\Common.php(1180): CodeIgniter\View\View->render('Admin_jatiasih/editData_pelatih', [], true)
 5 APPPATH\Controllers\Admin_jatiasih.php(628): view('Admin_jatiasih/editData_pelatih', [...])
 6 SYSTEMPATH\CodeIgniter.php(932): App\Controllers\Admin_jatiasih->editData_pelatih('20')
 7 SYSTEMPATH\CodeIgniter.php(497): CodeIgniter\CodeIgniter->runController(Object(App\Controllers\Admin_jatiasih))
 8 SYSTEMPATH\CodeIgniter.php(366): CodeIgniter\CodeIgniter->handleRequest(null, Object(Config\Cache), false)
 9 FCPATH\index.php(67): CodeIgniter\CodeIgniter->run()
10 SYSTEMPATH\Commands\Server\rewrite.php(47): require_once('C:\\xampp\\htdocs\\CodeIgniter\\Binawasa\\public\\index.php')
INFO - 2024-04-01 16:08:48 --> Session: Class initialized using 'CodeIgniter\Session\Handlers\FileHandler' driver.
CRITICAL - 2024-04-01 16:08:48 --> Undefined array key "thn_lulus_kmd"
in APPPATH\Views\admin_jatiasih\editData_pelatih.php on line 136.
 1 APPPATH\Views\admin_jatiasih\editData_pelatih.php(136): CodeIgniter\Debug\Exceptions->errorHandler(2, 'Undefined array key "thn_lulus_kmd"', 'C:\\xampp\\htdocs\\CodeIgniter\\Binawasa\\app\\Views\\admin_jatiasih\\editData_pelatih.php', 136)
 2 SYSTEMPATH\View\View.php(224): include('C:\\xampp\\htdocs\\CodeIgniter\\Binawasa\\app\\Views\\admin_jatiasih\\editData_pelatih.php')
 3 SYSTEMPATH\View\View.php(227): CodeIgniter\View\View->CodeIgniter\View\{closure}()
 4 SYSTEMPATH\Common.php(1180): CodeIgniter\View\View->render('Admin_jatiasih/editData_pelatih', [], true)
 5 APPPATH\Controllers\Admin_jatiasih.php(628): view('Admin_jatiasih/editData_pelatih', [...])
 6 SYSTEMPATH\CodeIgniter.php(932): App\Controllers\Admin_jatiasih->editData_pelatih('20')
 7 SYSTEMPATH\CodeIgniter.php(497): CodeIgniter\CodeIgniter->runController(Object(App\Controllers\Admin_jatiasih))
 8 SYSTEMPATH\CodeIgniter.php(366): CodeIgniter\CodeIgniter->handleRequest(null, Object(Config\Cache), false)
 9 FCPATH\index.php(67): CodeIgniter\CodeIgniter->run()
10 SYSTEMPATH\Commands\Server\rewrite.php(47): require_once('C:\\xampp\\htdocs\\CodeIgniter\\Binawasa\\public\\index.php')
INFO - 2024-04-01 16:09:52 --> Session: Class initialized using 'CodeIgniter\Session\Handlers\FileHandler' driver.
INFO - 2024-04-01 16:09:58 --> Session: Class initialized using 'CodeIgniter\Session\Handlers\FileHandler' driver.
INFO - 2024-04-01 16:10:12 --> Session: Class initialized using 'CodeIgniter\Session\Handlers\FileHandler' driver.
CRITICAL - 2024-04-01 16:10:12 --> File not found: "ijazah/"
in SYSTEMPATH\Files\File.php on line 47.
 1 SYSTEMPATH\Files\File.php(47): CodeIgniter\Files\Exceptions\FileNotFoundException::forFileNotFound('ijazah/')
 2 SYSTEMPATH\HTTP\DownloadResponse.php(97): CodeIgniter\Files\File->__construct('ijazah/', true)
 3 SYSTEMPATH\HTTP\ResponseTrait.php(804): CodeIgniter\HTTP\DownloadResponse->setFilePath('ijazah/')
 4 APPPATH\Controllers\Admin_jatiasih.php(767): CodeIgniter\HTTP\Response->download('', null)
 5 SYSTEMPATH\CodeIgniter.php(932): App\Controllers\Admin_jatiasih->downloadData_pelatih('21')
 6 SYSTEMPATH\CodeIgniter.php(497): CodeIgniter\CodeIgniter->runController(Object(App\Controllers\Admin_jatiasih))
 7 SYSTEMPATH\CodeIgniter.php(366): CodeIgniter\CodeIgniter->handleRequest(null, Object(Config\Cache), false)
 8 FCPATH\index.php(67): CodeIgniter\CodeIgniter->run()
 9 SYSTEMPATH\Commands\Server\rewrite.php(47): require_once('C:\\xampp\\htdocs\\CodeIgniter\\Binawasa\\public\\index.php')
INFO - 2024-04-01 16:13:51 --> Session: Class initialized using 'CodeIgniter\Session\Handlers\FileHandler' driver.
CRITICAL - 2024-04-01 16:13:51 --> File not found: "ijazah/"
in SYSTEMPATH\Files\File.php on line 47.
 1 SYSTEMPATH\Files\File.php(47): CodeIgniter\Files\Exceptions\FileNotFoundException::forFileNotFound('ijazah/')
 2 SYSTEMPATH\HTTP\DownloadResponse.php(97): CodeIgniter\Files\File->__construct('ijazah/', true)
 3 SYSTEMPATH\HTTP\ResponseTrait.php(804): CodeIgniter\HTTP\DownloadResponse->setFilePath('ijazah/')
 4 APPPATH\Controllers\Admin_jatiasih.php(767): CodeIgniter\HTTP\Response->download('', null)
 5 SYSTEMPATH\CodeIgniter.php(932): App\Controllers\Admin_jatiasih->downloadData_pelatih('21')
 6 SYSTEMPATH\CodeIgniter.php(497): CodeIgniter\CodeIgniter->runController(Object(App\Controllers\Admin_jatiasih))
 7 SYSTEMPATH\CodeIgniter.php(366): CodeIgniter\CodeIgniter->handleRequest(null, Object(Config\Cache), false)
 8 FCPATH\index.php(67): CodeIgniter\CodeIgniter->run()
 9 SYSTEMPATH\Commands\Server\rewrite.php(47): require_once('C:\\xampp\\htdocs\\CodeIgniter\\Binawasa\\public\\index.php')
INFO - 2024-04-01 16:13:53 --> Session: Class initialized using 'CodeIgniter\Session\Handlers\FileHandler' driver.
INFO - 2024-04-01 16:13:55 --> Session: Class initialized using 'CodeIgniter\Session\Handlers\FileHandler' driver.
INFO - 2024-04-01 16:14:12 --> Session: Class initialized using 'CodeIgniter\Session\Handlers\FileHandler' driver.
INFO - 2024-04-01 16:16:36 --> Session: Class initialized using 'CodeIgniter\Session\Handlers\FileHandler' driver.
INFO - 2024-04-01 16:16:36 --> Session: Class initialized using 'CodeIgniter\Session\Handlers\FileHandler' driver.
INFO - 2024-04-01 16:16:47 --> Session: Class initialized using 'CodeIgniter\Session\Handlers\FileHandler' driver.
INFO - 2024-04-01 16:17:00 --> Session: Class initialized using 'CodeIgniter\Session\Handlers\FileHandler' driver.
INFO - 2024-04-01 16:17:03 --> Session: Class initialized using 'CodeIgniter\Session\Handlers\FileHandler' driver.
INFO - 2024-04-01 16:18:18 --> Session: Class initialized using 'CodeIgniter\Session\Handlers\FileHandler' driver.
INFO - 2024-04-01 16:18:21 --> Session: Class initialized using 'CodeIgniter\Session\Handlers\FileHandler' driver.
INFO - 2024-04-01 16:19:46 --> Session: Class initialized using 'CodeIgniter\Session\Handlers\FileHandler' driver.
CRITICAL - 2024-04-01 16:19:46 --> Undefined array key "thn_lulus_kmd"
in APPPATH\Views\admin_jatiasih\detailData_pelatih.php on line 88.
 1 APPPATH\Views\admin_jatiasih\detailData_pelatih.php(88): CodeIgniter\Debug\Exceptions->errorHandler(2, 'Undefined array key "thn_lulus_kmd"', 'C:\\xampp\\htdocs\\CodeIgniter\\Binawasa\\app\\Views\\admin_jatiasih\\detailData_pelatih.php', 88)
 2 SYSTEMPATH\View\View.php(224): include('C:\\xampp\\htdocs\\CodeIgniter\\Binawasa\\app\\Views\\admin_jatiasih\\detailData_pelatih.php')
 3 SYSTEMPATH\View\View.php(227): CodeIgniter\View\View->CodeIgniter\View\{closure}()
 4 SYSTEMPATH\Common.php(1180): CodeIgniter\View\View->render('/Admin_jatiasih/detailData_pelatih', [], true)
 5 APPPATH\Controllers\Admin_jatiasih.php(775): view('/Admin_jatiasih/detailData_pelatih', [...])
 6 SYSTEMPATH\CodeIgniter.php(932): App\Controllers\Admin_jatiasih->detailData_pelatih('24')
 7 SYSTEMPATH\CodeIgniter.php(497): CodeIgniter\CodeIgniter->runController(Object(App\Controllers\Admin_jatiasih))
 8 SYSTEMPATH\CodeIgniter.php(366): CodeIgniter\CodeIgniter->handleRequest(null, Object(Config\Cache), false)
 9 FCPATH\index.php(67): CodeIgniter\CodeIgniter->run()
10 SYSTEMPATH\Commands\Server\rewrite.php(47): require_once('C:\\xampp\\htdocs\\CodeIgniter\\Binawasa\\public\\index.php')
INFO - 2024-04-01 16:20:49 --> Session: Class initialized using 'CodeIgniter\Session\Handlers\FileHandler' driver.
INFO - 2024-04-01 16:21:43 --> Session: Class initialized using 'CodeIgniter\Session\Handlers\FileHandler' driver.
INFO - 2024-04-01 16:21:48 --> Session: Class initialized using 'CodeIgniter\Session\Handlers\FileHandler' driver.
INFO - 2024-04-01 16:22:07 --> Session: Class initialized using 'CodeIgniter\Session\Handlers\FileHandler' driver.
CRITICAL - 2024-04-01 16:22:07 --> Undefined array key "thn_lulus_kmd"
in APPPATH\Views\admin_jatiasih\excelData_pelatih.php on line 46.
 1 APPPATH\Views\admin_jatiasih\excelData_pelatih.php(46): CodeIgniter\Debug\Exceptions->errorHandler(2, 'Undefined array key "thn_lulus_kmd"', 'C:\\xampp\\htdocs\\CodeIgniter\\Binawasa\\app\\Views\\admin_jatiasih\\excelData_pelatih.php', 46)
 2 SYSTEMPATH\View\View.php(224): include('C:\\xampp\\htdocs\\CodeIgniter\\Binawasa\\app\\Views\\admin_jatiasih\\excelData_pelatih.php')
 3 SYSTEMPATH\View\View.php(227): CodeIgniter\View\View->CodeIgniter\View\{closure}()
 4 SYSTEMPATH\Common.php(1180): CodeIgniter\View\View->render('Admin_jatiasih/excelData_pelatih', [], true)
 5 APPPATH\Controllers\Admin_jatiasih.php(791): view('Admin_jatiasih/excelData_pelatih', [...])
 6 SYSTEMPATH\CodeIgniter.php(932): App\Controllers\Admin_jatiasih->excelData_pelatih()
 7 SYSTEMPATH\CodeIgniter.php(497): CodeIgniter\CodeIgniter->runController(Object(App\Controllers\Admin_jatiasih))
 8 SYSTEMPATH\CodeIgniter.php(366): CodeIgniter\CodeIgniter->handleRequest(null, Object(Config\Cache), false)
 9 FCPATH\index.php(67): CodeIgniter\CodeIgniter->run()
10 SYSTEMPATH\Commands\Server\rewrite.php(47): require_once('C:\\xampp\\htdocs\\CodeIgniter\\Binawasa\\public\\index.php')
INFO - 2024-04-01 16:22:59 --> Session: Class initialized using 'CodeIgniter\Session\Handlers\FileHandler' driver.
INFO - 2024-04-01 16:23:02 --> Session: Class initialized using 'CodeIgniter\Session\Handlers\FileHandler' driver.
INFO - 2024-04-01 16:23:56 --> Session: Class initialized using 'CodeIgniter\Session\Handlers\FileHandler' driver.
CRITICAL - 2024-04-01 16:23:56 --> File not found: "ijazah/"
in SYSTEMPATH\Files\File.php on line 47.
 1 SYSTEMPATH\Files\File.php(47): CodeIgniter\Files\Exceptions\FileNotFoundException::forFileNotFound('ijazah/')
 2 SYSTEMPATH\HTTP\DownloadResponse.php(97): CodeIgniter\Files\File->__construct('ijazah/', true)
 3 SYSTEMPATH\HTTP\ResponseTrait.php(804): CodeIgniter\HTTP\DownloadResponse->setFilePath('ijazah/')
 4 APPPATH\Controllers\Admin_jatiasih.php(781): CodeIgniter\HTTP\Response->download('', null)
 5 SYSTEMPATH\CodeIgniter.php(932): App\Controllers\Admin_jatiasih->downloadData_pelatih('20')
 6 SYSTEMPATH\CodeIgniter.php(497): CodeIgniter\CodeIgniter->runController(Object(App\Controllers\Admin_jatiasih))
 7 SYSTEMPATH\CodeIgniter.php(366): CodeIgniter\CodeIgniter->handleRequest(null, Object(Config\Cache), false)
 8 FCPATH\index.php(67): CodeIgniter\CodeIgniter->run()
 9 SYSTEMPATH\Commands\Server\rewrite.php(47): require_once('C:\\xampp\\htdocs\\CodeIgniter\\Binawasa\\public\\index.php')
INFO - 2024-04-01 16:24:02 --> Session: Class initialized using 'CodeIgniter\Session\Handlers\FileHandler' driver.
INFO - 2024-04-01 16:24:08 --> Session: Class initialized using 'CodeIgniter\Session\Handlers\FileHandler' driver.
INFO - 2024-04-01 16:24:13 --> Session: Class initialized using 'CodeIgniter\Session\Handlers\FileHandler' driver.
INFO - 2024-04-01 16:24:34 --> Session: Class initialized using 'CodeIgniter\Session\Handlers\FileHandler' driver.
INFO - 2024-04-01 16:24:35 --> Session: Class initialized using 'CodeIgniter\Session\Handlers\FileHandler' driver.
CRITICAL - 2024-04-01 16:24:35 --> Array to string conversion
in APPPATH\Views\layout\template.php on line 702.
 1 APPPATH\Views\layout\template.php(702): CodeIgniter\Debug\Exceptions->errorHandler(2, 'Array to string conversion', 'C:\\xampp\\htdocs\\CodeIgniter\\Binawasa\\app\\Views\\layout\\template.php', 702)
 2 SYSTEMPATH\View\View.php(224): include('C:\\xampp\\htdocs\\CodeIgniter\\Binawasa\\app\\Views\\layout\\template.php')
 3 SYSTEMPATH\View\View.php(227): CodeIgniter\View\View->CodeIgniter\View\{closure}()
 4 SYSTEMPATH\View\View.php(240): CodeIgniter\View\View->render('layout/template', [], true)
 5 SYSTEMPATH\Common.php(1180): CodeIgniter\View\View->render('Admin_jatiasih/editData_pelatih', [], true)
 6 APPPATH\Controllers\Admin_jatiasih.php(628): view('Admin_jatiasih/editData_pelatih', [...])
 7 SYSTEMPATH\CodeIgniter.php(932): App\Controllers\Admin_jatiasih->editData_pelatih('24')
 8 SYSTEMPATH\CodeIgniter.php(497): CodeIgniter\CodeIgniter->runController(Object(App\Controllers\Admin_jatiasih))
 9 SYSTEMPATH\CodeIgniter.php(366): CodeIgniter\CodeIgniter->handleRequest(null, Object(Config\Cache), false)
10 FCPATH\index.php(67): CodeIgniter\CodeIgniter->run()
11 SYSTEMPATH\Commands\Server\rewrite.php(47): require_once('C:\\xampp\\htdocs\\CodeIgniter\\Binawasa\\public\\index.php')
INFO - 2024-04-01 16:25:02 --> Session: Class initialized using 'CodeIgniter\Session\Handlers\FileHandler' driver.
INFO - 2024-04-01 16:26:20 --> Session: Class initialized using 'CodeIgniter\Session\Handlers\FileHandler' driver.
INFO - 2024-04-01 16:26:20 --> Session: Class initialized using 'CodeIgniter\Session\Handlers\FileHandler' driver.
INFO - 2024-04-01 16:26:53 --> Session: Class initialized using 'CodeIgniter\Session\Handlers\FileHandler' driver.
INFO - 2024-04-01 16:27:34 --> Session: Class initialized using 'CodeIgniter\Session\Handlers\FileHandler' driver.
INFO - 2024-04-01 16:27:52 --> Session: Class initialized using 'CodeIgniter\Session\Handlers\FileHandler' driver.
INFO - 2024-04-01 16:27:52 --> Session: Class initialized using 'CodeIgniter\Session\Handlers\FileHandler' driver.
INFO - 2024-04-01 16:28:02 --> Session: Class initialized using 'CodeIgniter\Session\Handlers\FileHandler' driver.
INFO - 2024-04-01 16:28:02 --> Session: Class initialized using 'CodeIgniter\Session\Handlers\FileHandler' driver.
INFO - 2024-04-01 16:28:10 --> Session: Class initialized using 'CodeIgniter\Session\Handlers\FileHandler' driver.
INFO - 2024-04-01 16:28:10 --> Session: Class initialized using 'CodeIgniter\Session\Handlers\FileHandler' driver.
INFO - 2024-04-01 17:56:24 --> Session: Class initialized using 'CodeIgniter\Session\Handlers\FileHandler' driver.
INFO - 2024-04-01 17:56:25 --> Session: Class initialized using 'CodeIgniter\Session\Handlers\FileHandler' driver.
