INFO - 2024-03-06 13:23:45 --> Session: Class initialized using 'CodeIgniter\Session\Handlers\FileHandler' driver.
INFO - 2024-03-06 13:23:49 --> Session: Class initialized using 'CodeIgniter\Session\Handlers\FileHandler' driver.
INFO - 2024-03-06 13:24:16 --> Session: Class initialized using 'CodeIgniter\Session\Handlers\FileHandler' driver.
INFO - 2024-03-06 13:24:16 --> Session: Class initialized using 'CodeIgniter\Session\Handlers\FileHandler' driver.
INFO - 2024-03-06 13:24:22 --> Session: Class initialized using 'CodeIgniter\Session\Handlers\FileHandler' driver.
INFO - 2024-03-06 13:24:27 --> Session: Class initialized using 'CodeIgniter\Session\Handlers\FileHandler' driver.
INFO - 2024-03-06 13:24:32 --> Session: Class initialized using 'CodeIgniter\Session\Handlers\FileHandler' driver.
INFO - 2024-03-06 13:24:33 --> Session: Class initialized using 'CodeIgniter\Session\Handlers\FileHandler' driver.
INFO - 2024-03-06 13:24:36 --> Session: Class initialized using 'CodeIgniter\Session\Handlers\FileHandler' driver.
INFO - 2024-03-06 13:24:49 --> Session: Class initialized using 'CodeIgniter\Session\Handlers\FileHandler' driver.
INFO - 2024-03-06 13:24:58 --> Session: Class initialized using 'CodeIgniter\Session\Handlers\FileHandler' driver.
INFO - 2024-03-06 13:24:58 --> Session: Class initialized using 'CodeIgniter\Session\Handlers\FileHandler' driver.
INFO - 2024-03-06 13:25:17 --> Session: Class initialized using 'CodeIgniter\Session\Handlers\FileHandler' driver.
INFO - 2024-03-06 13:25:17 --> Session: Class initialized using 'CodeIgniter\Session\Handlers\FileHandler' driver.
INFO - 2024-03-06 13:25:22 --> Session: Class initialized using 'CodeIgniter\Session\Handlers\FileHandler' driver.
INFO - 2024-03-06 13:25:25 --> Session: Class initialized using 'CodeIgniter\Session\Handlers\FileHandler' driver.
INFO - 2024-03-06 13:25:28 --> Session: Class initialized using 'CodeIgniter\Session\Handlers\FileHandler' driver.
INFO - 2024-03-06 13:25:31 --> Session: Class initialized using 'CodeIgniter\Session\Handlers\FileHandler' driver.
INFO - 2024-03-06 13:48:41 --> Session: Class initialized using 'CodeIgniter\Session\Handlers\FileHandler' driver.
INFO - 2024-03-06 13:48:43 --> Session: Class initialized using 'CodeIgniter\Session\Handlers\FileHandler' driver.
INFO - 2024-03-06 13:48:43 --> Session: Class initialized using 'CodeIgniter\Session\Handlers\FileHandler' driver.
INFO - 2024-03-06 13:50:42 --> Session: Class initialized using 'CodeIgniter\Session\Handlers\FileHandler' driver.
INFO - 2024-03-06 13:50:44 --> Session: Class initialized using 'CodeIgniter\Session\Handlers\FileHandler' driver.
INFO - 2024-03-06 13:50:44 --> Session: Class initialized using 'CodeIgniter\Session\Handlers\FileHandler' driver.
INFO - 2024-03-06 13:51:14 --> Session: Class initialized using 'CodeIgniter\Session\Handlers\FileHandler' driver.
INFO - 2024-03-06 13:51:17 --> Session: Class initialized using 'CodeIgniter\Session\Handlers\FileHandler' driver.
INFO - 2024-03-06 13:51:17 --> Session: Class initialized using 'CodeIgniter\Session\Handlers\FileHandler' driver.
INFO - 2024-03-06 13:51:28 --> Session: Class initialized using 'CodeIgniter\Session\Handlers\FileHandler' driver.
INFO - 2024-03-06 13:52:19 --> Session: Class initialized using 'CodeIgniter\Session\Handlers\FileHandler' driver.
CRITICAL - 2024-03-06 13:52:19 --> Call to undefined method App\Models\ModelPembina_pondokmelati::insertData_pembina
in SYSTEMPATH\Model.php on line 838.
 1 APPPATH\Controllers\Admin_pondokmelati.php(117): CodeIgniter\Model->__call('insertData_pembina', [...])
 2 SYSTEMPATH\CodeIgniter.php(932): App\Controllers\admin_pondokmelati->insertData_pembina()
 3 SYSTEMPATH\CodeIgniter.php(497): CodeIgniter\CodeIgniter->runController(Object(App\Controllers\admin_pondokmelati))
 4 SYSTEMPATH\CodeIgniter.php(366): CodeIgniter\CodeIgniter->handleRequest(null, Object(Config\Cache), false)
 5 FCPATH\index.php(67): CodeIgniter\CodeIgniter->run()
 6 SYSTEMPATH\Commands\Server\rewrite.php(47): require_once('C:\\xampp\\htdocs\\CodeIgniter\\Binawasa\\public\\index.php')
INFO - 2024-03-06 13:52:28 --> Session: Class initialized using 'CodeIgniter\Session\Handlers\FileHandler' driver.
INFO - 2024-03-06 13:53:19 --> Session: Class initialized using 'CodeIgniter\Session\Handlers\FileHandler' driver.
INFO - 2024-03-06 13:53:57 --> Session: Class initialized using 'CodeIgniter\Session\Handlers\FileHandler' driver.
INFO - 2024-03-06 13:53:57 --> Session: Class initialized using 'CodeIgniter\Session\Handlers\FileHandler' driver.
INFO - 2024-03-06 13:55:07 --> Session: Class initialized using 'CodeIgniter\Session\Handlers\FileHandler' driver.
INFO - 2024-03-06 13:55:10 --> Session: Class initialized using 'CodeIgniter\Session\Handlers\FileHandler' driver.
INFO - 2024-03-06 13:55:49 --> Session: Class initialized using 'CodeIgniter\Session\Handlers\FileHandler' driver.
INFO - 2024-03-06 13:56:11 --> Session: Class initialized using 'CodeIgniter\Session\Handlers\FileHandler' driver.
INFO - 2024-03-06 13:56:30 --> Session: Class initialized using 'CodeIgniter\Session\Handlers\FileHandler' driver.
INFO - 2024-03-06 13:56:43 --> Session: Class initialized using 'CodeIgniter\Session\Handlers\FileHandler' driver.
INFO - 2024-03-06 13:56:48 --> Session: Class initialized using 'CodeIgniter\Session\Handlers\FileHandler' driver.
INFO - 2024-03-06 13:57:36 --> Session: Class initialized using 'CodeIgniter\Session\Handlers\FileHandler' driver.
INFO - 2024-03-06 13:57:36 --> Session: Class initialized using 'CodeIgniter\Session\Handlers\FileHandler' driver.
INFO - 2024-03-06 14:02:56 --> Session: Class initialized using 'CodeIgniter\Session\Handlers\FileHandler' driver.
INFO - 2024-03-06 14:02:59 --> Session: Class initialized using 'CodeIgniter\Session\Handlers\FileHandler' driver.
CRITICAL - 2024-03-06 14:02:59 --> Undefined variable $pondokmelati
in APPPATH\Views\admin_pondokmelati\editData_pembina.php on line 10.
 1 APPPATH\Views\admin_pondokmelati\editData_pembina.php(10): CodeIgniter\Debug\Exceptions->errorHandler(2, 'Undefined variable $pondokmelati', 'C:\\xampp\\htdocs\\CodeIgniter\\Binawasa\\app\\Views\\admin_pondokmelati\\editData_pembina.php', 10)
 2 SYSTEMPATH\View\View.php(224): include('C:\\xampp\\htdocs\\CodeIgniter\\Binawasa\\app\\Views\\admin_pondokmelati\\editData_pembina.php')
 3 SYSTEMPATH\View\View.php(227): CodeIgniter\View\View->CodeIgniter\View\{closure}()
 4 SYSTEMPATH\Common.php(1180): CodeIgniter\View\View->render('Admin_pondokmelati/editData_pembina', [], true)
 5 APPPATH\Controllers\Admin_pondokmelati.php(138): view('Admin_pondokmelati/editData_pembina', [...])
 6 SYSTEMPATH\CodeIgniter.php(932): App\Controllers\admin_pondokmelati->editData_pembina('3')
 7 SYSTEMPATH\CodeIgniter.php(497): CodeIgniter\CodeIgniter->runController(Object(App\Controllers\admin_pondokmelati))
 8 SYSTEMPATH\CodeIgniter.php(366): CodeIgniter\CodeIgniter->handleRequest(null, Object(Config\Cache), false)
 9 FCPATH\index.php(67): CodeIgniter\CodeIgniter->run()
10 SYSTEMPATH\Commands\Server\rewrite.php(47): require_once('C:\\xampp\\htdocs\\CodeIgniter\\Binawasa\\public\\index.php')
INFO - 2024-03-06 14:06:53 --> Session: Class initialized using 'CodeIgniter\Session\Handlers\FileHandler' driver.
INFO - 2024-03-06 14:11:03 --> Session: Class initialized using 'CodeIgniter\Session\Handlers\FileHandler' driver.
INFO - 2024-03-06 14:11:27 --> Session: Class initialized using 'CodeIgniter\Session\Handlers\FileHandler' driver.
INFO - 2024-03-06 14:12:42 --> Session: Class initialized using 'CodeIgniter\Session\Handlers\FileHandler' driver.
INFO - 2024-03-06 14:14:39 --> Session: Class initialized using 'CodeIgniter\Session\Handlers\FileHandler' driver.
INFO - 2024-03-06 14:18:09 --> Session: Class initialized using 'CodeIgniter\Session\Handlers\FileHandler' driver.
INFO - 2024-03-06 14:18:10 --> Session: Class initialized using 'CodeIgniter\Session\Handlers\FileHandler' driver.
INFO - 2024-03-06 14:19:15 --> Session: Class initialized using 'CodeIgniter\Session\Handlers\FileHandler' driver.
INFO - 2024-03-06 14:19:36 --> Session: Class initialized using 'CodeIgniter\Session\Handlers\FileHandler' driver.
INFO - 2024-03-06 14:21:09 --> Session: Class initialized using 'CodeIgniter\Session\Handlers\FileHandler' driver.
INFO - 2024-03-06 14:21:16 --> Session: Class initialized using 'CodeIgniter\Session\Handlers\FileHandler' driver.
INFO - 2024-03-06 14:21:23 --> Session: Class initialized using 'CodeIgniter\Session\Handlers\FileHandler' driver.
INFO - 2024-03-06 14:21:32 --> Session: Class initialized using 'CodeIgniter\Session\Handlers\FileHandler' driver.
CRITICAL - 2024-03-06 14:21:32 --> Call to undefined method CodeIgniter\Database\MySQLi\Builder::wher()
in APPPATH\Models\ModelPembina_pondokmelati.php on line 36.
 1 APPPATH\Controllers\Admin_pondokmelati.php(199): App\Models\ModelPembina_pondokmelati->ubahData_pembina('3', [...])
 2 SYSTEMPATH\CodeIgniter.php(932): App\Controllers\admin_pondokmelati->ubahData_pembina('3')
 3 SYSTEMPATH\CodeIgniter.php(497): CodeIgniter\CodeIgniter->runController(Object(App\Controllers\admin_pondokmelati))
 4 SYSTEMPATH\CodeIgniter.php(366): CodeIgniter\CodeIgniter->handleRequest(null, Object(Config\Cache), false)
 5 FCPATH\index.php(67): CodeIgniter\CodeIgniter->run()
 6 SYSTEMPATH\Commands\Server\rewrite.php(47): require_once('C:\\xampp\\htdocs\\CodeIgniter\\Binawasa\\public\\index.php')
INFO - 2024-03-06 14:22:02 --> Session: Class initialized using 'CodeIgniter\Session\Handlers\FileHandler' driver.
INFO - 2024-03-06 14:22:03 --> Session: Class initialized using 'CodeIgniter\Session\Handlers\FileHandler' driver.
INFO - 2024-03-06 14:22:10 --> Session: Class initialized using 'CodeIgniter\Session\Handlers\FileHandler' driver.
INFO - 2024-03-06 14:22:22 --> Session: Class initialized using 'CodeIgniter\Session\Handlers\FileHandler' driver.
INFO - 2024-03-06 14:22:22 --> Session: Class initialized using 'CodeIgniter\Session\Handlers\FileHandler' driver.
INFO - 2024-03-06 14:25:16 --> Session: Class initialized using 'CodeIgniter\Session\Handlers\FileHandler' driver.
INFO - 2024-03-06 14:25:41 --> Session: Class initialized using 'CodeIgniter\Session\Handlers\FileHandler' driver.
INFO - 2024-03-06 14:26:02 --> Session: Class initialized using 'CodeIgniter\Session\Handlers\FileHandler' driver.
INFO - 2024-03-06 14:27:32 --> Session: Class initialized using 'CodeIgniter\Session\Handlers\FileHandler' driver.
INFO - 2024-03-06 14:29:49 --> Session: Class initialized using 'CodeIgniter\Session\Handlers\FileHandler' driver.
INFO - 2024-03-06 14:35:22 --> Session: Class initialized using 'CodeIgniter\Session\Handlers\FileHandler' driver.
INFO - 2024-03-06 14:36:50 --> Session: Class initialized using 'CodeIgniter\Session\Handlers\FileHandler' driver.
INFO - 2024-03-06 14:36:54 --> Session: Class initialized using 'CodeIgniter\Session\Handlers\FileHandler' driver.
CRITICAL - 2024-03-06 14:36:54 --> Call to a member function deleteData_pembina() on null
in APPPATH\Controllers\Admin_pondokmelati.php on line 219.
 1 SYSTEMPATH\CodeIgniter.php(932): App\Controllers\admin_pondokmelati->deleteData_pembina('3')
 2 SYSTEMPATH\CodeIgniter.php(497): CodeIgniter\CodeIgniter->runController(Object(App\Controllers\admin_pondokmelati))
 3 SYSTEMPATH\CodeIgniter.php(366): CodeIgniter\CodeIgniter->handleRequest(null, Object(Config\Cache), false)
 4 FCPATH\index.php(67): CodeIgniter\CodeIgniter->run()
 5 SYSTEMPATH\Commands\Server\rewrite.php(47): require_once('C:\\xampp\\htdocs\\CodeIgniter\\Binawasa\\public\\index.php')
INFO - 2024-03-06 14:37:48 --> Session: Class initialized using 'CodeIgniter\Session\Handlers\FileHandler' driver.
CRITICAL - 2024-03-06 14:37:48 --> unlink(image/coffe.jpg): No such file or directory
in APPPATH\Controllers\Admin_pondokmelati.php on line 213.
 1 [internal function]: CodeIgniter\Debug\Exceptions->errorHandler(2, 'unlink(image/coffe.jpg): No such file or directory', 'C:\\xampp\\htdocs\\CodeIgniter\\Binawasa\\app\\Controllers\\Admin_pondokmelati.php', 213)
 2 APPPATH\Controllers\Admin_pondokmelati.php(213): unlink('image/coffe.jpg')
 3 SYSTEMPATH\CodeIgniter.php(932): App\Controllers\admin_pondokmelati->deleteData_pembina('3')
 4 SYSTEMPATH\CodeIgniter.php(497): CodeIgniter\CodeIgniter->runController(Object(App\Controllers\admin_pondokmelati))
 5 SYSTEMPATH\CodeIgniter.php(366): CodeIgniter\CodeIgniter->handleRequest(null, Object(Config\Cache), false)
 6 FCPATH\index.php(67): CodeIgniter\CodeIgniter->run()
 7 SYSTEMPATH\Commands\Server\rewrite.php(47): require_once('C:\\xampp\\htdocs\\CodeIgniter\\Binawasa\\public\\index.php')
INFO - 2024-03-06 14:37:52 --> Session: Class initialized using 'CodeIgniter\Session\Handlers\FileHandler' driver.
INFO - 2024-03-06 14:37:54 --> Session: Class initialized using 'CodeIgniter\Session\Handlers\FileHandler' driver.
INFO - 2024-03-06 14:37:55 --> Session: Class initialized using 'CodeIgniter\Session\Handlers\FileHandler' driver.
INFO - 2024-03-06 14:39:09 --> Session: Class initialized using 'CodeIgniter\Session\Handlers\FileHandler' driver.
INFO - 2024-03-06 14:39:11 --> Session: Class initialized using 'CodeIgniter\Session\Handlers\FileHandler' driver.
INFO - 2024-03-06 14:39:30 --> Session: Class initialized using 'CodeIgniter\Session\Handlers\FileHandler' driver.
CRITICAL - 2024-03-06 14:39:30 --> Call to a member function deleteData_pembina() on null
in APPPATH\Controllers\Admin_pondokmelati.php on line 219.
 1 SYSTEMPATH\CodeIgniter.php(932): App\Controllers\admin_pondokmelati->deleteData_pembina('4')
 2 SYSTEMPATH\CodeIgniter.php(497): CodeIgniter\CodeIgniter->runController(Object(App\Controllers\admin_pondokmelati))
 3 SYSTEMPATH\CodeIgniter.php(366): CodeIgniter\CodeIgniter->handleRequest(null, Object(Config\Cache), false)
 4 FCPATH\index.php(67): CodeIgniter\CodeIgniter->run()
 5 SYSTEMPATH\Commands\Server\rewrite.php(47): require_once('C:\\xampp\\htdocs\\CodeIgniter\\Binawasa\\public\\index.php')
INFO - 2024-03-06 14:40:54 --> Session: Class initialized using 'CodeIgniter\Session\Handlers\FileHandler' driver.
CRITICAL - 2024-03-06 14:40:55 --> unlink(image/p-6.jpg): No such file or directory
in APPPATH\Controllers\Admin_pondokmelati.php on line 213.
 1 [internal function]: CodeIgniter\Debug\Exceptions->errorHandler(2, 'unlink(image/p-6.jpg): No such file or directory', 'C:\\xampp\\htdocs\\CodeIgniter\\Binawasa\\app\\Controllers\\Admin_pondokmelati.php', 213)
 2 APPPATH\Controllers\Admin_pondokmelati.php(213): unlink('image/p-6.jpg')
 3 SYSTEMPATH\CodeIgniter.php(932): App\Controllers\admin_pondokmelati->deleteData_pembina('4')
 4 SYSTEMPATH\CodeIgniter.php(497): CodeIgniter\CodeIgniter->runController(Object(App\Controllers\admin_pondokmelati))
 5 SYSTEMPATH\CodeIgniter.php(366): CodeIgniter\CodeIgniter->handleRequest(null, Object(Config\Cache), false)
 6 FCPATH\index.php(67): CodeIgniter\CodeIgniter->run()
 7 SYSTEMPATH\Commands\Server\rewrite.php(47): require_once('C:\\xampp\\htdocs\\CodeIgniter\\Binawasa\\public\\index.php')
INFO - 2024-03-06 14:41:11 --> Session: Class initialized using 'CodeIgniter\Session\Handlers\FileHandler' driver.
CRITICAL - 2024-03-06 14:41:11 --> Trying to access array offset on value of type null
in APPPATH\Controllers\Admin_pondokmelati.php on line 213.
 1 APPPATH\Controllers\Admin_pondokmelati.php(213): CodeIgniter\Debug\Exceptions->errorHandler(2, 'Trying to access array offset on value of type null', 'C:\\xampp\\htdocs\\CodeIgniter\\Binawasa\\app\\Controllers\\Admin_pondokmelati.php', 213)
 2 SYSTEMPATH\CodeIgniter.php(932): App\Controllers\admin_pondokmelati->deleteData_pembina('4')
 3 SYSTEMPATH\CodeIgniter.php(497): CodeIgniter\CodeIgniter->runController(Object(App\Controllers\admin_pondokmelati))
 4 SYSTEMPATH\CodeIgniter.php(366): CodeIgniter\CodeIgniter->handleRequest(null, Object(Config\Cache), false)
 5 FCPATH\index.php(67): CodeIgniter\CodeIgniter->run()
 6 SYSTEMPATH\Commands\Server\rewrite.php(47): require_once('C:\\xampp\\htdocs\\CodeIgniter\\Binawasa\\public\\index.php')
INFO - 2024-03-06 14:41:15 --> Session: Class initialized using 'CodeIgniter\Session\Handlers\FileHandler' driver.
INFO - 2024-03-06 14:41:17 --> Session: Class initialized using 'CodeIgniter\Session\Handlers\FileHandler' driver.
INFO - 2024-03-06 14:42:18 --> Session: Class initialized using 'CodeIgniter\Session\Handlers\FileHandler' driver.
INFO - 2024-03-06 14:42:18 --> Session: Class initialized using 'CodeIgniter\Session\Handlers\FileHandler' driver.
INFO - 2024-03-06 14:43:00 --> Session: Class initialized using 'CodeIgniter\Session\Handlers\FileHandler' driver.
INFO - 2024-03-06 14:43:00 --> Session: Class initialized using 'CodeIgniter\Session\Handlers\FileHandler' driver.
INFO - 2024-03-06 14:43:05 --> Session: Class initialized using 'CodeIgniter\Session\Handlers\FileHandler' driver.
INFO - 2024-03-06 14:52:00 --> Session: Class initialized using 'CodeIgniter\Session\Handlers\FileHandler' driver.
INFO - 2024-03-06 14:55:15 --> Session: Class initialized using 'CodeIgniter\Session\Handlers\FileHandler' driver.
INFO - 2024-03-06 14:58:54 --> Session: Class initialized using 'CodeIgniter\Session\Handlers\FileHandler' driver.
INFO - 2024-03-06 14:58:55 --> Session: Class initialized using 'CodeIgniter\Session\Handlers\FileHandler' driver.
INFO - 2024-03-06 14:58:56 --> Session: Class initialized using 'CodeIgniter\Session\Handlers\FileHandler' driver.
INFO - 2024-03-06 14:58:57 --> Session: Class initialized using 'CodeIgniter\Session\Handlers\FileHandler' driver.
INFO - 2024-03-06 14:59:00 --> Session: Class initialized using 'CodeIgniter\Session\Handlers\FileHandler' driver.
CRITICAL - 2024-03-06 14:59:00 --> Undefined variable $pondokmelati
in APPPATH\Views\admin_pondokmelati\pelatih_pondok_melati.php on line 28.
 1 APPPATH\Views\admin_pondokmelati\pelatih_pondok_melati.php(28): CodeIgniter\Debug\Exceptions->errorHandler(2, 'Undefined variable $pondokmelati', 'C:\\xampp\\htdocs\\CodeIgniter\\Binawasa\\app\\Views\\admin_pondokmelati\\pelatih_pondok_melati.php', 28)
 2 SYSTEMPATH\View\View.php(224): include('C:\\xampp\\htdocs\\CodeIgniter\\Binawasa\\app\\Views\\admin_pondokmelati\\pelatih_pondok_melati.php')
 3 SYSTEMPATH\View\View.php(227): CodeIgniter\View\View->CodeIgniter\View\{closure}()
 4 SYSTEMPATH\Common.php(1180): CodeIgniter\View\View->render('Admin_pondokmelati/pelatih_pondok_melati', [], true)
 5 APPPATH\Controllers\Admin_pondokmelati.php(252): view('Admin_pondokmelati/pelatih_pondok_melati', [...])
 6 SYSTEMPATH\CodeIgniter.php(932): App\Controllers\admin_pondokmelati->tambahData_pelatih()
 7 SYSTEMPATH\CodeIgniter.php(497): CodeIgniter\CodeIgniter->runController(Object(App\Controllers\admin_pondokmelati))
 8 SYSTEMPATH\CodeIgniter.php(366): CodeIgniter\CodeIgniter->handleRequest(null, Object(Config\Cache), false)
 9 FCPATH\index.php(67): CodeIgniter\CodeIgniter->run()
10 SYSTEMPATH\Commands\Server\rewrite.php(47): require_once('C:\\xampp\\htdocs\\CodeIgniter\\Binawasa\\public\\index.php')
INFO - 2024-03-06 15:02:17 --> Session: Class initialized using 'CodeIgniter\Session\Handlers\FileHandler' driver.
CRITICAL - 2024-03-06 15:02:17 --> Undefined variable $pondokmelati
in APPPATH\Views\admin_pondokmelati\pelatih_pondok_melati.php on line 28.
 1 APPPATH\Views\admin_pondokmelati\pelatih_pondok_melati.php(28): CodeIgniter\Debug\Exceptions->errorHandler(2, 'Undefined variable $pondokmelati', 'C:\\xampp\\htdocs\\CodeIgniter\\Binawasa\\app\\Views\\admin_pondokmelati\\pelatih_pondok_melati.php', 28)
 2 SYSTEMPATH\View\View.php(224): include('C:\\xampp\\htdocs\\CodeIgniter\\Binawasa\\app\\Views\\admin_pondokmelati\\pelatih_pondok_melati.php')
 3 SYSTEMPATH\View\View.php(227): CodeIgniter\View\View->CodeIgniter\View\{closure}()
 4 SYSTEMPATH\Common.php(1180): CodeIgniter\View\View->render('Admin_pondokmelati/pelatih_pondok_melati', [], true)
 5 APPPATH\Controllers\Admin_pondokmelati.php(252): view('Admin_pondokmelati/pelatih_pondok_melati', [...])
 6 SYSTEMPATH\CodeIgniter.php(932): App\Controllers\admin_pondokmelati->tambahData_pelatih()
 7 SYSTEMPATH\CodeIgniter.php(497): CodeIgniter\CodeIgniter->runController(Object(App\Controllers\admin_pondokmelati))
 8 SYSTEMPATH\CodeIgniter.php(366): CodeIgniter\CodeIgniter->handleRequest(null, Object(Config\Cache), false)
 9 FCPATH\index.php(67): CodeIgniter\CodeIgniter->run()
10 SYSTEMPATH\Commands\Server\rewrite.php(47): require_once('C:\\xampp\\htdocs\\CodeIgniter\\Binawasa\\public\\index.php')
INFO - 2024-03-06 15:02:19 --> Session: Class initialized using 'CodeIgniter\Session\Handlers\FileHandler' driver.
CRITICAL - 2024-03-06 15:02:19 --> Undefined variable $pondokmelati
in APPPATH\Views\admin_pondokmelati\pelatih_pondok_melati.php on line 28.
 1 APPPATH\Views\admin_pondokmelati\pelatih_pondok_melati.php(28): CodeIgniter\Debug\Exceptions->errorHandler(2, 'Undefined variable $pondokmelati', 'C:\\xampp\\htdocs\\CodeIgniter\\Binawasa\\app\\Views\\admin_pondokmelati\\pelatih_pondok_melati.php', 28)
 2 SYSTEMPATH\View\View.php(224): include('C:\\xampp\\htdocs\\CodeIgniter\\Binawasa\\app\\Views\\admin_pondokmelati\\pelatih_pondok_melati.php')
 3 SYSTEMPATH\View\View.php(227): CodeIgniter\View\View->CodeIgniter\View\{closure}()
 4 SYSTEMPATH\Common.php(1180): CodeIgniter\View\View->render('Admin_pondokmelati/pelatih_pondok_melati', [], true)
 5 APPPATH\Controllers\Admin_pondokmelati.php(252): view('Admin_pondokmelati/pelatih_pondok_melati', [...])
 6 SYSTEMPATH\CodeIgniter.php(932): App\Controllers\admin_pondokmelati->tambahData_pelatih()
 7 SYSTEMPATH\CodeIgniter.php(497): CodeIgniter\CodeIgniter->runController(Object(App\Controllers\admin_pondokmelati))
 8 SYSTEMPATH\CodeIgniter.php(366): CodeIgniter\CodeIgniter->handleRequest(null, Object(Config\Cache), false)
 9 FCPATH\index.php(67): CodeIgniter\CodeIgniter->run()
10 SYSTEMPATH\Commands\Server\rewrite.php(47): require_once('C:\\xampp\\htdocs\\CodeIgniter\\Binawasa\\public\\index.php')
INFO - 2024-03-06 15:06:41 --> Session: Class initialized using 'CodeIgniter\Session\Handlers\FileHandler' driver.
INFO - 2024-03-06 15:06:43 --> Session: Class initialized using 'CodeIgniter\Session\Handlers\FileHandler' driver.
INFO - 2024-03-06 15:06:53 --> Session: Class initialized using 'CodeIgniter\Session\Handlers\FileHandler' driver.
CRITICAL - 2024-03-06 15:06:53 --> Undefined variable $pondokmelati
in APPPATH\Views\admin_pondokmelati\pelatih_pondok_melati.php on line 28.
 1 APPPATH\Views\admin_pondokmelati\pelatih_pondok_melati.php(28): CodeIgniter\Debug\Exceptions->errorHandler(2, 'Undefined variable $pondokmelati', 'C:\\xampp\\htdocs\\CodeIgniter\\Binawasa\\app\\Views\\admin_pondokmelati\\pelatih_pondok_melati.php', 28)
 2 SYSTEMPATH\View\View.php(224): include('C:\\xampp\\htdocs\\CodeIgniter\\Binawasa\\app\\Views\\admin_pondokmelati\\pelatih_pondok_melati.php')
 3 SYSTEMPATH\View\View.php(227): CodeIgniter\View\View->CodeIgniter\View\{closure}()
 4 SYSTEMPATH\Common.php(1180): CodeIgniter\View\View->render('Admin_pondokmelati/pelatih_pondok_melati', [], true)
 5 APPPATH\Controllers\Admin_pondokmelati.php(252): view('Admin_pondokmelati/pelatih_pondok_melati', [...])
 6 SYSTEMPATH\CodeIgniter.php(932): App\Controllers\admin_pondokmelati->tambahData_pelatih()
 7 SYSTEMPATH\CodeIgniter.php(497): CodeIgniter\CodeIgniter->runController(Object(App\Controllers\admin_pondokmelati))
 8 SYSTEMPATH\CodeIgniter.php(366): CodeIgniter\CodeIgniter->handleRequest(null, Object(Config\Cache), false)
 9 FCPATH\index.php(67): CodeIgniter\CodeIgniter->run()
10 SYSTEMPATH\Commands\Server\rewrite.php(47): require_once('C:\\xampp\\htdocs\\CodeIgniter\\Binawasa\\public\\index.php')
INFO - 2024-03-06 15:08:12 --> Session: Class initialized using 'CodeIgniter\Session\Handlers\FileHandler' driver.
CRITICAL - 2024-03-06 15:08:12 --> Undefined variable $pondokmelati
in APPPATH\Views\admin_pondokmelati\pelatih_pondok_melati.php on line 28.
 1 APPPATH\Views\admin_pondokmelati\pelatih_pondok_melati.php(28): CodeIgniter\Debug\Exceptions->errorHandler(2, 'Undefined variable $pondokmelati', 'C:\\xampp\\htdocs\\CodeIgniter\\Binawasa\\app\\Views\\admin_pondokmelati\\pelatih_pondok_melati.php', 28)
 2 SYSTEMPATH\View\View.php(224): include('C:\\xampp\\htdocs\\CodeIgniter\\Binawasa\\app\\Views\\admin_pondokmelati\\pelatih_pondok_melati.php')
 3 SYSTEMPATH\View\View.php(227): CodeIgniter\View\View->CodeIgniter\View\{closure}()
 4 SYSTEMPATH\Common.php(1180): CodeIgniter\View\View->render('Admin_pondokmelati/pelatih_pondok_melati', [], true)
 5 APPPATH\Controllers\Admin_pondokmelati.php(252): view('Admin_pondokmelati/pelatih_pondok_melati', [...])
 6 SYSTEMPATH\CodeIgniter.php(932): App\Controllers\admin_pondokmelati->tambahData_pelatih()
 7 SYSTEMPATH\CodeIgniter.php(497): CodeIgniter\CodeIgniter->runController(Object(App\Controllers\admin_pondokmelati))
 8 SYSTEMPATH\CodeIgniter.php(366): CodeIgniter\CodeIgniter->handleRequest(null, Object(Config\Cache), false)
 9 FCPATH\index.php(67): CodeIgniter\CodeIgniter->run()
10 SYSTEMPATH\Commands\Server\rewrite.php(47): require_once('C:\\xampp\\htdocs\\CodeIgniter\\Binawasa\\public\\index.php')
INFO - 2024-03-06 15:08:13 --> Session: Class initialized using 'CodeIgniter\Session\Handlers\FileHandler' driver.
CRITICAL - 2024-03-06 15:08:13 --> Undefined variable $pondokmelati
in APPPATH\Views\admin_pondokmelati\pelatih_pondok_melati.php on line 28.
 1 APPPATH\Views\admin_pondokmelati\pelatih_pondok_melati.php(28): CodeIgniter\Debug\Exceptions->errorHandler(2, 'Undefined variable $pondokmelati', 'C:\\xampp\\htdocs\\CodeIgniter\\Binawasa\\app\\Views\\admin_pondokmelati\\pelatih_pondok_melati.php', 28)
 2 SYSTEMPATH\View\View.php(224): include('C:\\xampp\\htdocs\\CodeIgniter\\Binawasa\\app\\Views\\admin_pondokmelati\\pelatih_pondok_melati.php')
 3 SYSTEMPATH\View\View.php(227): CodeIgniter\View\View->CodeIgniter\View\{closure}()
 4 SYSTEMPATH\Common.php(1180): CodeIgniter\View\View->render('Admin_pondokmelati/pelatih_pondok_melati', [], true)
 5 APPPATH\Controllers\Admin_pondokmelati.php(252): view('Admin_pondokmelati/pelatih_pondok_melati', [...])
 6 SYSTEMPATH\CodeIgniter.php(932): App\Controllers\admin_pondokmelati->tambahData_pelatih()
 7 SYSTEMPATH\CodeIgniter.php(497): CodeIgniter\CodeIgniter->runController(Object(App\Controllers\admin_pondokmelati))
 8 SYSTEMPATH\CodeIgniter.php(366): CodeIgniter\CodeIgniter->handleRequest(null, Object(Config\Cache), false)
 9 FCPATH\index.php(67): CodeIgniter\CodeIgniter->run()
10 SYSTEMPATH\Commands\Server\rewrite.php(47): require_once('C:\\xampp\\htdocs\\CodeIgniter\\Binawasa\\public\\index.php')
INFO - 2024-03-06 15:08:14 --> Session: Class initialized using 'CodeIgniter\Session\Handlers\FileHandler' driver.
CRITICAL - 2024-03-06 15:08:14 --> Undefined variable $pondokmelati
in APPPATH\Views\admin_pondokmelati\pelatih_pondok_melati.php on line 28.
 1 APPPATH\Views\admin_pondokmelati\pelatih_pondok_melati.php(28): CodeIgniter\Debug\Exceptions->errorHandler(2, 'Undefined variable $pondokmelati', 'C:\\xampp\\htdocs\\CodeIgniter\\Binawasa\\app\\Views\\admin_pondokmelati\\pelatih_pondok_melati.php', 28)
 2 SYSTEMPATH\View\View.php(224): include('C:\\xampp\\htdocs\\CodeIgniter\\Binawasa\\app\\Views\\admin_pondokmelati\\pelatih_pondok_melati.php')
 3 SYSTEMPATH\View\View.php(227): CodeIgniter\View\View->CodeIgniter\View\{closure}()
 4 SYSTEMPATH\Common.php(1180): CodeIgniter\View\View->render('Admin_pondokmelati/pelatih_pondok_melati', [], true)
 5 APPPATH\Controllers\Admin_pondokmelati.php(252): view('Admin_pondokmelati/pelatih_pondok_melati', [...])
 6 SYSTEMPATH\CodeIgniter.php(932): App\Controllers\admin_pondokmelati->tambahData_pelatih()
 7 SYSTEMPATH\CodeIgniter.php(497): CodeIgniter\CodeIgniter->runController(Object(App\Controllers\admin_pondokmelati))
 8 SYSTEMPATH\CodeIgniter.php(366): CodeIgniter\CodeIgniter->handleRequest(null, Object(Config\Cache), false)
 9 FCPATH\index.php(67): CodeIgniter\CodeIgniter->run()
10 SYSTEMPATH\Commands\Server\rewrite.php(47): require_once('C:\\xampp\\htdocs\\CodeIgniter\\Binawasa\\public\\index.php')
INFO - 2024-03-06 15:08:15 --> Session: Class initialized using 'CodeIgniter\Session\Handlers\FileHandler' driver.
INFO - 2024-03-06 15:08:17 --> Session: Class initialized using 'CodeIgniter\Session\Handlers\FileHandler' driver.
INFO - 2024-03-06 15:08:19 --> Session: Class initialized using 'CodeIgniter\Session\Handlers\FileHandler' driver.
CRITICAL - 2024-03-06 15:08:19 --> Undefined variable $pondokmelati
in APPPATH\Views\admin_pondokmelati\pelatih_pondok_melati.php on line 28.
 1 APPPATH\Views\admin_pondokmelati\pelatih_pondok_melati.php(28): CodeIgniter\Debug\Exceptions->errorHandler(2, 'Undefined variable $pondokmelati', 'C:\\xampp\\htdocs\\CodeIgniter\\Binawasa\\app\\Views\\admin_pondokmelati\\pelatih_pondok_melati.php', 28)
 2 SYSTEMPATH\View\View.php(224): include('C:\\xampp\\htdocs\\CodeIgniter\\Binawasa\\app\\Views\\admin_pondokmelati\\pelatih_pondok_melati.php')
 3 SYSTEMPATH\View\View.php(227): CodeIgniter\View\View->CodeIgniter\View\{closure}()
 4 SYSTEMPATH\Common.php(1180): CodeIgniter\View\View->render('Admin_pondokmelati/pelatih_pondok_melati', [], true)
 5 APPPATH\Controllers\Admin_pondokmelati.php(252): view('Admin_pondokmelati/pelatih_pondok_melati', [...])
 6 SYSTEMPATH\CodeIgniter.php(932): App\Controllers\admin_pondokmelati->tambahData_pelatih()
 7 SYSTEMPATH\CodeIgniter.php(497): CodeIgniter\CodeIgniter->runController(Object(App\Controllers\admin_pondokmelati))
 8 SYSTEMPATH\CodeIgniter.php(366): CodeIgniter\CodeIgniter->handleRequest(null, Object(Config\Cache), false)
 9 FCPATH\index.php(67): CodeIgniter\CodeIgniter->run()
10 SYSTEMPATH\Commands\Server\rewrite.php(47): require_once('C:\\xampp\\htdocs\\CodeIgniter\\Binawasa\\public\\index.php')
INFO - 2024-03-06 15:09:36 --> Session: Class initialized using 'CodeIgniter\Session\Handlers\FileHandler' driver.
CRITICAL - 2024-03-06 15:09:36 --> Undefined variable $pondokmelati
in APPPATH\Views\admin_pondokmelati\pelatih_pondok_melati.php on line 28.
 1 APPPATH\Views\admin_pondokmelati\pelatih_pondok_melati.php(28): CodeIgniter\Debug\Exceptions->errorHandler(2, 'Undefined variable $pondokmelati', 'C:\\xampp\\htdocs\\CodeIgniter\\Binawasa\\app\\Views\\admin_pondokmelati\\pelatih_pondok_melati.php', 28)
 2 SYSTEMPATH\View\View.php(224): include('C:\\xampp\\htdocs\\CodeIgniter\\Binawasa\\app\\Views\\admin_pondokmelati\\pelatih_pondok_melati.php')
 3 SYSTEMPATH\View\View.php(227): CodeIgniter\View\View->CodeIgniter\View\{closure}()
 4 SYSTEMPATH\Common.php(1180): CodeIgniter\View\View->render('Admin_pondokmelati/pelatih_pondok_melati', [], true)
 5 APPPATH\Controllers\Admin_pondokmelati.php(252): view('Admin_pondokmelati/pelatih_pondok_melati', [...])
 6 SYSTEMPATH\CodeIgniter.php(932): App\Controllers\admin_pondokmelati->tambahData_pelatih()
 7 SYSTEMPATH\CodeIgniter.php(497): CodeIgniter\CodeIgniter->runController(Object(App\Controllers\admin_pondokmelati))
 8 SYSTEMPATH\CodeIgniter.php(366): CodeIgniter\CodeIgniter->handleRequest(null, Object(Config\Cache), false)
 9 FCPATH\index.php(67): CodeIgniter\CodeIgniter->run()
10 SYSTEMPATH\Commands\Server\rewrite.php(47): require_once('C:\\xampp\\htdocs\\CodeIgniter\\Binawasa\\public\\index.php')
INFO - 2024-03-06 15:09:37 --> Session: Class initialized using 'CodeIgniter\Session\Handlers\FileHandler' driver.
CRITICAL - 2024-03-06 15:09:37 --> Undefined variable $pondokmelati
in APPPATH\Views\admin_pondokmelati\pelatih_pondok_melati.php on line 28.
 1 APPPATH\Views\admin_pondokmelati\pelatih_pondok_melati.php(28): CodeIgniter\Debug\Exceptions->errorHandler(2, 'Undefined variable $pondokmelati', 'C:\\xampp\\htdocs\\CodeIgniter\\Binawasa\\app\\Views\\admin_pondokmelati\\pelatih_pondok_melati.php', 28)
 2 SYSTEMPATH\View\View.php(224): include('C:\\xampp\\htdocs\\CodeIgniter\\Binawasa\\app\\Views\\admin_pondokmelati\\pelatih_pondok_melati.php')
 3 SYSTEMPATH\View\View.php(227): CodeIgniter\View\View->CodeIgniter\View\{closure}()
 4 SYSTEMPATH\Common.php(1180): CodeIgniter\View\View->render('Admin_pondokmelati/pelatih_pondok_melati', [], true)
 5 APPPATH\Controllers\Admin_pondokmelati.php(252): view('Admin_pondokmelati/pelatih_pondok_melati', [...])
 6 SYSTEMPATH\CodeIgniter.php(932): App\Controllers\admin_pondokmelati->tambahData_pelatih()
 7 SYSTEMPATH\CodeIgniter.php(497): CodeIgniter\CodeIgniter->runController(Object(App\Controllers\admin_pondokmelati))
 8 SYSTEMPATH\CodeIgniter.php(366): CodeIgniter\CodeIgniter->handleRequest(null, Object(Config\Cache), false)
 9 FCPATH\index.php(67): CodeIgniter\CodeIgniter->run()
10 SYSTEMPATH\Commands\Server\rewrite.php(47): require_once('C:\\xampp\\htdocs\\CodeIgniter\\Binawasa\\public\\index.php')
INFO - 2024-03-06 15:09:38 --> Session: Class initialized using 'CodeIgniter\Session\Handlers\FileHandler' driver.
INFO - 2024-03-06 15:09:40 --> Session: Class initialized using 'CodeIgniter\Session\Handlers\FileHandler' driver.
INFO - 2024-03-06 15:09:43 --> Session: Class initialized using 'CodeIgniter\Session\Handlers\FileHandler' driver.
CRITICAL - 2024-03-06 15:09:43 --> Undefined variable $pondokmelati
in APPPATH\Views\admin_pondokmelati\pelatih_pondok_melati.php on line 28.
 1 APPPATH\Views\admin_pondokmelati\pelatih_pondok_melati.php(28): CodeIgniter\Debug\Exceptions->errorHandler(2, 'Undefined variable $pondokmelati', 'C:\\xampp\\htdocs\\CodeIgniter\\Binawasa\\app\\Views\\admin_pondokmelati\\pelatih_pondok_melati.php', 28)
 2 SYSTEMPATH\View\View.php(224): include('C:\\xampp\\htdocs\\CodeIgniter\\Binawasa\\app\\Views\\admin_pondokmelati\\pelatih_pondok_melati.php')
 3 SYSTEMPATH\View\View.php(227): CodeIgniter\View\View->CodeIgniter\View\{closure}()
 4 SYSTEMPATH\Common.php(1180): CodeIgniter\View\View->render('Admin_pondokmelati/pelatih_pondok_melati', [], true)
 5 APPPATH\Controllers\Admin_pondokmelati.php(252): view('Admin_pondokmelati/pelatih_pondok_melati', [...])
 6 SYSTEMPATH\CodeIgniter.php(932): App\Controllers\admin_pondokmelati->tambahData_pelatih()
 7 SYSTEMPATH\CodeIgniter.php(497): CodeIgniter\CodeIgniter->runController(Object(App\Controllers\admin_pondokmelati))
 8 SYSTEMPATH\CodeIgniter.php(366): CodeIgniter\CodeIgniter->handleRequest(null, Object(Config\Cache), false)
 9 FCPATH\index.php(67): CodeIgniter\CodeIgniter->run()
10 SYSTEMPATH\Commands\Server\rewrite.php(47): require_once('C:\\xampp\\htdocs\\CodeIgniter\\Binawasa\\public\\index.php')
INFO - 2024-03-06 15:17:21 --> Session: Class initialized using 'CodeIgniter\Session\Handlers\FileHandler' driver.
CRITICAL - 2024-03-06 15:17:21 --> Undefined variable $pondokmelati
in APPPATH\Views\admin_pondokmelati\pelatih_pondok_melati.php on line 28.
 1 APPPATH\Views\admin_pondokmelati\pelatih_pondok_melati.php(28): CodeIgniter\Debug\Exceptions->errorHandler(2, 'Undefined variable $pondokmelati', 'C:\\xampp\\htdocs\\CodeIgniter\\Binawasa\\app\\Views\\admin_pondokmelati\\pelatih_pondok_melati.php', 28)
 2 SYSTEMPATH\View\View.php(224): include('C:\\xampp\\htdocs\\CodeIgniter\\Binawasa\\app\\Views\\admin_pondokmelati\\pelatih_pondok_melati.php')
 3 SYSTEMPATH\View\View.php(227): CodeIgniter\View\View->CodeIgniter\View\{closure}()
 4 SYSTEMPATH\Common.php(1180): CodeIgniter\View\View->render('Admin_pondokmelati/pelatih_pondok_melati', [], true)
 5 APPPATH\Controllers\Admin_pondokmelati.php(252): view('Admin_pondokmelati/pelatih_pondok_melati', [...])
 6 SYSTEMPATH\CodeIgniter.php(932): App\Controllers\admin_pondokmelati->tambahData_pelatih()
 7 SYSTEMPATH\CodeIgniter.php(497): CodeIgniter\CodeIgniter->runController(Object(App\Controllers\admin_pondokmelati))
 8 SYSTEMPATH\CodeIgniter.php(366): CodeIgniter\CodeIgniter->handleRequest(null, Object(Config\Cache), false)
 9 FCPATH\index.php(67): CodeIgniter\CodeIgniter->run()
10 SYSTEMPATH\Commands\Server\rewrite.php(47): require_once('C:\\xampp\\htdocs\\CodeIgniter\\Binawasa\\public\\index.php')
INFO - 2024-03-06 15:17:22 --> Session: Class initialized using 'CodeIgniter\Session\Handlers\FileHandler' driver.
CRITICAL - 2024-03-06 15:17:22 --> Undefined variable $pondokmelati
in APPPATH\Views\admin_pondokmelati\pelatih_pondok_melati.php on line 28.
 1 APPPATH\Views\admin_pondokmelati\pelatih_pondok_melati.php(28): CodeIgniter\Debug\Exceptions->errorHandler(2, 'Undefined variable $pondokmelati', 'C:\\xampp\\htdocs\\CodeIgniter\\Binawasa\\app\\Views\\admin_pondokmelati\\pelatih_pondok_melati.php', 28)
 2 SYSTEMPATH\View\View.php(224): include('C:\\xampp\\htdocs\\CodeIgniter\\Binawasa\\app\\Views\\admin_pondokmelati\\pelatih_pondok_melati.php')
 3 SYSTEMPATH\View\View.php(227): CodeIgniter\View\View->CodeIgniter\View\{closure}()
 4 SYSTEMPATH\Common.php(1180): CodeIgniter\View\View->render('Admin_pondokmelati/pelatih_pondok_melati', [], true)
 5 APPPATH\Controllers\Admin_pondokmelati.php(252): view('Admin_pondokmelati/pelatih_pondok_melati', [...])
 6 SYSTEMPATH\CodeIgniter.php(932): App\Controllers\admin_pondokmelati->tambahData_pelatih()
 7 SYSTEMPATH\CodeIgniter.php(497): CodeIgniter\CodeIgniter->runController(Object(App\Controllers\admin_pondokmelati))
 8 SYSTEMPATH\CodeIgniter.php(366): CodeIgniter\CodeIgniter->handleRequest(null, Object(Config\Cache), false)
 9 FCPATH\index.php(67): CodeIgniter\CodeIgniter->run()
10 SYSTEMPATH\Commands\Server\rewrite.php(47): require_once('C:\\xampp\\htdocs\\CodeIgniter\\Binawasa\\public\\index.php')
INFO - 2024-03-06 15:17:24 --> Session: Class initialized using 'CodeIgniter\Session\Handlers\FileHandler' driver.
CRITICAL - 2024-03-06 15:17:24 --> Undefined variable $pondokmelati
in APPPATH\Views\admin_pondokmelati\pelatih_pondok_melati.php on line 28.
 1 APPPATH\Views\admin_pondokmelati\pelatih_pondok_melati.php(28): CodeIgniter\Debug\Exceptions->errorHandler(2, 'Undefined variable $pondokmelati', 'C:\\xampp\\htdocs\\CodeIgniter\\Binawasa\\app\\Views\\admin_pondokmelati\\pelatih_pondok_melati.php', 28)
 2 SYSTEMPATH\View\View.php(224): include('C:\\xampp\\htdocs\\CodeIgniter\\Binawasa\\app\\Views\\admin_pondokmelati\\pelatih_pondok_melati.php')
 3 SYSTEMPATH\View\View.php(227): CodeIgniter\View\View->CodeIgniter\View\{closure}()
 4 SYSTEMPATH\Common.php(1180): CodeIgniter\View\View->render('Admin_pondokmelati/pelatih_pondok_melati', [], true)
 5 APPPATH\Controllers\Admin_pondokmelati.php(252): view('Admin_pondokmelati/pelatih_pondok_melati', [...])
 6 SYSTEMPATH\CodeIgniter.php(932): App\Controllers\admin_pondokmelati->tambahData_pelatih()
 7 SYSTEMPATH\CodeIgniter.php(497): CodeIgniter\CodeIgniter->runController(Object(App\Controllers\admin_pondokmelati))
 8 SYSTEMPATH\CodeIgniter.php(366): CodeIgniter\CodeIgniter->handleRequest(null, Object(Config\Cache), false)
 9 FCPATH\index.php(67): CodeIgniter\CodeIgniter->run()
10 SYSTEMPATH\Commands\Server\rewrite.php(47): require_once('C:\\xampp\\htdocs\\CodeIgniter\\Binawasa\\public\\index.php')
INFO - 2024-03-06 15:17:25 --> Session: Class initialized using 'CodeIgniter\Session\Handlers\FileHandler' driver.
INFO - 2024-03-06 15:17:28 --> Session: Class initialized using 'CodeIgniter\Session\Handlers\FileHandler' driver.
INFO - 2024-03-06 15:17:32 --> Session: Class initialized using 'CodeIgniter\Session\Handlers\FileHandler' driver.
CRITICAL - 2024-03-06 15:17:32 --> Undefined variable $pondokmelati
in APPPATH\Views\admin_pondokmelati\pelatih_pondok_melati.php on line 28.
 1 APPPATH\Views\admin_pondokmelati\pelatih_pondok_melati.php(28): CodeIgniter\Debug\Exceptions->errorHandler(2, 'Undefined variable $pondokmelati', 'C:\\xampp\\htdocs\\CodeIgniter\\Binawasa\\app\\Views\\admin_pondokmelati\\pelatih_pondok_melati.php', 28)
 2 SYSTEMPATH\View\View.php(224): include('C:\\xampp\\htdocs\\CodeIgniter\\Binawasa\\app\\Views\\admin_pondokmelati\\pelatih_pondok_melati.php')
 3 SYSTEMPATH\View\View.php(227): CodeIgniter\View\View->CodeIgniter\View\{closure}()
 4 SYSTEMPATH\Common.php(1180): CodeIgniter\View\View->render('Admin_pondokmelati/pelatih_pondok_melati', [], true)
 5 APPPATH\Controllers\Admin_pondokmelati.php(252): view('Admin_pondokmelati/pelatih_pondok_melati', [...])
 6 SYSTEMPATH\CodeIgniter.php(932): App\Controllers\admin_pondokmelati->tambahData_pelatih()
 7 SYSTEMPATH\CodeIgniter.php(497): CodeIgniter\CodeIgniter->runController(Object(App\Controllers\admin_pondokmelati))
 8 SYSTEMPATH\CodeIgniter.php(366): CodeIgniter\CodeIgniter->handleRequest(null, Object(Config\Cache), false)
 9 FCPATH\index.php(67): CodeIgniter\CodeIgniter->run()
10 SYSTEMPATH\Commands\Server\rewrite.php(47): require_once('C:\\xampp\\htdocs\\CodeIgniter\\Binawasa\\public\\index.php')
INFO - 2024-03-06 15:19:48 --> Session: Class initialized using 'CodeIgniter\Session\Handlers\FileHandler' driver.
CRITICAL - 2024-03-06 15:19:48 --> Undefined variable $pondokmelati
in APPPATH\Views\admin_pondokmelati\pelatih_pondok_melati.php on line 28.
 1 APPPATH\Views\admin_pondokmelati\pelatih_pondok_melati.php(28): CodeIgniter\Debug\Exceptions->errorHandler(2, 'Undefined variable $pondokmelati', 'C:\\xampp\\htdocs\\CodeIgniter\\Binawasa\\app\\Views\\admin_pondokmelati\\pelatih_pondok_melati.php', 28)
 2 SYSTEMPATH\View\View.php(224): include('C:\\xampp\\htdocs\\CodeIgniter\\Binawasa\\app\\Views\\admin_pondokmelati\\pelatih_pondok_melati.php')
 3 SYSTEMPATH\View\View.php(227): CodeIgniter\View\View->CodeIgniter\View\{closure}()
 4 SYSTEMPATH\Common.php(1180): CodeIgniter\View\View->render('Admin_pondokmelati/pelatih_pondok_melati', [], true)
 5 APPPATH\Controllers\Admin_pondokmelati.php(252): view('Admin_pondokmelati/pelatih_pondok_melati', [...])
 6 SYSTEMPATH\CodeIgniter.php(932): App\Controllers\admin_pondokmelati->tambahData_pelatih()
 7 SYSTEMPATH\CodeIgniter.php(497): CodeIgniter\CodeIgniter->runController(Object(App\Controllers\admin_pondokmelati))
 8 SYSTEMPATH\CodeIgniter.php(366): CodeIgniter\CodeIgniter->handleRequest(null, Object(Config\Cache), false)
 9 FCPATH\index.php(67): CodeIgniter\CodeIgniter->run()
10 SYSTEMPATH\Commands\Server\rewrite.php(47): require_once('C:\\xampp\\htdocs\\CodeIgniter\\Binawasa\\public\\index.php')
INFO - 2024-03-06 15:19:49 --> Session: Class initialized using 'CodeIgniter\Session\Handlers\FileHandler' driver.
CRITICAL - 2024-03-06 15:19:49 --> Undefined variable $pondokmelati
in APPPATH\Views\admin_pondokmelati\pelatih_pondok_melati.php on line 28.
 1 APPPATH\Views\admin_pondokmelati\pelatih_pondok_melati.php(28): CodeIgniter\Debug\Exceptions->errorHandler(2, 'Undefined variable $pondokmelati', 'C:\\xampp\\htdocs\\CodeIgniter\\Binawasa\\app\\Views\\admin_pondokmelati\\pelatih_pondok_melati.php', 28)
 2 SYSTEMPATH\View\View.php(224): include('C:\\xampp\\htdocs\\CodeIgniter\\Binawasa\\app\\Views\\admin_pondokmelati\\pelatih_pondok_melati.php')
 3 SYSTEMPATH\View\View.php(227): CodeIgniter\View\View->CodeIgniter\View\{closure}()
 4 SYSTEMPATH\Common.php(1180): CodeIgniter\View\View->render('Admin_pondokmelati/pelatih_pondok_melati', [], true)
 5 APPPATH\Controllers\Admin_pondokmelati.php(252): view('Admin_pondokmelati/pelatih_pondok_melati', [...])
 6 SYSTEMPATH\CodeIgniter.php(932): App\Controllers\admin_pondokmelati->tambahData_pelatih()
 7 SYSTEMPATH\CodeIgniter.php(497): CodeIgniter\CodeIgniter->runController(Object(App\Controllers\admin_pondokmelati))
 8 SYSTEMPATH\CodeIgniter.php(366): CodeIgniter\CodeIgniter->handleRequest(null, Object(Config\Cache), false)
 9 FCPATH\index.php(67): CodeIgniter\CodeIgniter->run()
10 SYSTEMPATH\Commands\Server\rewrite.php(47): require_once('C:\\xampp\\htdocs\\CodeIgniter\\Binawasa\\public\\index.php')
INFO - 2024-03-06 15:19:50 --> Session: Class initialized using 'CodeIgniter\Session\Handlers\FileHandler' driver.
INFO - 2024-03-06 15:19:51 --> Session: Class initialized using 'CodeIgniter\Session\Handlers\FileHandler' driver.
INFO - 2024-03-06 15:19:58 --> Session: Class initialized using 'CodeIgniter\Session\Handlers\FileHandler' driver.
CRITICAL - 2024-03-06 15:19:58 --> Undefined variable $pondokmelati
in APPPATH\Views\admin_pondokmelati\pelatih_pondok_melati.php on line 28.
 1 APPPATH\Views\admin_pondokmelati\pelatih_pondok_melati.php(28): CodeIgniter\Debug\Exceptions->errorHandler(2, 'Undefined variable $pondokmelati', 'C:\\xampp\\htdocs\\CodeIgniter\\Binawasa\\app\\Views\\admin_pondokmelati\\pelatih_pondok_melati.php', 28)
 2 SYSTEMPATH\View\View.php(224): include('C:\\xampp\\htdocs\\CodeIgniter\\Binawasa\\app\\Views\\admin_pondokmelati\\pelatih_pondok_melati.php')
 3 SYSTEMPATH\View\View.php(227): CodeIgniter\View\View->CodeIgniter\View\{closure}()
 4 SYSTEMPATH\Common.php(1180): CodeIgniter\View\View->render('Admin_pondokmelati/pelatih_pondok_melati', [], true)
 5 APPPATH\Controllers\Admin_pondokmelati.php(252): view('Admin_pondokmelati/pelatih_pondok_melati', [...])
 6 SYSTEMPATH\CodeIgniter.php(932): App\Controllers\admin_pondokmelati->tambahData_pelatih()
 7 SYSTEMPATH\CodeIgniter.php(497): CodeIgniter\CodeIgniter->runController(Object(App\Controllers\admin_pondokmelati))
 8 SYSTEMPATH\CodeIgniter.php(366): CodeIgniter\CodeIgniter->handleRequest(null, Object(Config\Cache), false)
 9 FCPATH\index.php(67): CodeIgniter\CodeIgniter->run()
10 SYSTEMPATH\Commands\Server\rewrite.php(47): require_once('C:\\xampp\\htdocs\\CodeIgniter\\Binawasa\\public\\index.php')
INFO - 2024-03-06 15:20:19 --> Session: Class initialized using 'CodeIgniter\Session\Handlers\FileHandler' driver.
CRITICAL - 2024-03-06 15:20:20 --> Undefined variable $pondokmelati
in APPPATH\Views\admin_pondokmelati\pelatih_pondok_melati.php on line 28.
 1 APPPATH\Views\admin_pondokmelati\pelatih_pondok_melati.php(28): CodeIgniter\Debug\Exceptions->errorHandler(2, 'Undefined variable $pondokmelati', 'C:\\xampp\\htdocs\\CodeIgniter\\Binawasa\\app\\Views\\admin_pondokmelati\\pelatih_pondok_melati.php', 28)
 2 SYSTEMPATH\View\View.php(224): include('C:\\xampp\\htdocs\\CodeIgniter\\Binawasa\\app\\Views\\admin_pondokmelati\\pelatih_pondok_melati.php')
 3 SYSTEMPATH\View\View.php(227): CodeIgniter\View\View->CodeIgniter\View\{closure}()
 4 SYSTEMPATH\Common.php(1180): CodeIgniter\View\View->render('Admin_pondokmelati/pelatih_pondok_melati', [], true)
 5 APPPATH\Controllers\Admin_pondokmelati.php(252): view('Admin_pondokmelati/pelatih_pondok_melati', [...])
 6 SYSTEMPATH\CodeIgniter.php(932): App\Controllers\admin_pondokmelati->tambahData_pelatih()
 7 SYSTEMPATH\CodeIgniter.php(497): CodeIgniter\CodeIgniter->runController(Object(App\Controllers\admin_pondokmelati))
 8 SYSTEMPATH\CodeIgniter.php(366): CodeIgniter\CodeIgniter->handleRequest(null, Object(Config\Cache), false)
 9 FCPATH\index.php(67): CodeIgniter\CodeIgniter->run()
10 SYSTEMPATH\Commands\Server\rewrite.php(47): require_once('C:\\xampp\\htdocs\\CodeIgniter\\Binawasa\\public\\index.php')
INFO - 2024-03-06 15:20:21 --> Session: Class initialized using 'CodeIgniter\Session\Handlers\FileHandler' driver.
INFO - 2024-03-06 15:20:23 --> Session: Class initialized using 'CodeIgniter\Session\Handlers\FileHandler' driver.
INFO - 2024-03-06 15:20:25 --> Session: Class initialized using 'CodeIgniter\Session\Handlers\FileHandler' driver.
CRITICAL - 2024-03-06 15:20:25 --> Undefined variable $pondokmelati
in APPPATH\Views\admin_pondokmelati\pelatih_pondok_melati.php on line 28.
 1 APPPATH\Views\admin_pondokmelati\pelatih_pondok_melati.php(28): CodeIgniter\Debug\Exceptions->errorHandler(2, 'Undefined variable $pondokmelati', 'C:\\xampp\\htdocs\\CodeIgniter\\Binawasa\\app\\Views\\admin_pondokmelati\\pelatih_pondok_melati.php', 28)
 2 SYSTEMPATH\View\View.php(224): include('C:\\xampp\\htdocs\\CodeIgniter\\Binawasa\\app\\Views\\admin_pondokmelati\\pelatih_pondok_melati.php')
 3 SYSTEMPATH\View\View.php(227): CodeIgniter\View\View->CodeIgniter\View\{closure}()
 4 SYSTEMPATH\Common.php(1180): CodeIgniter\View\View->render('Admin_pondokmelati/pelatih_pondok_melati', [], true)
 5 APPPATH\Controllers\Admin_pondokmelati.php(252): view('Admin_pondokmelati/pelatih_pondok_melati', [...])
 6 SYSTEMPATH\CodeIgniter.php(932): App\Controllers\admin_pondokmelati->tambahData_pelatih()
 7 SYSTEMPATH\CodeIgniter.php(497): CodeIgniter\CodeIgniter->runController(Object(App\Controllers\admin_pondokmelati))
 8 SYSTEMPATH\CodeIgniter.php(366): CodeIgniter\CodeIgniter->handleRequest(null, Object(Config\Cache), false)
 9 FCPATH\index.php(67): CodeIgniter\CodeIgniter->run()
10 SYSTEMPATH\Commands\Server\rewrite.php(47): require_once('C:\\xampp\\htdocs\\CodeIgniter\\Binawasa\\public\\index.php')
INFO - 2024-03-06 15:21:36 --> Session: Class initialized using 'CodeIgniter\Session\Handlers\FileHandler' driver.
CRITICAL - 2024-03-06 15:21:36 --> Undefined variable $pondokmelati
in APPPATH\Views\admin_pondokmelati\pelatih_pondok_melati.php on line 28.
 1 APPPATH\Views\admin_pondokmelati\pelatih_pondok_melati.php(28): CodeIgniter\Debug\Exceptions->errorHandler(2, 'Undefined variable $pondokmelati', 'C:\\xampp\\htdocs\\CodeIgniter\\Binawasa\\app\\Views\\admin_pondokmelati\\pelatih_pondok_melati.php', 28)
 2 SYSTEMPATH\View\View.php(224): include('C:\\xampp\\htdocs\\CodeIgniter\\Binawasa\\app\\Views\\admin_pondokmelati\\pelatih_pondok_melati.php')
 3 SYSTEMPATH\View\View.php(227): CodeIgniter\View\View->CodeIgniter\View\{closure}()
 4 SYSTEMPATH\Common.php(1180): CodeIgniter\View\View->render('Admin_pondokmelati/pelatih_pondok_melati', [], true)
 5 APPPATH\Controllers\Admin_pondokmelati.php(252): view('Admin_pondokmelati/pelatih_pondok_melati', [...])
 6 SYSTEMPATH\CodeIgniter.php(932): App\Controllers\admin_pondokmelati->tambahData_pelatih()
 7 SYSTEMPATH\CodeIgniter.php(497): CodeIgniter\CodeIgniter->runController(Object(App\Controllers\admin_pondokmelati))
 8 SYSTEMPATH\CodeIgniter.php(366): CodeIgniter\CodeIgniter->handleRequest(null, Object(Config\Cache), false)
 9 FCPATH\index.php(67): CodeIgniter\CodeIgniter->run()
10 SYSTEMPATH\Commands\Server\rewrite.php(47): require_once('C:\\xampp\\htdocs\\CodeIgniter\\Binawasa\\public\\index.php')
INFO - 2024-03-06 15:24:46 --> Session: Class initialized using 'CodeIgniter\Session\Handlers\FileHandler' driver.
INFO - 2024-03-06 15:24:48 --> Session: Class initialized using 'CodeIgniter\Session\Handlers\FileHandler' driver.
INFO - 2024-03-06 15:24:49 --> Session: Class initialized using 'CodeIgniter\Session\Handlers\FileHandler' driver.
INFO - 2024-03-06 15:25:22 --> Session: Class initialized using 'CodeIgniter\Session\Handlers\FileHandler' driver.
CRITICAL - 2024-03-06 15:25:22 --> Undefined variable $pondokmelati
in APPPATH\Views\admin_pondokmelati\pelatih_pondok_melati.php on line 28.
 1 APPPATH\Views\admin_pondokmelati\pelatih_pondok_melati.php(28): CodeIgniter\Debug\Exceptions->errorHandler(2, 'Undefined variable $pondokmelati', 'C:\\xampp\\htdocs\\CodeIgniter\\Binawasa\\app\\Views\\admin_pondokmelati\\pelatih_pondok_melati.php', 28)
 2 SYSTEMPATH\View\View.php(224): include('C:\\xampp\\htdocs\\CodeIgniter\\Binawasa\\app\\Views\\admin_pondokmelati\\pelatih_pondok_melati.php')
 3 SYSTEMPATH\View\View.php(227): CodeIgniter\View\View->CodeIgniter\View\{closure}()
 4 SYSTEMPATH\Common.php(1180): CodeIgniter\View\View->render('Admin_pondokmelati/pelatih_pondok_melati', [], true)
 5 APPPATH\Controllers\Admin_pondokmelati.php(252): view('Admin_pondokmelati/pelatih_pondok_melati', [...])
 6 SYSTEMPATH\CodeIgniter.php(932): App\Controllers\admin_pondokmelati->tambahData_pelatih()
 7 SYSTEMPATH\CodeIgniter.php(497): CodeIgniter\CodeIgniter->runController(Object(App\Controllers\admin_pondokmelati))
 8 SYSTEMPATH\CodeIgniter.php(366): CodeIgniter\CodeIgniter->handleRequest(null, Object(Config\Cache), false)
 9 FCPATH\index.php(67): CodeIgniter\CodeIgniter->run()
10 SYSTEMPATH\Commands\Server\rewrite.php(47): require_once('C:\\xampp\\htdocs\\CodeIgniter\\Binawasa\\public\\index.php')
INFO - 2024-03-06 15:25:51 --> Session: Class initialized using 'CodeIgniter\Session\Handlers\FileHandler' driver.
CRITICAL - 2024-03-06 15:25:51 --> Undefined variable $pondokmelati
in APPPATH\Views\admin_pondokmelati\pelatih_pondok_melati.php on line 28.
 1 APPPATH\Views\admin_pondokmelati\pelatih_pondok_melati.php(28): CodeIgniter\Debug\Exceptions->errorHandler(2, 'Undefined variable $pondokmelati', 'C:\\xampp\\htdocs\\CodeIgniter\\Binawasa\\app\\Views\\admin_pondokmelati\\pelatih_pondok_melati.php', 28)
 2 SYSTEMPATH\View\View.php(224): include('C:\\xampp\\htdocs\\CodeIgniter\\Binawasa\\app\\Views\\admin_pondokmelati\\pelatih_pondok_melati.php')
 3 SYSTEMPATH\View\View.php(227): CodeIgniter\View\View->CodeIgniter\View\{closure}()
 4 SYSTEMPATH\Common.php(1180): CodeIgniter\View\View->render('Admin_pondokmelati/pelatih_pondok_melati', [], true)
 5 APPPATH\Controllers\Admin_pondokmelati.php(252): view('Admin_pondokmelati/pelatih_pondok_melati', [...])
 6 SYSTEMPATH\CodeIgniter.php(932): App\Controllers\admin_pondokmelati->tambahData_pelatih()
 7 SYSTEMPATH\CodeIgniter.php(497): CodeIgniter\CodeIgniter->runController(Object(App\Controllers\admin_pondokmelati))
 8 SYSTEMPATH\CodeIgniter.php(366): CodeIgniter\CodeIgniter->handleRequest(null, Object(Config\Cache), false)
 9 FCPATH\index.php(67): CodeIgniter\CodeIgniter->run()
10 SYSTEMPATH\Commands\Server\rewrite.php(47): require_once('C:\\xampp\\htdocs\\CodeIgniter\\Binawasa\\public\\index.php')
INFO - 2024-03-06 15:25:52 --> Session: Class initialized using 'CodeIgniter\Session\Handlers\FileHandler' driver.
CRITICAL - 2024-03-06 15:25:52 --> Undefined variable $pondokmelati
in APPPATH\Views\admin_pondokmelati\pelatih_pondok_melati.php on line 28.
 1 APPPATH\Views\admin_pondokmelati\pelatih_pondok_melati.php(28): CodeIgniter\Debug\Exceptions->errorHandler(2, 'Undefined variable $pondokmelati', 'C:\\xampp\\htdocs\\CodeIgniter\\Binawasa\\app\\Views\\admin_pondokmelati\\pelatih_pondok_melati.php', 28)
 2 SYSTEMPATH\View\View.php(224): include('C:\\xampp\\htdocs\\CodeIgniter\\Binawasa\\app\\Views\\admin_pondokmelati\\pelatih_pondok_melati.php')
 3 SYSTEMPATH\View\View.php(227): CodeIgniter\View\View->CodeIgniter\View\{closure}()
 4 SYSTEMPATH\Common.php(1180): CodeIgniter\View\View->render('Admin_pondokmelati/pelatih_pondok_melati', [], true)
 5 APPPATH\Controllers\Admin_pondokmelati.php(252): view('Admin_pondokmelati/pelatih_pondok_melati', [...])
 6 SYSTEMPATH\CodeIgniter.php(932): App\Controllers\admin_pondokmelati->tambahData_pelatih()
 7 SYSTEMPATH\CodeIgniter.php(497): CodeIgniter\CodeIgniter->runController(Object(App\Controllers\admin_pondokmelati))
 8 SYSTEMPATH\CodeIgniter.php(366): CodeIgniter\CodeIgniter->handleRequest(null, Object(Config\Cache), false)
 9 FCPATH\index.php(67): CodeIgniter\CodeIgniter->run()
10 SYSTEMPATH\Commands\Server\rewrite.php(47): require_once('C:\\xampp\\htdocs\\CodeIgniter\\Binawasa\\public\\index.php')
INFO - 2024-03-06 15:27:48 --> Session: Class initialized using 'CodeIgniter\Session\Handlers\FileHandler' driver.
CRITICAL - 2024-03-06 15:27:48 --> Undefined variable $pondokmelati
in APPPATH\Views\admin_pondokmelati\pelatih_pondok_melati.php on line 28.
 1 APPPATH\Views\admin_pondokmelati\pelatih_pondok_melati.php(28): CodeIgniter\Debug\Exceptions->errorHandler(2, 'Undefined variable $pondokmelati', 'C:\\xampp\\htdocs\\CodeIgniter\\Binawasa\\app\\Views\\admin_pondokmelati\\pelatih_pondok_melati.php', 28)
 2 SYSTEMPATH\View\View.php(224): include('C:\\xampp\\htdocs\\CodeIgniter\\Binawasa\\app\\Views\\admin_pondokmelati\\pelatih_pondok_melati.php')
 3 SYSTEMPATH\View\View.php(227): CodeIgniter\View\View->CodeIgniter\View\{closure}()
 4 SYSTEMPATH\Common.php(1180): CodeIgniter\View\View->render('Admin_pondokmelati/pelatih_pondok_melati', [], true)
 5 APPPATH\Controllers\Admin_pondokmelati.php(252): view('Admin_pondokmelati/pelatih_pondok_melati', [...])
 6 SYSTEMPATH\CodeIgniter.php(932): App\Controllers\admin_pondokmelati->tambahData_pelatih()
 7 SYSTEMPATH\CodeIgniter.php(497): CodeIgniter\CodeIgniter->runController(Object(App\Controllers\admin_pondokmelati))
 8 SYSTEMPATH\CodeIgniter.php(366): CodeIgniter\CodeIgniter->handleRequest(null, Object(Config\Cache), false)
 9 FCPATH\index.php(67): CodeIgniter\CodeIgniter->run()
10 SYSTEMPATH\Commands\Server\rewrite.php(47): require_once('C:\\xampp\\htdocs\\CodeIgniter\\Binawasa\\public\\index.php')
INFO - 2024-03-06 15:27:49 --> Session: Class initialized using 'CodeIgniter\Session\Handlers\FileHandler' driver.
CRITICAL - 2024-03-06 15:27:50 --> Undefined variable $pondokmelati
in APPPATH\Views\admin_pondokmelati\pelatih_pondok_melati.php on line 28.
 1 APPPATH\Views\admin_pondokmelati\pelatih_pondok_melati.php(28): CodeIgniter\Debug\Exceptions->errorHandler(2, 'Undefined variable $pondokmelati', 'C:\\xampp\\htdocs\\CodeIgniter\\Binawasa\\app\\Views\\admin_pondokmelati\\pelatih_pondok_melati.php', 28)
 2 SYSTEMPATH\View\View.php(224): include('C:\\xampp\\htdocs\\CodeIgniter\\Binawasa\\app\\Views\\admin_pondokmelati\\pelatih_pondok_melati.php')
 3 SYSTEMPATH\View\View.php(227): CodeIgniter\View\View->CodeIgniter\View\{closure}()
 4 SYSTEMPATH\Common.php(1180): CodeIgniter\View\View->render('Admin_pondokmelati/pelatih_pondok_melati', [], true)
 5 APPPATH\Controllers\Admin_pondokmelati.php(252): view('Admin_pondokmelati/pelatih_pondok_melati', [...])
 6 SYSTEMPATH\CodeIgniter.php(932): App\Controllers\admin_pondokmelati->tambahData_pelatih()
 7 SYSTEMPATH\CodeIgniter.php(497): CodeIgniter\CodeIgniter->runController(Object(App\Controllers\admin_pondokmelati))
 8 SYSTEMPATH\CodeIgniter.php(366): CodeIgniter\CodeIgniter->handleRequest(null, Object(Config\Cache), false)
 9 FCPATH\index.php(67): CodeIgniter\CodeIgniter->run()
10 SYSTEMPATH\Commands\Server\rewrite.php(47): require_once('C:\\xampp\\htdocs\\CodeIgniter\\Binawasa\\public\\index.php')
INFO - 2024-03-06 15:27:50 --> Session: Class initialized using 'CodeIgniter\Session\Handlers\FileHandler' driver.
CRITICAL - 2024-03-06 15:27:50 --> Undefined variable $pondokmelati
in APPPATH\Views\admin_pondokmelati\pelatih_pondok_melati.php on line 28.
 1 APPPATH\Views\admin_pondokmelati\pelatih_pondok_melati.php(28): CodeIgniter\Debug\Exceptions->errorHandler(2, 'Undefined variable $pondokmelati', 'C:\\xampp\\htdocs\\CodeIgniter\\Binawasa\\app\\Views\\admin_pondokmelati\\pelatih_pondok_melati.php', 28)
 2 SYSTEMPATH\View\View.php(224): include('C:\\xampp\\htdocs\\CodeIgniter\\Binawasa\\app\\Views\\admin_pondokmelati\\pelatih_pondok_melati.php')
 3 SYSTEMPATH\View\View.php(227): CodeIgniter\View\View->CodeIgniter\View\{closure}()
 4 SYSTEMPATH\Common.php(1180): CodeIgniter\View\View->render('Admin_pondokmelati/pelatih_pondok_melati', [], true)
 5 APPPATH\Controllers\Admin_pondokmelati.php(252): view('Admin_pondokmelati/pelatih_pondok_melati', [...])
 6 SYSTEMPATH\CodeIgniter.php(932): App\Controllers\admin_pondokmelati->tambahData_pelatih()
 7 SYSTEMPATH\CodeIgniter.php(497): CodeIgniter\CodeIgniter->runController(Object(App\Controllers\admin_pondokmelati))
 8 SYSTEMPATH\CodeIgniter.php(366): CodeIgniter\CodeIgniter->handleRequest(null, Object(Config\Cache), false)
 9 FCPATH\index.php(67): CodeIgniter\CodeIgniter->run()
10 SYSTEMPATH\Commands\Server\rewrite.php(47): require_once('C:\\xampp\\htdocs\\CodeIgniter\\Binawasa\\public\\index.php')
INFO - 2024-03-06 15:29:11 --> Session: Class initialized using 'CodeIgniter\Session\Handlers\FileHandler' driver.
CRITICAL - 2024-03-06 15:29:11 --> Undefined variable $pondokmelati
in APPPATH\Views\admin_pondokmelati\pelatih_pondok_melati.php on line 28.
 1 APPPATH\Views\admin_pondokmelati\pelatih_pondok_melati.php(28): CodeIgniter\Debug\Exceptions->errorHandler(2, 'Undefined variable $pondokmelati', 'C:\\xampp\\htdocs\\CodeIgniter\\Binawasa\\app\\Views\\admin_pondokmelati\\pelatih_pondok_melati.php', 28)
 2 SYSTEMPATH\View\View.php(224): include('C:\\xampp\\htdocs\\CodeIgniter\\Binawasa\\app\\Views\\admin_pondokmelati\\pelatih_pondok_melati.php')
 3 SYSTEMPATH\View\View.php(227): CodeIgniter\View\View->CodeIgniter\View\{closure}()
 4 SYSTEMPATH\Common.php(1180): CodeIgniter\View\View->render('Admin_pondokmelati/pelatih_pondok_melati', [], true)
 5 APPPATH\Controllers\Admin_pondokmelati.php(252): view('Admin_pondokmelati/pelatih_pondok_melati', [...])
 6 SYSTEMPATH\CodeIgniter.php(932): App\Controllers\admin_pondokmelati->tambahData_pelatih()
 7 SYSTEMPATH\CodeIgniter.php(497): CodeIgniter\CodeIgniter->runController(Object(App\Controllers\admin_pondokmelati))
 8 SYSTEMPATH\CodeIgniter.php(366): CodeIgniter\CodeIgniter->handleRequest(null, Object(Config\Cache), false)
 9 FCPATH\index.php(67): CodeIgniter\CodeIgniter->run()
10 SYSTEMPATH\Commands\Server\rewrite.php(47): require_once('C:\\xampp\\htdocs\\CodeIgniter\\Binawasa\\public\\index.php')
INFO - 2024-03-06 15:29:12 --> Session: Class initialized using 'CodeIgniter\Session\Handlers\FileHandler' driver.
CRITICAL - 2024-03-06 15:29:12 --> Undefined variable $pondokmelati
in APPPATH\Views\admin_pondokmelati\pelatih_pondok_melati.php on line 28.
 1 APPPATH\Views\admin_pondokmelati\pelatih_pondok_melati.php(28): CodeIgniter\Debug\Exceptions->errorHandler(2, 'Undefined variable $pondokmelati', 'C:\\xampp\\htdocs\\CodeIgniter\\Binawasa\\app\\Views\\admin_pondokmelati\\pelatih_pondok_melati.php', 28)
 2 SYSTEMPATH\View\View.php(224): include('C:\\xampp\\htdocs\\CodeIgniter\\Binawasa\\app\\Views\\admin_pondokmelati\\pelatih_pondok_melati.php')
 3 SYSTEMPATH\View\View.php(227): CodeIgniter\View\View->CodeIgniter\View\{closure}()
 4 SYSTEMPATH\Common.php(1180): CodeIgniter\View\View->render('Admin_pondokmelati/pelatih_pondok_melati', [], true)
 5 APPPATH\Controllers\Admin_pondokmelati.php(252): view('Admin_pondokmelati/pelatih_pondok_melati', [...])
 6 SYSTEMPATH\CodeIgniter.php(932): App\Controllers\admin_pondokmelati->tambahData_pelatih()
 7 SYSTEMPATH\CodeIgniter.php(497): CodeIgniter\CodeIgniter->runController(Object(App\Controllers\admin_pondokmelati))
 8 SYSTEMPATH\CodeIgniter.php(366): CodeIgniter\CodeIgniter->handleRequest(null, Object(Config\Cache), false)
 9 FCPATH\index.php(67): CodeIgniter\CodeIgniter->run()
10 SYSTEMPATH\Commands\Server\rewrite.php(47): require_once('C:\\xampp\\htdocs\\CodeIgniter\\Binawasa\\public\\index.php')
INFO - 2024-03-06 15:29:12 --> Session: Class initialized using 'CodeIgniter\Session\Handlers\FileHandler' driver.
CRITICAL - 2024-03-06 15:29:12 --> Undefined variable $pondokmelati
in APPPATH\Views\admin_pondokmelati\pelatih_pondok_melati.php on line 28.
 1 APPPATH\Views\admin_pondokmelati\pelatih_pondok_melati.php(28): CodeIgniter\Debug\Exceptions->errorHandler(2, 'Undefined variable $pondokmelati', 'C:\\xampp\\htdocs\\CodeIgniter\\Binawasa\\app\\Views\\admin_pondokmelati\\pelatih_pondok_melati.php', 28)
 2 SYSTEMPATH\View\View.php(224): include('C:\\xampp\\htdocs\\CodeIgniter\\Binawasa\\app\\Views\\admin_pondokmelati\\pelatih_pondok_melati.php')
 3 SYSTEMPATH\View\View.php(227): CodeIgniter\View\View->CodeIgniter\View\{closure}()
 4 SYSTEMPATH\Common.php(1180): CodeIgniter\View\View->render('Admin_pondokmelati/pelatih_pondok_melati', [], true)
 5 APPPATH\Controllers\Admin_pondokmelati.php(252): view('Admin_pondokmelati/pelatih_pondok_melati', [...])
 6 SYSTEMPATH\CodeIgniter.php(932): App\Controllers\admin_pondokmelati->tambahData_pelatih()
 7 SYSTEMPATH\CodeIgniter.php(497): CodeIgniter\CodeIgniter->runController(Object(App\Controllers\admin_pondokmelati))
 8 SYSTEMPATH\CodeIgniter.php(366): CodeIgniter\CodeIgniter->handleRequest(null, Object(Config\Cache), false)
 9 FCPATH\index.php(67): CodeIgniter\CodeIgniter->run()
10 SYSTEMPATH\Commands\Server\rewrite.php(47): require_once('C:\\xampp\\htdocs\\CodeIgniter\\Binawasa\\public\\index.php')
INFO - 2024-03-06 15:29:13 --> Session: Class initialized using 'CodeIgniter\Session\Handlers\FileHandler' driver.
CRITICAL - 2024-03-06 15:29:13 --> Undefined variable $pondokmelati
in APPPATH\Views\admin_pondokmelati\pelatih_pondok_melati.php on line 28.
 1 APPPATH\Views\admin_pondokmelati\pelatih_pondok_melati.php(28): CodeIgniter\Debug\Exceptions->errorHandler(2, 'Undefined variable $pondokmelati', 'C:\\xampp\\htdocs\\CodeIgniter\\Binawasa\\app\\Views\\admin_pondokmelati\\pelatih_pondok_melati.php', 28)
 2 SYSTEMPATH\View\View.php(224): include('C:\\xampp\\htdocs\\CodeIgniter\\Binawasa\\app\\Views\\admin_pondokmelati\\pelatih_pondok_melati.php')
 3 SYSTEMPATH\View\View.php(227): CodeIgniter\View\View->CodeIgniter\View\{closure}()
 4 SYSTEMPATH\Common.php(1180): CodeIgniter\View\View->render('Admin_pondokmelati/pelatih_pondok_melati', [], true)
 5 APPPATH\Controllers\Admin_pondokmelati.php(252): view('Admin_pondokmelati/pelatih_pondok_melati', [...])
 6 SYSTEMPATH\CodeIgniter.php(932): App\Controllers\admin_pondokmelati->tambahData_pelatih()
 7 SYSTEMPATH\CodeIgniter.php(497): CodeIgniter\CodeIgniter->runController(Object(App\Controllers\admin_pondokmelati))
 8 SYSTEMPATH\CodeIgniter.php(366): CodeIgniter\CodeIgniter->handleRequest(null, Object(Config\Cache), false)
 9 FCPATH\index.php(67): CodeIgniter\CodeIgniter->run()
10 SYSTEMPATH\Commands\Server\rewrite.php(47): require_once('C:\\xampp\\htdocs\\CodeIgniter\\Binawasa\\public\\index.php')
INFO - 2024-03-06 15:30:12 --> Session: Class initialized using 'CodeIgniter\Session\Handlers\FileHandler' driver.
CRITICAL - 2024-03-06 15:30:12 --> Undefined variable $pondokmelati
in APPPATH\Views\admin_pondokmelati\pelatih_pondok_melati.php on line 28.
 1 APPPATH\Views\admin_pondokmelati\pelatih_pondok_melati.php(28): CodeIgniter\Debug\Exceptions->errorHandler(2, 'Undefined variable $pondokmelati', 'C:\\xampp\\htdocs\\CodeIgniter\\Binawasa\\app\\Views\\admin_pondokmelati\\pelatih_pondok_melati.php', 28)
 2 SYSTEMPATH\View\View.php(224): include('C:\\xampp\\htdocs\\CodeIgniter\\Binawasa\\app\\Views\\admin_pondokmelati\\pelatih_pondok_melati.php')
 3 SYSTEMPATH\View\View.php(227): CodeIgniter\View\View->CodeIgniter\View\{closure}()
 4 SYSTEMPATH\Common.php(1180): CodeIgniter\View\View->render('Admin_pondokmelati/pelatih_pondok_melati', [], true)
 5 APPPATH\Controllers\Admin_pondokmelati.php(252): view('Admin_pondokmelati/pelatih_pondok_melati', [...])
 6 SYSTEMPATH\CodeIgniter.php(932): App\Controllers\admin_pondokmelati->tambahData_pelatih()
 7 SYSTEMPATH\CodeIgniter.php(497): CodeIgniter\CodeIgniter->runController(Object(App\Controllers\admin_pondokmelati))
 8 SYSTEMPATH\CodeIgniter.php(366): CodeIgniter\CodeIgniter->handleRequest(null, Object(Config\Cache), false)
 9 FCPATH\index.php(67): CodeIgniter\CodeIgniter->run()
10 SYSTEMPATH\Commands\Server\rewrite.php(47): require_once('C:\\xampp\\htdocs\\CodeIgniter\\Binawasa\\public\\index.php')
INFO - 2024-03-06 15:30:13 --> Session: Class initialized using 'CodeIgniter\Session\Handlers\FileHandler' driver.
CRITICAL - 2024-03-06 15:30:13 --> Undefined variable $pondokmelati
in APPPATH\Views\admin_pondokmelati\pelatih_pondok_melati.php on line 28.
 1 APPPATH\Views\admin_pondokmelati\pelatih_pondok_melati.php(28): CodeIgniter\Debug\Exceptions->errorHandler(2, 'Undefined variable $pondokmelati', 'C:\\xampp\\htdocs\\CodeIgniter\\Binawasa\\app\\Views\\admin_pondokmelati\\pelatih_pondok_melati.php', 28)
 2 SYSTEMPATH\View\View.php(224): include('C:\\xampp\\htdocs\\CodeIgniter\\Binawasa\\app\\Views\\admin_pondokmelati\\pelatih_pondok_melati.php')
 3 SYSTEMPATH\View\View.php(227): CodeIgniter\View\View->CodeIgniter\View\{closure}()
 4 SYSTEMPATH\Common.php(1180): CodeIgniter\View\View->render('Admin_pondokmelati/pelatih_pondok_melati', [], true)
 5 APPPATH\Controllers\Admin_pondokmelati.php(252): view('Admin_pondokmelati/pelatih_pondok_melati', [...])
 6 SYSTEMPATH\CodeIgniter.php(932): App\Controllers\admin_pondokmelati->tambahData_pelatih()
 7 SYSTEMPATH\CodeIgniter.php(497): CodeIgniter\CodeIgniter->runController(Object(App\Controllers\admin_pondokmelati))
 8 SYSTEMPATH\CodeIgniter.php(366): CodeIgniter\CodeIgniter->handleRequest(null, Object(Config\Cache), false)
 9 FCPATH\index.php(67): CodeIgniter\CodeIgniter->run()
10 SYSTEMPATH\Commands\Server\rewrite.php(47): require_once('C:\\xampp\\htdocs\\CodeIgniter\\Binawasa\\public\\index.php')
INFO - 2024-03-06 15:30:13 --> Session: Class initialized using 'CodeIgniter\Session\Handlers\FileHandler' driver.
CRITICAL - 2024-03-06 15:30:13 --> Undefined variable $pondokmelati
in APPPATH\Views\admin_pondokmelati\pelatih_pondok_melati.php on line 28.
 1 APPPATH\Views\admin_pondokmelati\pelatih_pondok_melati.php(28): CodeIgniter\Debug\Exceptions->errorHandler(2, 'Undefined variable $pondokmelati', 'C:\\xampp\\htdocs\\CodeIgniter\\Binawasa\\app\\Views\\admin_pondokmelati\\pelatih_pondok_melati.php', 28)
 2 SYSTEMPATH\View\View.php(224): include('C:\\xampp\\htdocs\\CodeIgniter\\Binawasa\\app\\Views\\admin_pondokmelati\\pelatih_pondok_melati.php')
 3 SYSTEMPATH\View\View.php(227): CodeIgniter\View\View->CodeIgniter\View\{closure}()
 4 SYSTEMPATH\Common.php(1180): CodeIgniter\View\View->render('Admin_pondokmelati/pelatih_pondok_melati', [], true)
 5 APPPATH\Controllers\Admin_pondokmelati.php(252): view('Admin_pondokmelati/pelatih_pondok_melati', [...])
 6 SYSTEMPATH\CodeIgniter.php(932): App\Controllers\admin_pondokmelati->tambahData_pelatih()
 7 SYSTEMPATH\CodeIgniter.php(497): CodeIgniter\CodeIgniter->runController(Object(App\Controllers\admin_pondokmelati))
 8 SYSTEMPATH\CodeIgniter.php(366): CodeIgniter\CodeIgniter->handleRequest(null, Object(Config\Cache), false)
 9 FCPATH\index.php(67): CodeIgniter\CodeIgniter->run()
10 SYSTEMPATH\Commands\Server\rewrite.php(47): require_once('C:\\xampp\\htdocs\\CodeIgniter\\Binawasa\\public\\index.php')
INFO - 2024-03-06 15:30:14 --> Session: Class initialized using 'CodeIgniter\Session\Handlers\FileHandler' driver.
CRITICAL - 2024-03-06 15:30:14 --> Undefined variable $pondokmelati
in APPPATH\Views\admin_pondokmelati\pelatih_pondok_melati.php on line 28.
 1 APPPATH\Views\admin_pondokmelati\pelatih_pondok_melati.php(28): CodeIgniter\Debug\Exceptions->errorHandler(2, 'Undefined variable $pondokmelati', 'C:\\xampp\\htdocs\\CodeIgniter\\Binawasa\\app\\Views\\admin_pondokmelati\\pelatih_pondok_melati.php', 28)
 2 SYSTEMPATH\View\View.php(224): include('C:\\xampp\\htdocs\\CodeIgniter\\Binawasa\\app\\Views\\admin_pondokmelati\\pelatih_pondok_melati.php')
 3 SYSTEMPATH\View\View.php(227): CodeIgniter\View\View->CodeIgniter\View\{closure}()
 4 SYSTEMPATH\Common.php(1180): CodeIgniter\View\View->render('Admin_pondokmelati/pelatih_pondok_melati', [], true)
 5 APPPATH\Controllers\Admin_pondokmelati.php(252): view('Admin_pondokmelati/pelatih_pondok_melati', [...])
 6 SYSTEMPATH\CodeIgniter.php(932): App\Controllers\admin_pondokmelati->tambahData_pelatih()
 7 SYSTEMPATH\CodeIgniter.php(497): CodeIgniter\CodeIgniter->runController(Object(App\Controllers\admin_pondokmelati))
 8 SYSTEMPATH\CodeIgniter.php(366): CodeIgniter\CodeIgniter->handleRequest(null, Object(Config\Cache), false)
 9 FCPATH\index.php(67): CodeIgniter\CodeIgniter->run()
10 SYSTEMPATH\Commands\Server\rewrite.php(47): require_once('C:\\xampp\\htdocs\\CodeIgniter\\Binawasa\\public\\index.php')
INFO - 2024-03-06 15:30:15 --> Session: Class initialized using 'CodeIgniter\Session\Handlers\FileHandler' driver.
CRITICAL - 2024-03-06 15:30:15 --> Undefined variable $pondokmelati
in APPPATH\Views\admin_pondokmelati\pelatih_pondok_melati.php on line 28.
 1 APPPATH\Views\admin_pondokmelati\pelatih_pondok_melati.php(28): CodeIgniter\Debug\Exceptions->errorHandler(2, 'Undefined variable $pondokmelati', 'C:\\xampp\\htdocs\\CodeIgniter\\Binawasa\\app\\Views\\admin_pondokmelati\\pelatih_pondok_melati.php', 28)
 2 SYSTEMPATH\View\View.php(224): include('C:\\xampp\\htdocs\\CodeIgniter\\Binawasa\\app\\Views\\admin_pondokmelati\\pelatih_pondok_melati.php')
 3 SYSTEMPATH\View\View.php(227): CodeIgniter\View\View->CodeIgniter\View\{closure}()
 4 SYSTEMPATH\Common.php(1180): CodeIgniter\View\View->render('Admin_pondokmelati/pelatih_pondok_melati', [], true)
 5 APPPATH\Controllers\Admin_pondokmelati.php(252): view('Admin_pondokmelati/pelatih_pondok_melati', [...])
 6 SYSTEMPATH\CodeIgniter.php(932): App\Controllers\admin_pondokmelati->tambahData_pelatih()
 7 SYSTEMPATH\CodeIgniter.php(497): CodeIgniter\CodeIgniter->runController(Object(App\Controllers\admin_pondokmelati))
 8 SYSTEMPATH\CodeIgniter.php(366): CodeIgniter\CodeIgniter->handleRequest(null, Object(Config\Cache), false)
 9 FCPATH\index.php(67): CodeIgniter\CodeIgniter->run()
10 SYSTEMPATH\Commands\Server\rewrite.php(47): require_once('C:\\xampp\\htdocs\\CodeIgniter\\Binawasa\\public\\index.php')
INFO - 2024-03-06 15:31:43 --> Session: Class initialized using 'CodeIgniter\Session\Handlers\FileHandler' driver.
INFO - 2024-03-06 15:31:44 --> Session: Class initialized using 'CodeIgniter\Session\Handlers\FileHandler' driver.
INFO - 2024-03-06 15:31:45 --> Session: Class initialized using 'CodeIgniter\Session\Handlers\FileHandler' driver.
INFO - 2024-03-06 15:32:05 --> Session: Class initialized using 'CodeIgniter\Session\Handlers\FileHandler' driver.
INFO - 2024-03-06 15:32:24 --> Session: Class initialized using 'CodeIgniter\Session\Handlers\FileHandler' driver.
INFO - 2024-03-06 15:37:29 --> Session: Class initialized using 'CodeIgniter\Session\Handlers\FileHandler' driver.
INFO - 2024-03-06 15:37:30 --> Session: Class initialized using 'CodeIgniter\Session\Handlers\FileHandler' driver.
INFO - 2024-03-06 15:37:31 --> Session: Class initialized using 'CodeIgniter\Session\Handlers\FileHandler' driver.
INFO - 2024-03-06 15:37:33 --> Session: Class initialized using 'CodeIgniter\Session\Handlers\FileHandler' driver.
INFO - 2024-03-06 15:37:36 --> Session: Class initialized using 'CodeIgniter\Session\Handlers\FileHandler' driver.
INFO - 2024-03-06 15:37:42 --> Session: Class initialized using 'CodeIgniter\Session\Handlers\FileHandler' driver.
INFO - 2024-03-06 15:37:42 --> Session: Class initialized using 'CodeIgniter\Session\Handlers\FileHandler' driver.
INFO - 2024-03-06 16:49:37 --> Session: Class initialized using 'CodeIgniter\Session\Handlers\FileHandler' driver.
INFO - 2024-03-06 16:49:59 --> Session: Class initialized using 'CodeIgniter\Session\Handlers\FileHandler' driver.
INFO - 2024-03-06 16:50:01 --> Session: Class initialized using 'CodeIgniter\Session\Handlers\FileHandler' driver.
INFO - 2024-03-06 16:50:06 --> Session: Class initialized using 'CodeIgniter\Session\Handlers\FileHandler' driver.
INFO - 2024-03-06 16:50:07 --> Session: Class initialized using 'CodeIgniter\Session\Handlers\FileHandler' driver.
INFO - 2024-03-06 16:50:08 --> Session: Class initialized using 'CodeIgniter\Session\Handlers\FileHandler' driver.
INFO - 2024-03-06 16:50:31 --> Session: Class initialized using 'CodeIgniter\Session\Handlers\FileHandler' driver.
INFO - 2024-03-06 16:50:32 --> Session: Class initialized using 'CodeIgniter\Session\Handlers\FileHandler' driver.
INFO - 2024-03-06 16:50:33 --> Session: Class initialized using 'CodeIgniter\Session\Handlers\FileHandler' driver.
INFO - 2024-03-06 16:50:33 --> Session: Class initialized using 'CodeIgniter\Session\Handlers\FileHandler' driver.
INFO - 2024-03-06 16:51:22 --> Session: Class initialized using 'CodeIgniter\Session\Handlers\FileHandler' driver.
INFO - 2024-03-06 16:51:25 --> Session: Class initialized using 'CodeIgniter\Session\Handlers\FileHandler' driver.
INFO - 2024-03-06 16:51:27 --> Session: Class initialized using 'CodeIgniter\Session\Handlers\FileHandler' driver.
INFO - 2024-03-06 16:52:20 --> Session: Class initialized using 'CodeIgniter\Session\Handlers\FileHandler' driver.
INFO - 2024-03-06 16:52:20 --> Session: Class initialized using 'CodeIgniter\Session\Handlers\FileHandler' driver.
INFO - 2024-03-06 16:52:39 --> Session: Class initialized using 'CodeIgniter\Session\Handlers\FileHandler' driver.
INFO - 2024-03-06 16:55:26 --> Session: Class initialized using 'CodeIgniter\Session\Handlers\FileHandler' driver.
INFO - 2024-03-06 16:56:00 --> Session: Class initialized using 'CodeIgniter\Session\Handlers\FileHandler' driver.
INFO - 2024-03-06 16:56:00 --> Session: Class initialized using 'CodeIgniter\Session\Handlers\FileHandler' driver.
INFO - 2024-03-06 17:17:03 --> Session: Class initialized using 'CodeIgniter\Session\Handlers\FileHandler' driver.
INFO - 2024-03-06 17:17:13 --> Session: Class initialized using 'CodeIgniter\Session\Handlers\FileHandler' driver.
INFO - 2024-03-06 17:17:19 --> Session: Class initialized using 'CodeIgniter\Session\Handlers\FileHandler' driver.
INFO - 2024-03-06 17:19:22 --> Session: Class initialized using 'CodeIgniter\Session\Handlers\FileHandler' driver.
INFO - 2024-03-06 17:19:25 --> Session: Class initialized using 'CodeIgniter\Session\Handlers\FileHandler' driver.
INFO - 2024-03-06 17:19:28 --> Session: Class initialized using 'CodeIgniter\Session\Handlers\FileHandler' driver.
INFO - 2024-03-06 17:19:32 --> Session: Class initialized using 'CodeIgniter\Session\Handlers\FileHandler' driver.
INFO - 2024-03-06 17:19:35 --> Session: Class initialized using 'CodeIgniter\Session\Handlers\FileHandler' driver.
