INFO - 2024-04-12 14:13:36 --> Session: Class initialized using 'CodeIgniter\Session\Handlers\FileHandler' driver.
INFO - 2024-04-12 14:13:39 --> Session: Class initialized using 'CodeIgniter\Session\Handlers\FileHandler' driver.
INFO - 2024-04-12 14:14:05 --> Session: Class initialized using 'CodeIgniter\Session\Handlers\FileHandler' driver.
INFO - 2024-04-12 14:14:05 --> Session: Class initialized using 'CodeIgniter\Session\Handlers\FileHandler' driver.
INFO - 2024-04-12 14:14:11 --> Session: Class initialized using 'CodeIgniter\Session\Handlers\FileHandler' driver.
INFO - 2024-04-12 14:14:26 --> Session: Class initialized using 'CodeIgniter\Session\Handlers\FileHandler' driver.
INFO - 2024-04-12 14:46:28 --> Session: Class initialized using 'CodeIgniter\Session\Handlers\FileHandler' driver.
CRITICAL - 2024-04-12 14:46:28 --> Undefined array key "idpelatih_bekasut"
in APPPATH\Views\admin_bekasut\pelatih_bekasi_utara.php on line 66.
 1 APPPATH\Views\admin_bekasut\pelatih_bekasi_utara.php(66): CodeIgniter\Debug\Exceptions->errorHandler(2, 'Undefined array key "idpelatih_bekasut"', 'C:\\xampp\\htdocs\\CodeIgniter\\Binawasa\\app\\Views\\admin_bekasut\\pelatih_bekasi_utara.php', 66)
 2 SYSTEMPATH\View\View.php(224): include('C:\\xampp\\htdocs\\CodeIgniter\\Binawasa\\app\\Views\\admin_bekasut\\pelatih_bekasi_utara.php')
 3 SYSTEMPATH\View\View.php(227): CodeIgniter\View\View->CodeIgniter\View\{closure}()
 4 SYSTEMPATH\Common.php(1180): CodeIgniter\View\View->render('/Admin_bekasut/pelatih_bekasi_utara', [], true)
 5 APPPATH\Controllers\Admin_bekasut.php(433): view('/Admin_bekasut/pelatih_bekasi_utara', [...])
 6 SYSTEMPATH\CodeIgniter.php(932): App\Controllers\Admin_bekasut->pelatih_bekasi_utara()
 7 SYSTEMPATH\CodeIgniter.php(497): CodeIgniter\CodeIgniter->runController(Object(App\Controllers\Admin_bekasut))
 8 SYSTEMPATH\CodeIgniter.php(366): CodeIgniter\CodeIgniter->handleRequest(null, Object(Config\Cache), false)
 9 FCPATH\index.php(67): CodeIgniter\CodeIgniter->run()
10 SYSTEMPATH\Commands\Server\rewrite.php(47): require_once('C:\\xampp\\htdocs\\CodeIgniter\\Binawasa\\public\\index.php')
INFO - 2024-04-12 14:47:26 --> Session: Class initialized using 'CodeIgniter\Session\Handlers\FileHandler' driver.
CRITICAL - 2024-04-12 14:47:26 --> Undefined array key "idpelatih_bekasut"
in APPPATH\Views\admin_bekasut\pelatih_bekasi_utara.php on line 66.
 1 APPPATH\Views\admin_bekasut\pelatih_bekasi_utara.php(66): CodeIgniter\Debug\Exceptions->errorHandler(2, 'Undefined array key "idpelatih_bekasut"', 'C:\\xampp\\htdocs\\CodeIgniter\\Binawasa\\app\\Views\\admin_bekasut\\pelatih_bekasi_utara.php', 66)
 2 SYSTEMPATH\View\View.php(224): include('C:\\xampp\\htdocs\\CodeIgniter\\Binawasa\\app\\Views\\admin_bekasut\\pelatih_bekasi_utara.php')
 3 SYSTEMPATH\View\View.php(227): CodeIgniter\View\View->CodeIgniter\View\{closure}()
 4 SYSTEMPATH\Common.php(1180): CodeIgniter\View\View->render('/Admin_bekasut/pelatih_bekasi_utara', [], true)
 5 APPPATH\Controllers\Admin_bekasut.php(433): view('/Admin_bekasut/pelatih_bekasi_utara', [...])
 6 SYSTEMPATH\CodeIgniter.php(932): App\Controllers\Admin_bekasut->pelatih_bekasi_utara()
 7 SYSTEMPATH\CodeIgniter.php(497): CodeIgniter\CodeIgniter->runController(Object(App\Controllers\Admin_bekasut))
 8 SYSTEMPATH\CodeIgniter.php(366): CodeIgniter\CodeIgniter->handleRequest(null, Object(Config\Cache), false)
 9 FCPATH\index.php(67): CodeIgniter\CodeIgniter->run()
10 SYSTEMPATH\Commands\Server\rewrite.php(47): require_once('C:\\xampp\\htdocs\\CodeIgniter\\Binawasa\\public\\index.php')
INFO - 2024-04-12 14:47:28 --> Session: Class initialized using 'CodeIgniter\Session\Handlers\FileHandler' driver.
CRITICAL - 2024-04-12 14:47:28 --> Undefined array key "idpelatih_bekasut"
in APPPATH\Views\admin_bekasut\pelatih_bekasi_utara.php on line 66.
 1 APPPATH\Views\admin_bekasut\pelatih_bekasi_utara.php(66): CodeIgniter\Debug\Exceptions->errorHandler(2, 'Undefined array key "idpelatih_bekasut"', 'C:\\xampp\\htdocs\\CodeIgniter\\Binawasa\\app\\Views\\admin_bekasut\\pelatih_bekasi_utara.php', 66)
 2 SYSTEMPATH\View\View.php(224): include('C:\\xampp\\htdocs\\CodeIgniter\\Binawasa\\app\\Views\\admin_bekasut\\pelatih_bekasi_utara.php')
 3 SYSTEMPATH\View\View.php(227): CodeIgniter\View\View->CodeIgniter\View\{closure}()
 4 SYSTEMPATH\Common.php(1180): CodeIgniter\View\View->render('/Admin_bekasut/pelatih_bekasi_utara', [], true)
 5 APPPATH\Controllers\Admin_bekasut.php(433): view('/Admin_bekasut/pelatih_bekasi_utara', [...])
 6 SYSTEMPATH\CodeIgniter.php(932): App\Controllers\Admin_bekasut->pelatih_bekasi_utara()
 7 SYSTEMPATH\CodeIgniter.php(497): CodeIgniter\CodeIgniter->runController(Object(App\Controllers\Admin_bekasut))
 8 SYSTEMPATH\CodeIgniter.php(366): CodeIgniter\CodeIgniter->handleRequest(null, Object(Config\Cache), false)
 9 FCPATH\index.php(67): CodeIgniter\CodeIgniter->run()
10 SYSTEMPATH\Commands\Server\rewrite.php(47): require_once('C:\\xampp\\htdocs\\CodeIgniter\\Binawasa\\public\\index.php')
INFO - 2024-04-12 14:47:39 --> Session: Class initialized using 'CodeIgniter\Session\Handlers\FileHandler' driver.
INFO - 2024-04-12 14:47:55 --> Session: Class initialized using 'CodeIgniter\Session\Handlers\FileHandler' driver.
INFO - 2024-04-12 14:51:24 --> Session: Class initialized using 'CodeIgniter\Session\Handlers\FileHandler' driver.
INFO - 2024-04-12 14:51:26 --> Session: Class initialized using 'CodeIgniter\Session\Handlers\FileHandler' driver.
INFO - 2024-04-12 14:54:37 --> Session: Class initialized using 'CodeIgniter\Session\Handlers\FileHandler' driver.
INFO - 2024-04-12 14:58:06 --> Session: Class initialized using 'CodeIgniter\Session\Handlers\FileHandler' driver.
INFO - 2024-04-12 15:00:12 --> Session: Class initialized using 'CodeIgniter\Session\Handlers\FileHandler' driver.
INFO - 2024-04-12 15:00:13 --> Session: Class initialized using 'CodeIgniter\Session\Handlers\FileHandler' driver.
INFO - 2024-04-12 15:00:46 --> Session: Class initialized using 'CodeIgniter\Session\Handlers\FileHandler' driver.
INFO - 2024-04-12 15:04:19 --> Session: Class initialized using 'CodeIgniter\Session\Handlers\FileHandler' driver.
INFO - 2024-04-12 15:05:05 --> Session: Class initialized using 'CodeIgniter\Session\Handlers\FileHandler' driver.
INFO - 2024-04-12 15:05:47 --> Session: Class initialized using 'CodeIgniter\Session\Handlers\FileHandler' driver.
INFO - 2024-04-12 15:06:03 --> Session: Class initialized using 'CodeIgniter\Session\Handlers\FileHandler' driver.
CRITICAL - 2024-04-12 15:06:03 --> Too few arguments to function App\Controllers\Admin_bekasut::deleteData_pelatih(), 0 passed in C:\xampp\htdocs\CodeIgniter\Binawasa\system\CodeIgniter.php on line 932 and exactly 1 expected
in APPPATH\Controllers\Admin_bekasut.php on line 709.
 1 SYSTEMPATH\CodeIgniter.php(932): App\Controllers\Admin_bekasut->deleteData_pelatih()
 2 SYSTEMPATH\CodeIgniter.php(497): CodeIgniter\CodeIgniter->runController(Object(App\Controllers\Admin_bekasut))
 3 SYSTEMPATH\CodeIgniter.php(366): CodeIgniter\CodeIgniter->handleRequest(null, Object(Config\Cache), false)
 4 FCPATH\index.php(67): CodeIgniter\CodeIgniter->run()
 5 SYSTEMPATH\Commands\Server\rewrite.php(47): require_once('C:\\xampp\\htdocs\\CodeIgniter\\Binawasa\\public\\index.php')
INFO - 2024-04-12 15:06:21 --> Session: Class initialized using 'CodeIgniter\Session\Handlers\FileHandler' driver.
CRITICAL - 2024-04-12 15:06:21 --> Too few arguments to function App\Controllers\Admin_bekasut::deleteData_pelatih(), 0 passed in C:\xampp\htdocs\CodeIgniter\Binawasa\system\CodeIgniter.php on line 932 and exactly 1 expected
in APPPATH\Controllers\Admin_bekasut.php on line 709.
 1 SYSTEMPATH\CodeIgniter.php(932): App\Controllers\Admin_bekasut->deleteData_pelatih()
 2 SYSTEMPATH\CodeIgniter.php(497): CodeIgniter\CodeIgniter->runController(Object(App\Controllers\Admin_bekasut))
 3 SYSTEMPATH\CodeIgniter.php(366): CodeIgniter\CodeIgniter->handleRequest(null, Object(Config\Cache), false)
 4 FCPATH\index.php(67): CodeIgniter\CodeIgniter->run()
 5 SYSTEMPATH\Commands\Server\rewrite.php(47): require_once('C:\\xampp\\htdocs\\CodeIgniter\\Binawasa\\public\\index.php')
INFO - 2024-04-12 15:06:24 --> Session: Class initialized using 'CodeIgniter\Session\Handlers\FileHandler' driver.
INFO - 2024-04-12 15:06:25 --> Session: Class initialized using 'CodeIgniter\Session\Handlers\FileHandler' driver.
INFO - 2024-04-12 15:06:30 --> Session: Class initialized using 'CodeIgniter\Session\Handlers\FileHandler' driver.
CRITICAL - 2024-04-12 15:06:30 --> Too few arguments to function App\Controllers\Admin_bekasut::deleteData_pelatih(), 0 passed in C:\xampp\htdocs\CodeIgniter\Binawasa\system\CodeIgniter.php on line 932 and exactly 1 expected
in APPPATH\Controllers\Admin_bekasut.php on line 709.
 1 SYSTEMPATH\CodeIgniter.php(932): App\Controllers\Admin_bekasut->deleteData_pelatih()
 2 SYSTEMPATH\CodeIgniter.php(497): CodeIgniter\CodeIgniter->runController(Object(App\Controllers\Admin_bekasut))
 3 SYSTEMPATH\CodeIgniter.php(366): CodeIgniter\CodeIgniter->handleRequest(null, Object(Config\Cache), false)
 4 FCPATH\index.php(67): CodeIgniter\CodeIgniter->run()
 5 SYSTEMPATH\Commands\Server\rewrite.php(47): require_once('C:\\xampp\\htdocs\\CodeIgniter\\Binawasa\\public\\index.php')
INFO - 2024-04-12 15:07:28 --> Session: Class initialized using 'CodeIgniter\Session\Handlers\FileHandler' driver.
CRITICAL - 2024-04-12 15:07:28 --> Too few arguments to function App\Controllers\Admin_bekasut::deleteData_pelatih(), 0 passed in C:\xampp\htdocs\CodeIgniter\Binawasa\system\CodeIgniter.php on line 932 and exactly 1 expected
in APPPATH\Controllers\Admin_bekasut.php on line 709.
 1 SYSTEMPATH\CodeIgniter.php(932): App\Controllers\Admin_bekasut->deleteData_pelatih()
 2 SYSTEMPATH\CodeIgniter.php(497): CodeIgniter\CodeIgniter->runController(Object(App\Controllers\Admin_bekasut))
 3 SYSTEMPATH\CodeIgniter.php(366): CodeIgniter\CodeIgniter->handleRequest(null, Object(Config\Cache), false)
 4 FCPATH\index.php(67): CodeIgniter\CodeIgniter->run()
 5 SYSTEMPATH\Commands\Server\rewrite.php(47): require_once('C:\\xampp\\htdocs\\CodeIgniter\\Binawasa\\public\\index.php')
INFO - 2024-04-12 15:07:29 --> Session: Class initialized using 'CodeIgniter\Session\Handlers\FileHandler' driver.
CRITICAL - 2024-04-12 15:07:29 --> Too few arguments to function App\Controllers\Admin_bekasut::deleteData_pelatih(), 0 passed in C:\xampp\htdocs\CodeIgniter\Binawasa\system\CodeIgniter.php on line 932 and exactly 1 expected
in APPPATH\Controllers\Admin_bekasut.php on line 709.
 1 SYSTEMPATH\CodeIgniter.php(932): App\Controllers\Admin_bekasut->deleteData_pelatih()
 2 SYSTEMPATH\CodeIgniter.php(497): CodeIgniter\CodeIgniter->runController(Object(App\Controllers\Admin_bekasut))
 3 SYSTEMPATH\CodeIgniter.php(366): CodeIgniter\CodeIgniter->handleRequest(null, Object(Config\Cache), false)
 4 FCPATH\index.php(67): CodeIgniter\CodeIgniter->run()
 5 SYSTEMPATH\Commands\Server\rewrite.php(47): require_once('C:\\xampp\\htdocs\\CodeIgniter\\Binawasa\\public\\index.php')
INFO - 2024-04-12 15:07:36 --> Session: Class initialized using 'CodeIgniter\Session\Handlers\FileHandler' driver.
INFO - 2024-04-12 15:07:38 --> Session: Class initialized using 'CodeIgniter\Session\Handlers\FileHandler' driver.
INFO - 2024-04-12 15:08:28 --> Session: Class initialized using 'CodeIgniter\Session\Handlers\FileHandler' driver.
INFO - 2024-04-12 15:08:34 --> Session: Class initialized using 'CodeIgniter\Session\Handlers\FileHandler' driver.
INFO - 2024-04-12 15:08:35 --> Session: Class initialized using 'CodeIgniter\Session\Handlers\FileHandler' driver.
INFO - 2024-04-12 15:12:02 --> Session: Class initialized using 'CodeIgniter\Session\Handlers\FileHandler' driver.
CRITICAL - 2024-04-12 15:12:02 --> Too few arguments to function App\Controllers\Admin_bekasut::editData_pelatih(), 0 passed in C:\xampp\htdocs\CodeIgniter\Binawasa\system\CodeIgniter.php on line 932 and exactly 1 expected
in APPPATH\Controllers\Admin_bekasut.php on line 628.
 1 SYSTEMPATH\CodeIgniter.php(932): App\Controllers\Admin_bekasut->editData_pelatih()
 2 SYSTEMPATH\CodeIgniter.php(497): CodeIgniter\CodeIgniter->runController(Object(App\Controllers\Admin_bekasut))
 3 SYSTEMPATH\CodeIgniter.php(366): CodeIgniter\CodeIgniter->handleRequest(null, Object(Config\Cache), false)
 4 FCPATH\index.php(67): CodeIgniter\CodeIgniter->run()
 5 SYSTEMPATH\Commands\Server\rewrite.php(47): require_once('C:\\xampp\\htdocs\\CodeIgniter\\Binawasa\\public\\index.php')
INFO - 2024-04-12 15:18:32 --> Session: Class initialized using 'CodeIgniter\Session\Handlers\FileHandler' driver.
CRITICAL - 2024-04-12 15:18:32 --> Too few arguments to function App\Controllers\Admin_bekasut::editData_pelatih(), 0 passed in C:\xampp\htdocs\CodeIgniter\Binawasa\system\CodeIgniter.php on line 932 and exactly 1 expected
in APPPATH\Controllers\Admin_bekasut.php on line 628.
 1 SYSTEMPATH\CodeIgniter.php(932): App\Controllers\Admin_bekasut->editData_pelatih()
 2 SYSTEMPATH\CodeIgniter.php(497): CodeIgniter\CodeIgniter->runController(Object(App\Controllers\Admin_bekasut))
 3 SYSTEMPATH\CodeIgniter.php(366): CodeIgniter\CodeIgniter->handleRequest(null, Object(Config\Cache), false)
 4 FCPATH\index.php(67): CodeIgniter\CodeIgniter->run()
 5 SYSTEMPATH\Commands\Server\rewrite.php(47): require_once('C:\\xampp\\htdocs\\CodeIgniter\\Binawasa\\public\\index.php')
INFO - 2024-04-12 15:18:33 --> Session: Class initialized using 'CodeIgniter\Session\Handlers\FileHandler' driver.
CRITICAL - 2024-04-12 15:18:33 --> Too few arguments to function App\Controllers\Admin_bekasut::editData_pelatih(), 0 passed in C:\xampp\htdocs\CodeIgniter\Binawasa\system\CodeIgniter.php on line 932 and exactly 1 expected
in APPPATH\Controllers\Admin_bekasut.php on line 628.
 1 SYSTEMPATH\CodeIgniter.php(932): App\Controllers\Admin_bekasut->editData_pelatih()
 2 SYSTEMPATH\CodeIgniter.php(497): CodeIgniter\CodeIgniter->runController(Object(App\Controllers\Admin_bekasut))
 3 SYSTEMPATH\CodeIgniter.php(366): CodeIgniter\CodeIgniter->handleRequest(null, Object(Config\Cache), false)
 4 FCPATH\index.php(67): CodeIgniter\CodeIgniter->run()
 5 SYSTEMPATH\Commands\Server\rewrite.php(47): require_once('C:\\xampp\\htdocs\\CodeIgniter\\Binawasa\\public\\index.php')
INFO - 2024-04-12 15:18:37 --> Session: Class initialized using 'CodeIgniter\Session\Handlers\FileHandler' driver.
INFO - 2024-04-12 15:18:39 --> Session: Class initialized using 'CodeIgniter\Session\Handlers\FileHandler' driver.
INFO - 2024-04-12 15:18:44 --> Session: Class initialized using 'CodeIgniter\Session\Handlers\FileHandler' driver.
CRITICAL - 2024-04-12 15:18:44 --> Trying to access array offset on value of type null
in APPPATH\Views\admin_bekasut\editData_pelatih.php on line 9.
 1 APPPATH\Views\admin_bekasut\editData_pelatih.php(9): CodeIgniter\Debug\Exceptions->errorHandler(2, 'Trying to access array offset on value of type null', 'C:\\xampp\\htdocs\\CodeIgniter\\Binawasa\\app\\Views\\admin_bekasut\\editData_pelatih.php', 9)
 2 SYSTEMPATH\View\View.php(224): include('C:\\xampp\\htdocs\\CodeIgniter\\Binawasa\\app\\Views\\admin_bekasut\\editData_pelatih.php')
 3 SYSTEMPATH\View\View.php(227): CodeIgniter\View\View->CodeIgniter\View\{closure}()
 4 SYSTEMPATH\Common.php(1180): CodeIgniter\View\View->render('Admin_bekasut/editData_pelatih', [], true)
 5 APPPATH\Controllers\Admin_bekasut.php(639): view('Admin_bekasut/editData_pelatih', [...])
 6 SYSTEMPATH\CodeIgniter.php(932): App\Controllers\Admin_bekasut->editData_pelatih('muh-yusuf')
 7 SYSTEMPATH\CodeIgniter.php(497): CodeIgniter\CodeIgniter->runController(Object(App\Controllers\Admin_bekasut))
 8 SYSTEMPATH\CodeIgniter.php(366): CodeIgniter\CodeIgniter->handleRequest(null, Object(Config\Cache), false)
 9 FCPATH\index.php(67): CodeIgniter\CodeIgniter->run()
10 SYSTEMPATH\Commands\Server\rewrite.php(47): require_once('C:\\xampp\\htdocs\\CodeIgniter\\Binawasa\\public\\index.php')
INFO - 2024-04-12 15:21:24 --> Session: Class initialized using 'CodeIgniter\Session\Handlers\FileHandler' driver.
INFO - 2024-04-12 15:22:13 --> Session: Class initialized using 'CodeIgniter\Session\Handlers\FileHandler' driver.
INFO - 2024-04-12 15:22:13 --> Session: Class initialized using 'CodeIgniter\Session\Handlers\FileHandler' driver.
INFO - 2024-04-12 15:22:26 --> Session: Class initialized using 'CodeIgniter\Session\Handlers\FileHandler' driver.
INFO - 2024-04-12 15:22:26 --> Session: Class initialized using 'CodeIgniter\Session\Handlers\FileHandler' driver.
INFO - 2024-04-12 15:23:58 --> Session: Class initialized using 'CodeIgniter\Session\Handlers\FileHandler' driver.
INFO - 2024-04-12 15:24:00 --> Session: Class initialized using 'CodeIgniter\Session\Handlers\FileHandler' driver.
INFO - 2024-04-12 15:24:21 --> Session: Class initialized using 'CodeIgniter\Session\Handlers\FileHandler' driver.
INFO - 2024-04-12 15:24:27 --> Session: Class initialized using 'CodeIgniter\Session\Handlers\FileHandler' driver.
INFO - 2024-04-12 15:25:12 --> Session: Class initialized using 'CodeIgniter\Session\Handlers\FileHandler' driver.
INFO - 2024-04-12 15:25:14 --> Session: Class initialized using 'CodeIgniter\Session\Handlers\FileHandler' driver.
CRITICAL - 2024-04-12 15:25:14 --> Invalid file: "Admin_bekasut/excelData_pembina.php"
in SYSTEMPATH\Exceptions\FrameworkException.php on line 33.
 1 SYSTEMPATH\View\View.php(212): CodeIgniter\Exceptions\FrameworkException::forInvalidFile('Admin_bekasut/excelData_pembina.php')
 2 SYSTEMPATH\Common.php(1180): CodeIgniter\View\View->render('Admin_bekasut/excelData_pembina', [], true)
 3 APPPATH\Controllers\Admin_bekasut.php(401): view('Admin_bekasut/excelData_pembina', [...])
 4 SYSTEMPATH\CodeIgniter.php(932): App\Controllers\Admin_bekasut->excelData_pembina()
 5 SYSTEMPATH\CodeIgniter.php(497): CodeIgniter\CodeIgniter->runController(Object(App\Controllers\Admin_bekasut))
 6 SYSTEMPATH\CodeIgniter.php(366): CodeIgniter\CodeIgniter->handleRequest(null, Object(Config\Cache), false)
 7 FCPATH\index.php(67): CodeIgniter\CodeIgniter->run()
 8 SYSTEMPATH\Commands\Server\rewrite.php(47): require_once('C:\\xampp\\htdocs\\CodeIgniter\\Binawasa\\public\\index.php')
INFO - 2024-04-12 15:27:01 --> Session: Class initialized using 'CodeIgniter\Session\Handlers\FileHandler' driver.
INFO - 2024-04-12 15:27:03 --> Session: Class initialized using 'CodeIgniter\Session\Handlers\FileHandler' driver.
INFO - 2024-04-12 15:27:05 --> Session: Class initialized using 'CodeIgniter\Session\Handlers\FileHandler' driver.
INFO - 2024-04-12 15:27:07 --> Session: Class initialized using 'CodeIgniter\Session\Handlers\FileHandler' driver.
INFO - 2024-04-12 15:28:07 --> Session: Class initialized using 'CodeIgniter\Session\Handlers\FileHandler' driver.
INFO - 2024-04-12 15:28:08 --> Session: Class initialized using 'CodeIgniter\Session\Handlers\FileHandler' driver.
INFO - 2024-04-12 15:28:11 --> Session: Class initialized using 'CodeIgniter\Session\Handlers\FileHandler' driver.
INFO - 2024-04-12 15:29:15 --> Session: Class initialized using 'CodeIgniter\Session\Handlers\FileHandler' driver.
INFO - 2024-04-12 15:29:15 --> Session: Class initialized using 'CodeIgniter\Session\Handlers\FileHandler' driver.
INFO - 2024-04-12 15:29:32 --> Session: Class initialized using 'CodeIgniter\Session\Handlers\FileHandler' driver.
INFO - 2024-04-12 15:29:33 --> Session: Class initialized using 'CodeIgniter\Session\Handlers\FileHandler' driver.
INFO - 2024-04-12 15:29:37 --> Session: Class initialized using 'CodeIgniter\Session\Handlers\FileHandler' driver.
INFO - 2024-04-12 15:31:36 --> Session: Class initialized using 'CodeIgniter\Session\Handlers\FileHandler' driver.
INFO - 2024-04-12 15:31:38 --> Session: Class initialized using 'CodeIgniter\Session\Handlers\FileHandler' driver.
INFO - 2024-04-12 15:32:35 --> Session: Class initialized using 'CodeIgniter\Session\Handlers\FileHandler' driver.
INFO - 2024-04-12 15:32:35 --> Session: Class initialized using 'CodeIgniter\Session\Handlers\FileHandler' driver.
INFO - 2024-04-12 15:33:24 --> Session: Class initialized using 'CodeIgniter\Session\Handlers\FileHandler' driver.
CRITICAL - 2024-04-12 15:33:24 --> Undefined array key "tingkatan"
in APPPATH\Views\bekatim\pembina_bekatim.php on line 38.
 1 APPPATH\Views\bekatim\pembina_bekatim.php(38): CodeIgniter\Debug\Exceptions->errorHandler(2, 'Undefined array key "tingkatan"', 'C:\\xampp\\htdocs\\CodeIgniter\\Binawasa\\app\\Views\\bekatim\\pembina_bekatim.php', 38)
 2 SYSTEMPATH\View\View.php(224): include('C:\\xampp\\htdocs\\CodeIgniter\\Binawasa\\app\\Views\\bekatim\\pembina_bekatim.php')
 3 SYSTEMPATH\View\View.php(227): CodeIgniter\View\View->CodeIgniter\View\{closure}()
 4 SYSTEMPATH\Common.php(1180): CodeIgniter\View\View->render('bekatim/pembina_bekatim', [], true)
 5 APPPATH\Controllers\Bekatim.php(32): view('bekatim/pembina_bekatim', [...])
 6 SYSTEMPATH\CodeIgniter.php(932): App\Controllers\Bekatim->pembina_bekatim()
 7 SYSTEMPATH\CodeIgniter.php(497): CodeIgniter\CodeIgniter->runController(Object(App\Controllers\Bekatim))
 8 SYSTEMPATH\CodeIgniter.php(366): CodeIgniter\CodeIgniter->handleRequest(null, Object(Config\Cache), false)
 9 FCPATH\index.php(67): CodeIgniter\CodeIgniter->run()
10 SYSTEMPATH\Commands\Server\rewrite.php(47): require_once('C:\\xampp\\htdocs\\CodeIgniter\\Binawasa\\public\\index.php')
INFO - 2024-04-12 15:37:00 --> Session: Class initialized using 'CodeIgniter\Session\Handlers\FileHandler' driver.
CRITICAL - 2024-04-12 15:37:00 --> Undefined variable $bekatim
in APPPATH\Views\bekatim\pembina_bekatim.php on line 39.
 1 APPPATH\Views\bekatim\pembina_bekatim.php(39): CodeIgniter\Debug\Exceptions->errorHandler(2, 'Undefined variable $bekatim', 'C:\\xampp\\htdocs\\CodeIgniter\\Binawasa\\app\\Views\\bekatim\\pembina_bekatim.php', 39)
 2 SYSTEMPATH\View\View.php(224): include('C:\\xampp\\htdocs\\CodeIgniter\\Binawasa\\app\\Views\\bekatim\\pembina_bekatim.php')
 3 SYSTEMPATH\View\View.php(227): CodeIgniter\View\View->CodeIgniter\View\{closure}()
 4 SYSTEMPATH\Common.php(1180): CodeIgniter\View\View->render('bekatim/pembina_bekatim', [], true)
 5 APPPATH\Controllers\Bekatim.php(32): view('bekatim/pembina_bekatim', [...])
 6 SYSTEMPATH\CodeIgniter.php(932): App\Controllers\Bekatim->pembina_bekatim()
 7 SYSTEMPATH\CodeIgniter.php(497): CodeIgniter\CodeIgniter->runController(Object(App\Controllers\Bekatim))
 8 SYSTEMPATH\CodeIgniter.php(366): CodeIgniter\CodeIgniter->handleRequest(null, Object(Config\Cache), false)
 9 FCPATH\index.php(67): CodeIgniter\CodeIgniter->run()
10 SYSTEMPATH\Commands\Server\rewrite.php(47): require_once('C:\\xampp\\htdocs\\CodeIgniter\\Binawasa\\public\\index.php')
INFO - 2024-04-12 15:38:17 --> Session: Class initialized using 'CodeIgniter\Session\Handlers\FileHandler' driver.
INFO - 2024-04-12 15:38:42 --> Session: Class initialized using 'CodeIgniter\Session\Handlers\FileHandler' driver.
INFO - 2024-04-12 15:41:13 --> Session: Class initialized using 'CodeIgniter\Session\Handlers\FileHandler' driver.
INFO - 2024-04-12 15:41:48 --> Session: Class initialized using 'CodeIgniter\Session\Handlers\FileHandler' driver.
INFO - 2024-04-12 15:42:09 --> Session: Class initialized using 'CodeIgniter\Session\Handlers\FileHandler' driver.
INFO - 2024-04-12 15:43:14 --> Session: Class initialized using 'CodeIgniter\Session\Handlers\FileHandler' driver.
INFO - 2024-04-12 15:43:29 --> Session: Class initialized using 'CodeIgniter\Session\Handlers\FileHandler' driver.
INFO - 2024-04-12 15:43:29 --> Session: Class initialized using 'CodeIgniter\Session\Handlers\FileHandler' driver.
INFO - 2024-04-12 15:45:03 --> Session: Class initialized using 'CodeIgniter\Session\Handlers\FileHandler' driver.
INFO - 2024-04-12 15:45:08 --> Session: Class initialized using 'CodeIgniter\Session\Handlers\FileHandler' driver.
INFO - 2024-04-12 15:47:26 --> Session: Class initialized using 'CodeIgniter\Session\Handlers\FileHandler' driver.
INFO - 2024-04-12 15:47:32 --> Session: Class initialized using 'CodeIgniter\Session\Handlers\FileHandler' driver.
INFO - 2024-04-12 15:47:32 --> Session: Class initialized using 'CodeIgniter\Session\Handlers\FileHandler' driver.
INFO - 2024-04-12 15:48:02 --> Session: Class initialized using 'CodeIgniter\Session\Handlers\FileHandler' driver.
INFO - 2024-04-12 15:48:04 --> Session: Class initialized using 'CodeIgniter\Session\Handlers\FileHandler' driver.
INFO - 2024-04-12 15:48:08 --> Session: Class initialized using 'CodeIgniter\Session\Handlers\FileHandler' driver.
INFO - 2024-04-12 15:48:09 --> Session: Class initialized using 'CodeIgniter\Session\Handlers\FileHandler' driver.
INFO - 2024-04-12 15:48:12 --> Session: Class initialized using 'CodeIgniter\Session\Handlers\FileHandler' driver.
INFO - 2024-04-12 15:51:51 --> Session: Class initialized using 'CodeIgniter\Session\Handlers\FileHandler' driver.
INFO - 2024-04-12 15:51:57 --> Session: Class initialized using 'CodeIgniter\Session\Handlers\FileHandler' driver.
INFO - 2024-04-12 15:53:48 --> Session: Class initialized using 'CodeIgniter\Session\Handlers\FileHandler' driver.
INFO - 2024-04-12 15:53:50 --> Session: Class initialized using 'CodeIgniter\Session\Handlers\FileHandler' driver.
INFO - 2024-04-12 15:53:54 --> Session: Class initialized using 'CodeIgniter\Session\Handlers\FileHandler' driver.
CRITICAL - 2024-04-12 15:53:54 --> Invalid file: "Bekatim/excelData_pembina.php"
in SYSTEMPATH\Exceptions\FrameworkException.php on line 33.
 1 SYSTEMPATH\View\View.php(212): CodeIgniter\Exceptions\FrameworkException::forInvalidFile('Bekatim/excelData_pembina.php')
 2 SYSTEMPATH\Common.php(1180): CodeIgniter\View\View->render('Bekatim/excelData_pembina', [], true)
 3 APPPATH\Controllers\Bekatim.php(62): view('Bekatim/excelData_pembina', [...])
 4 SYSTEMPATH\CodeIgniter.php(932): App\Controllers\Bekatim->excelData_pembina()
 5 SYSTEMPATH\CodeIgniter.php(497): CodeIgniter\CodeIgniter->runController(Object(App\Controllers\Bekatim))
 6 SYSTEMPATH\CodeIgniter.php(366): CodeIgniter\CodeIgniter->handleRequest(null, Object(Config\Cache), false)
 7 FCPATH\index.php(67): CodeIgniter\CodeIgniter->run()
 8 SYSTEMPATH\Commands\Server\rewrite.php(47): require_once('C:\\xampp\\htdocs\\CodeIgniter\\Binawasa\\public\\index.php')
INFO - 2024-04-12 15:55:30 --> Session: Class initialized using 'CodeIgniter\Session\Handlers\FileHandler' driver.
INFO - 2024-04-12 15:55:34 --> Session: Class initialized using 'CodeIgniter\Session\Handlers\FileHandler' driver.
INFO - 2024-04-12 15:55:38 --> Session: Class initialized using 'CodeIgniter\Session\Handlers\FileHandler' driver.
INFO - 2024-04-12 15:55:48 --> Session: Class initialized using 'CodeIgniter\Session\Handlers\FileHandler' driver.
INFO - 2024-04-12 15:56:40 --> Session: Class initialized using 'CodeIgniter\Session\Handlers\FileHandler' driver.
ERROR - 2024-04-12 15:56:40 --> mysqli_sql_exception: Unknown column 'slug' in 'where clause' in C:\xampp\htdocs\CodeIgniter\Binawasa\system\Database\MySQLi\Connection.php:295
Stack trace:
#0 C:\xampp\htdocs\CodeIgniter\Binawasa\system\Database\MySQLi\Connection.php(295): mysqli->query('SELECT *\nFROM `...', 0)
#1 C:\xampp\htdocs\CodeIgniter\Binawasa\system\Database\BaseConnection.php(692): CodeIgniter\Database\MySQLi\Connection->execute('SELECT *\nFROM `...')
#2 C:\xampp\htdocs\CodeIgniter\Binawasa\system\Database\BaseConnection.php(606): CodeIgniter\Database\BaseConnection->simpleQuery('SELECT *\nFROM `...')
#3 C:\xampp\htdocs\CodeIgniter\Binawasa\system\Database\BaseBuilder.php(1616): CodeIgniter\Database\BaseConnection->query('SELECT *\nFROM `...', Array, false)
#4 C:\xampp\htdocs\CodeIgniter\Binawasa\app\Models\ModelPembina_bekatim.php(30): CodeIgniter\Database\BaseBuilder->get()
#5 C:\xampp\htdocs\CodeIgniter\Binawasa\app\Controllers\Bekatim.php(43): App\Models\ModelPembina_bekatim->detailData_pembina('5')
#6 C:\xampp\htdocs\CodeIgniter\Binawasa\system\CodeIgniter.php(932): App\Controllers\Bekatim->detailData_pembina('5')
#7 C:\xampp\htdocs\CodeIgniter\Binawasa\system\CodeIgniter.php(497): CodeIgniter\CodeIgniter->runController(Object(App\Controllers\Bekatim))
#8 C:\xampp\htdocs\CodeIgniter\Binawasa\system\CodeIgniter.php(366): CodeIgniter\CodeIgniter->handleRequest(NULL, Object(Config\Cache), false)
#9 C:\xampp\htdocs\CodeIgniter\Binawasa\public\index.php(67): CodeIgniter\CodeIgniter->run()
#10 C:\xampp\htdocs\CodeIgniter\Binawasa\system\Commands\Server\rewrite.php(47): require_once('C:\\xampp\\htdocs...')
#11 {main}
CRITICAL - 2024-04-12 15:56:40 --> Unknown column 'slug' in 'where clause'
in SYSTEMPATH\Database\MySQLi\Connection.php on line 295.
 1 SYSTEMPATH\Database\MySQLi\Connection.php(295): mysqli->query('SELECT *
FROM `pembina_bekasitimur`
WHERE `slug` = \'5\'', 0)
 2 SYSTEMPATH\Database\BaseConnection.php(692): CodeIgniter\Database\MySQLi\Connection->execute('SELECT *
FROM `pembina_bekasitimur`
WHERE `slug` = \'5\'')
 3 SYSTEMPATH\Database\BaseConnection.php(606): CodeIgniter\Database\BaseConnection->simpleQuery('SELECT *
FROM `pembina_bekasitimur`
WHERE `slug` = \'5\'')
 4 SYSTEMPATH\Database\BaseBuilder.php(1616): CodeIgniter\Database\BaseConnection->query('SELECT *
FROM `pembina_bekasitimur`
WHERE `slug` = :slug:', [...], false)
 5 APPPATH\Models\ModelPembina_bekatim.php(30): CodeIgniter\Database\BaseBuilder->get()
 6 APPPATH\Controllers\Bekatim.php(43): App\Models\ModelPembina_bekatim->detailData_pembina('5')
 7 SYSTEMPATH\CodeIgniter.php(932): App\Controllers\Bekatim->detailData_pembina('5')
 8 SYSTEMPATH\CodeIgniter.php(497): CodeIgniter\CodeIgniter->runController(Object(App\Controllers\Bekatim))
 9 SYSTEMPATH\CodeIgniter.php(366): CodeIgniter\CodeIgniter->handleRequest(null, Object(Config\Cache), false)
10 FCPATH\index.php(67): CodeIgniter\CodeIgniter->run()
11 SYSTEMPATH\Commands\Server\rewrite.php(47): require_once('C:\\xampp\\htdocs\\CodeIgniter\\Binawasa\\public\\index.php')
INFO - 2024-04-12 15:56:42 --> Session: Class initialized using 'CodeIgniter\Session\Handlers\FileHandler' driver.
ERROR - 2024-04-12 15:56:42 --> mysqli_sql_exception: Unknown column 'slug' in 'where clause' in C:\xampp\htdocs\CodeIgniter\Binawasa\system\Database\MySQLi\Connection.php:295
Stack trace:
#0 C:\xampp\htdocs\CodeIgniter\Binawasa\system\Database\MySQLi\Connection.php(295): mysqli->query('SELECT *\nFROM `...', 0)
#1 C:\xampp\htdocs\CodeIgniter\Binawasa\system\Database\BaseConnection.php(692): CodeIgniter\Database\MySQLi\Connection->execute('SELECT *\nFROM `...')
#2 C:\xampp\htdocs\CodeIgniter\Binawasa\system\Database\BaseConnection.php(606): CodeIgniter\Database\BaseConnection->simpleQuery('SELECT *\nFROM `...')
#3 C:\xampp\htdocs\CodeIgniter\Binawasa\system\Database\BaseBuilder.php(1616): CodeIgniter\Database\BaseConnection->query('SELECT *\nFROM `...', Array, false)
#4 C:\xampp\htdocs\CodeIgniter\Binawasa\app\Models\ModelPembina_bekatim.php(30): CodeIgniter\Database\BaseBuilder->get()
#5 C:\xampp\htdocs\CodeIgniter\Binawasa\app\Controllers\Bekatim.php(43): App\Models\ModelPembina_bekatim->detailData_pembina('5')
#6 C:\xampp\htdocs\CodeIgniter\Binawasa\system\CodeIgniter.php(932): App\Controllers\Bekatim->detailData_pembina('5')
#7 C:\xampp\htdocs\CodeIgniter\Binawasa\system\CodeIgniter.php(497): CodeIgniter\CodeIgniter->runController(Object(App\Controllers\Bekatim))
#8 C:\xampp\htdocs\CodeIgniter\Binawasa\system\CodeIgniter.php(366): CodeIgniter\CodeIgniter->handleRequest(NULL, Object(Config\Cache), false)
#9 C:\xampp\htdocs\CodeIgniter\Binawasa\public\index.php(67): CodeIgniter\CodeIgniter->run()
#10 C:\xampp\htdocs\CodeIgniter\Binawasa\system\Commands\Server\rewrite.php(47): require_once('C:\\xampp\\htdocs...')
#11 {main}
CRITICAL - 2024-04-12 15:56:42 --> Unknown column 'slug' in 'where clause'
in SYSTEMPATH\Database\MySQLi\Connection.php on line 295.
 1 SYSTEMPATH\Database\MySQLi\Connection.php(295): mysqli->query('SELECT *
FROM `pembina_bekasitimur`
WHERE `slug` = \'5\'', 0)
 2 SYSTEMPATH\Database\BaseConnection.php(692): CodeIgniter\Database\MySQLi\Connection->execute('SELECT *
FROM `pembina_bekasitimur`
WHERE `slug` = \'5\'')
 3 SYSTEMPATH\Database\BaseConnection.php(606): CodeIgniter\Database\BaseConnection->simpleQuery('SELECT *
FROM `pembina_bekasitimur`
WHERE `slug` = \'5\'')
 4 SYSTEMPATH\Database\BaseBuilder.php(1616): CodeIgniter\Database\BaseConnection->query('SELECT *
FROM `pembina_bekasitimur`
WHERE `slug` = :slug:', [...], false)
 5 APPPATH\Models\ModelPembina_bekatim.php(30): CodeIgniter\Database\BaseBuilder->get()
 6 APPPATH\Controllers\Bekatim.php(43): App\Models\ModelPembina_bekatim->detailData_pembina('5')
 7 SYSTEMPATH\CodeIgniter.php(932): App\Controllers\Bekatim->detailData_pembina('5')
 8 SYSTEMPATH\CodeIgniter.php(497): CodeIgniter\CodeIgniter->runController(Object(App\Controllers\Bekatim))
 9 SYSTEMPATH\CodeIgniter.php(366): CodeIgniter\CodeIgniter->handleRequest(null, Object(Config\Cache), false)
10 FCPATH\index.php(67): CodeIgniter\CodeIgniter->run()
11 SYSTEMPATH\Commands\Server\rewrite.php(47): require_once('C:\\xampp\\htdocs\\CodeIgniter\\Binawasa\\public\\index.php')
INFO - 2024-04-12 15:57:33 --> Session: Class initialized using 'CodeIgniter\Session\Handlers\FileHandler' driver.
ERROR - 2024-04-12 15:57:33 --> mysqli_sql_exception: Unknown column 'slug' in 'where clause' in C:\xampp\htdocs\CodeIgniter\Binawasa\system\Database\MySQLi\Connection.php:295
Stack trace:
#0 C:\xampp\htdocs\CodeIgniter\Binawasa\system\Database\MySQLi\Connection.php(295): mysqli->query('SELECT *\nFROM `...', 0)
#1 C:\xampp\htdocs\CodeIgniter\Binawasa\system\Database\BaseConnection.php(692): CodeIgniter\Database\MySQLi\Connection->execute('SELECT *\nFROM `...')
#2 C:\xampp\htdocs\CodeIgniter\Binawasa\system\Database\BaseConnection.php(606): CodeIgniter\Database\BaseConnection->simpleQuery('SELECT *\nFROM `...')
#3 C:\xampp\htdocs\CodeIgniter\Binawasa\system\Database\BaseBuilder.php(1616): CodeIgniter\Database\BaseConnection->query('SELECT *\nFROM `...', Array, false)
#4 C:\xampp\htdocs\CodeIgniter\Binawasa\app\Models\ModelPembina_bekatim.php(30): CodeIgniter\Database\BaseBuilder->get()
#5 C:\xampp\htdocs\CodeIgniter\Binawasa\app\Controllers\Bekatim.php(43): App\Models\ModelPembina_bekatim->detailData_pembina('5')
#6 C:\xampp\htdocs\CodeIgniter\Binawasa\system\CodeIgniter.php(932): App\Controllers\Bekatim->detailData_pembina('5')
#7 C:\xampp\htdocs\CodeIgniter\Binawasa\system\CodeIgniter.php(497): CodeIgniter\CodeIgniter->runController(Object(App\Controllers\Bekatim))
#8 C:\xampp\htdocs\CodeIgniter\Binawasa\system\CodeIgniter.php(366): CodeIgniter\CodeIgniter->handleRequest(NULL, Object(Config\Cache), false)
#9 C:\xampp\htdocs\CodeIgniter\Binawasa\public\index.php(67): CodeIgniter\CodeIgniter->run()
#10 C:\xampp\htdocs\CodeIgniter\Binawasa\system\Commands\Server\rewrite.php(47): require_once('C:\\xampp\\htdocs...')
#11 {main}
CRITICAL - 2024-04-12 15:57:33 --> Unknown column 'slug' in 'where clause'
in SYSTEMPATH\Database\MySQLi\Connection.php on line 295.
 1 SYSTEMPATH\Database\MySQLi\Connection.php(295): mysqli->query('SELECT *
FROM `pembina_bekasitimur`
WHERE `slug` = \'5\'', 0)
 2 SYSTEMPATH\Database\BaseConnection.php(692): CodeIgniter\Database\MySQLi\Connection->execute('SELECT *
FROM `pembina_bekasitimur`
WHERE `slug` = \'5\'')
 3 SYSTEMPATH\Database\BaseConnection.php(606): CodeIgniter\Database\BaseConnection->simpleQuery('SELECT *
FROM `pembina_bekasitimur`
WHERE `slug` = \'5\'')
 4 SYSTEMPATH\Database\BaseBuilder.php(1616): CodeIgniter\Database\BaseConnection->query('SELECT *
FROM `pembina_bekasitimur`
WHERE `slug` = :slug:', [...], false)
 5 APPPATH\Models\ModelPembina_bekatim.php(30): CodeIgniter\Database\BaseBuilder->get()
 6 APPPATH\Controllers\Bekatim.php(43): App\Models\ModelPembina_bekatim->detailData_pembina('5')
 7 SYSTEMPATH\CodeIgniter.php(932): App\Controllers\Bekatim->detailData_pembina('5')
 8 SYSTEMPATH\CodeIgniter.php(497): CodeIgniter\CodeIgniter->runController(Object(App\Controllers\Bekatim))
 9 SYSTEMPATH\CodeIgniter.php(366): CodeIgniter\CodeIgniter->handleRequest(null, Object(Config\Cache), false)
10 FCPATH\index.php(67): CodeIgniter\CodeIgniter->run()
11 SYSTEMPATH\Commands\Server\rewrite.php(47): require_once('C:\\xampp\\htdocs\\CodeIgniter\\Binawasa\\public\\index.php')
INFO - 2024-04-12 15:57:34 --> Session: Class initialized using 'CodeIgniter\Session\Handlers\FileHandler' driver.
ERROR - 2024-04-12 15:57:34 --> mysqli_sql_exception: Unknown column 'slug' in 'where clause' in C:\xampp\htdocs\CodeIgniter\Binawasa\system\Database\MySQLi\Connection.php:295
Stack trace:
#0 C:\xampp\htdocs\CodeIgniter\Binawasa\system\Database\MySQLi\Connection.php(295): mysqli->query('SELECT *\nFROM `...', 0)
#1 C:\xampp\htdocs\CodeIgniter\Binawasa\system\Database\BaseConnection.php(692): CodeIgniter\Database\MySQLi\Connection->execute('SELECT *\nFROM `...')
#2 C:\xampp\htdocs\CodeIgniter\Binawasa\system\Database\BaseConnection.php(606): CodeIgniter\Database\BaseConnection->simpleQuery('SELECT *\nFROM `...')
#3 C:\xampp\htdocs\CodeIgniter\Binawasa\system\Database\BaseBuilder.php(1616): CodeIgniter\Database\BaseConnection->query('SELECT *\nFROM `...', Array, false)
#4 C:\xampp\htdocs\CodeIgniter\Binawasa\app\Models\ModelPembina_bekatim.php(30): CodeIgniter\Database\BaseBuilder->get()
#5 C:\xampp\htdocs\CodeIgniter\Binawasa\app\Controllers\Bekatim.php(43): App\Models\ModelPembina_bekatim->detailData_pembina('5')
#6 C:\xampp\htdocs\CodeIgniter\Binawasa\system\CodeIgniter.php(932): App\Controllers\Bekatim->detailData_pembina('5')
#7 C:\xampp\htdocs\CodeIgniter\Binawasa\system\CodeIgniter.php(497): CodeIgniter\CodeIgniter->runController(Object(App\Controllers\Bekatim))
#8 C:\xampp\htdocs\CodeIgniter\Binawasa\system\CodeIgniter.php(366): CodeIgniter\CodeIgniter->handleRequest(NULL, Object(Config\Cache), false)
#9 C:\xampp\htdocs\CodeIgniter\Binawasa\public\index.php(67): CodeIgniter\CodeIgniter->run()
#10 C:\xampp\htdocs\CodeIgniter\Binawasa\system\Commands\Server\rewrite.php(47): require_once('C:\\xampp\\htdocs...')
#11 {main}
CRITICAL - 2024-04-12 15:57:34 --> Unknown column 'slug' in 'where clause'
in SYSTEMPATH\Database\MySQLi\Connection.php on line 295.
 1 SYSTEMPATH\Database\MySQLi\Connection.php(295): mysqli->query('SELECT *
FROM `pembina_bekasitimur`
WHERE `slug` = \'5\'', 0)
 2 SYSTEMPATH\Database\BaseConnection.php(692): CodeIgniter\Database\MySQLi\Connection->execute('SELECT *
FROM `pembina_bekasitimur`
WHERE `slug` = \'5\'')
 3 SYSTEMPATH\Database\BaseConnection.php(606): CodeIgniter\Database\BaseConnection->simpleQuery('SELECT *
FROM `pembina_bekasitimur`
WHERE `slug` = \'5\'')
 4 SYSTEMPATH\Database\BaseBuilder.php(1616): CodeIgniter\Database\BaseConnection->query('SELECT *
FROM `pembina_bekasitimur`
WHERE `slug` = :slug:', [...], false)
 5 APPPATH\Models\ModelPembina_bekatim.php(30): CodeIgniter\Database\BaseBuilder->get()
 6 APPPATH\Controllers\Bekatim.php(43): App\Models\ModelPembina_bekatim->detailData_pembina('5')
 7 SYSTEMPATH\CodeIgniter.php(932): App\Controllers\Bekatim->detailData_pembina('5')
 8 SYSTEMPATH\CodeIgniter.php(497): CodeIgniter\CodeIgniter->runController(Object(App\Controllers\Bekatim))
 9 SYSTEMPATH\CodeIgniter.php(366): CodeIgniter\CodeIgniter->handleRequest(null, Object(Config\Cache), false)
10 FCPATH\index.php(67): CodeIgniter\CodeIgniter->run()
11 SYSTEMPATH\Commands\Server\rewrite.php(47): require_once('C:\\xampp\\htdocs\\CodeIgniter\\Binawasa\\public\\index.php')
INFO - 2024-04-12 15:57:36 --> Session: Class initialized using 'CodeIgniter\Session\Handlers\FileHandler' driver.
CRITICAL - 2024-04-12 15:57:36 --> Undefined array key "slug"
in APPPATH\Views\bekatim\pembina_bekatim.php on line 61.
 1 APPPATH\Views\bekatim\pembina_bekatim.php(61): CodeIgniter\Debug\Exceptions->errorHandler(2, 'Undefined array key "slug"', 'C:\\xampp\\htdocs\\CodeIgniter\\Binawasa\\app\\Views\\bekatim\\pembina_bekatim.php', 61)
 2 SYSTEMPATH\View\View.php(224): include('C:\\xampp\\htdocs\\CodeIgniter\\Binawasa\\app\\Views\\bekatim\\pembina_bekatim.php')
 3 SYSTEMPATH\View\View.php(227): CodeIgniter\View\View->CodeIgniter\View\{closure}()
 4 SYSTEMPATH\Common.php(1180): CodeIgniter\View\View->render('bekatim/pembina_bekatim', [], true)
 5 APPPATH\Controllers\Bekatim.php(32): view('bekatim/pembina_bekatim', [...])
 6 SYSTEMPATH\CodeIgniter.php(932): App\Controllers\Bekatim->pembina_bekatim()
 7 SYSTEMPATH\CodeIgniter.php(497): CodeIgniter\CodeIgniter->runController(Object(App\Controllers\Bekatim))
 8 SYSTEMPATH\CodeIgniter.php(366): CodeIgniter\CodeIgniter->handleRequest(null, Object(Config\Cache), false)
 9 FCPATH\index.php(67): CodeIgniter\CodeIgniter->run()
10 SYSTEMPATH\Commands\Server\rewrite.php(47): require_once('C:\\xampp\\htdocs\\CodeIgniter\\Binawasa\\public\\index.php')
INFO - 2024-04-12 15:58:27 --> Session: Class initialized using 'CodeIgniter\Session\Handlers\FileHandler' driver.
INFO - 2024-04-12 15:58:40 --> Session: Class initialized using 'CodeIgniter\Session\Handlers\FileHandler' driver.
CRITICAL - 2024-04-12 15:58:40 --> Too few arguments to function App\Controllers\Bekatim::detailData_pembina(), 0 passed in C:\xampp\htdocs\CodeIgniter\Binawasa\system\CodeIgniter.php on line 932 and exactly 1 expected
in APPPATH\Controllers\Bekatim.php on line 35.
 1 SYSTEMPATH\CodeIgniter.php(932): App\Controllers\Bekatim->detailData_pembina()
 2 SYSTEMPATH\CodeIgniter.php(497): CodeIgniter\CodeIgniter->runController(Object(App\Controllers\Bekatim))
 3 SYSTEMPATH\CodeIgniter.php(366): CodeIgniter\CodeIgniter->handleRequest(null, Object(Config\Cache), false)
 4 FCPATH\index.php(67): CodeIgniter\CodeIgniter->run()
 5 SYSTEMPATH\Commands\Server\rewrite.php(47): require_once('C:\\xampp\\htdocs\\CodeIgniter\\Binawasa\\public\\index.php')
INFO - 2024-04-12 15:59:12 --> Session: Class initialized using 'CodeIgniter\Session\Handlers\FileHandler' driver.
INFO - 2024-04-12 15:59:18 --> Session: Class initialized using 'CodeIgniter\Session\Handlers\FileHandler' driver.
INFO - 2024-04-12 15:59:26 --> Session: Class initialized using 'CodeIgniter\Session\Handlers\FileHandler' driver.
CRITICAL - 2024-04-12 15:59:26 --> Too few arguments to function App\Controllers\Bekatim::detailData_pembina(), 0 passed in C:\xampp\htdocs\CodeIgniter\Binawasa\system\CodeIgniter.php on line 932 and exactly 1 expected
in APPPATH\Controllers\Bekatim.php on line 35.
 1 SYSTEMPATH\CodeIgniter.php(932): App\Controllers\Bekatim->detailData_pembina()
 2 SYSTEMPATH\CodeIgniter.php(497): CodeIgniter\CodeIgniter->runController(Object(App\Controllers\Bekatim))
 3 SYSTEMPATH\CodeIgniter.php(366): CodeIgniter\CodeIgniter->handleRequest(null, Object(Config\Cache), false)
 4 FCPATH\index.php(67): CodeIgniter\CodeIgniter->run()
 5 SYSTEMPATH\Commands\Server\rewrite.php(47): require_once('C:\\xampp\\htdocs\\CodeIgniter\\Binawasa\\public\\index.php')
INFO - 2024-04-12 15:59:28 --> Session: Class initialized using 'CodeIgniter\Session\Handlers\FileHandler' driver.
CRITICAL - 2024-04-12 15:59:28 --> Too few arguments to function App\Controllers\Bekatim::detailData_pembina(), 0 passed in C:\xampp\htdocs\CodeIgniter\Binawasa\system\CodeIgniter.php on line 932 and exactly 1 expected
in APPPATH\Controllers\Bekatim.php on line 35.
 1 SYSTEMPATH\CodeIgniter.php(932): App\Controllers\Bekatim->detailData_pembina()
 2 SYSTEMPATH\CodeIgniter.php(497): CodeIgniter\CodeIgniter->runController(Object(App\Controllers\Bekatim))
 3 SYSTEMPATH\CodeIgniter.php(366): CodeIgniter\CodeIgniter->handleRequest(null, Object(Config\Cache), false)
 4 FCPATH\index.php(67): CodeIgniter\CodeIgniter->run()
 5 SYSTEMPATH\Commands\Server\rewrite.php(47): require_once('C:\\xampp\\htdocs\\CodeIgniter\\Binawasa\\public\\index.php')
INFO - 2024-04-12 16:01:55 --> Session: Class initialized using 'CodeIgniter\Session\Handlers\FileHandler' driver.
CRITICAL - 2024-04-12 16:01:55 --> Too few arguments to function App\Controllers\Bekatim::detailData_pembina(), 0 passed in C:\xampp\htdocs\CodeIgniter\Binawasa\system\CodeIgniter.php on line 932 and exactly 1 expected
in APPPATH\Controllers\Bekatim.php on line 35.
 1 SYSTEMPATH\CodeIgniter.php(932): App\Controllers\Bekatim->detailData_pembina()
 2 SYSTEMPATH\CodeIgniter.php(497): CodeIgniter\CodeIgniter->runController(Object(App\Controllers\Bekatim))
 3 SYSTEMPATH\CodeIgniter.php(366): CodeIgniter\CodeIgniter->handleRequest(null, Object(Config\Cache), false)
 4 FCPATH\index.php(67): CodeIgniter\CodeIgniter->run()
 5 SYSTEMPATH\Commands\Server\rewrite.php(47): require_once('C:\\xampp\\htdocs\\CodeIgniter\\Binawasa\\public\\index.php')
INFO - 2024-04-12 16:01:56 --> Session: Class initialized using 'CodeIgniter\Session\Handlers\FileHandler' driver.
CRITICAL - 2024-04-12 16:01:56 --> Too few arguments to function App\Controllers\Bekatim::detailData_pembina(), 0 passed in C:\xampp\htdocs\CodeIgniter\Binawasa\system\CodeIgniter.php on line 932 and exactly 1 expected
in APPPATH\Controllers\Bekatim.php on line 35.
 1 SYSTEMPATH\CodeIgniter.php(932): App\Controllers\Bekatim->detailData_pembina()
 2 SYSTEMPATH\CodeIgniter.php(497): CodeIgniter\CodeIgniter->runController(Object(App\Controllers\Bekatim))
 3 SYSTEMPATH\CodeIgniter.php(366): CodeIgniter\CodeIgniter->handleRequest(null, Object(Config\Cache), false)
 4 FCPATH\index.php(67): CodeIgniter\CodeIgniter->run()
 5 SYSTEMPATH\Commands\Server\rewrite.php(47): require_once('C:\\xampp\\htdocs\\CodeIgniter\\Binawasa\\public\\index.php')
INFO - 2024-04-12 16:03:15 --> Session: Class initialized using 'CodeIgniter\Session\Handlers\FileHandler' driver.
CRITICAL - 2024-04-12 16:03:15 --> Too few arguments to function App\Controllers\Bekatim::detailData_pembina(), 0 passed in C:\xampp\htdocs\CodeIgniter\Binawasa\system\CodeIgniter.php on line 932 and exactly 1 expected
in APPPATH\Controllers\Bekatim.php on line 35.
 1 SYSTEMPATH\CodeIgniter.php(932): App\Controllers\Bekatim->detailData_pembina()
 2 SYSTEMPATH\CodeIgniter.php(497): CodeIgniter\CodeIgniter->runController(Object(App\Controllers\Bekatim))
 3 SYSTEMPATH\CodeIgniter.php(366): CodeIgniter\CodeIgniter->handleRequest(null, Object(Config\Cache), false)
 4 FCPATH\index.php(67): CodeIgniter\CodeIgniter->run()
 5 SYSTEMPATH\Commands\Server\rewrite.php(47): require_once('C:\\xampp\\htdocs\\CodeIgniter\\Binawasa\\public\\index.php')
INFO - 2024-04-12 16:03:16 --> Session: Class initialized using 'CodeIgniter\Session\Handlers\FileHandler' driver.
CRITICAL - 2024-04-12 16:03:16 --> Too few arguments to function App\Controllers\Bekatim::detailData_pembina(), 0 passed in C:\xampp\htdocs\CodeIgniter\Binawasa\system\CodeIgniter.php on line 932 and exactly 1 expected
in APPPATH\Controllers\Bekatim.php on line 35.
 1 SYSTEMPATH\CodeIgniter.php(932): App\Controllers\Bekatim->detailData_pembina()
 2 SYSTEMPATH\CodeIgniter.php(497): CodeIgniter\CodeIgniter->runController(Object(App\Controllers\Bekatim))
 3 SYSTEMPATH\CodeIgniter.php(366): CodeIgniter\CodeIgniter->handleRequest(null, Object(Config\Cache), false)
 4 FCPATH\index.php(67): CodeIgniter\CodeIgniter->run()
 5 SYSTEMPATH\Commands\Server\rewrite.php(47): require_once('C:\\xampp\\htdocs\\CodeIgniter\\Binawasa\\public\\index.php')
INFO - 2024-04-12 16:03:17 --> Session: Class initialized using 'CodeIgniter\Session\Handlers\FileHandler' driver.
CRITICAL - 2024-04-12 16:03:17 --> Too few arguments to function App\Controllers\Bekatim::detailData_pembina(), 0 passed in C:\xampp\htdocs\CodeIgniter\Binawasa\system\CodeIgniter.php on line 932 and exactly 1 expected
in APPPATH\Controllers\Bekatim.php on line 35.
 1 SYSTEMPATH\CodeIgniter.php(932): App\Controllers\Bekatim->detailData_pembina()
 2 SYSTEMPATH\CodeIgniter.php(497): CodeIgniter\CodeIgniter->runController(Object(App\Controllers\Bekatim))
 3 SYSTEMPATH\CodeIgniter.php(366): CodeIgniter\CodeIgniter->handleRequest(null, Object(Config\Cache), false)
 4 FCPATH\index.php(67): CodeIgniter\CodeIgniter->run()
 5 SYSTEMPATH\Commands\Server\rewrite.php(47): require_once('C:\\xampp\\htdocs\\CodeIgniter\\Binawasa\\public\\index.php')
INFO - 2024-04-12 16:05:05 --> Session: Class initialized using 'CodeIgniter\Session\Handlers\FileHandler' driver.
CRITICAL - 2024-04-12 16:05:05 --> Too few arguments to function App\Controllers\Bekatim::detailData_pembina(), 0 passed in C:\xampp\htdocs\CodeIgniter\Binawasa\system\CodeIgniter.php on line 932 and exactly 1 expected
in APPPATH\Controllers\Bekatim.php on line 36.
 1 SYSTEMPATH\CodeIgniter.php(932): App\Controllers\Bekatim->detailData_pembina()
 2 SYSTEMPATH\CodeIgniter.php(497): CodeIgniter\CodeIgniter->runController(Object(App\Controllers\Bekatim))
 3 SYSTEMPATH\CodeIgniter.php(366): CodeIgniter\CodeIgniter->handleRequest(null, Object(Config\Cache), false)
 4 FCPATH\index.php(67): CodeIgniter\CodeIgniter->run()
 5 SYSTEMPATH\Commands\Server\rewrite.php(47): require_once('C:\\xampp\\htdocs\\CodeIgniter\\Binawasa\\public\\index.php')
INFO - 2024-04-12 16:05:07 --> Session: Class initialized using 'CodeIgniter\Session\Handlers\FileHandler' driver.
CRITICAL - 2024-04-12 16:05:07 --> Too few arguments to function App\Controllers\Bekatim::detailData_pembina(), 0 passed in C:\xampp\htdocs\CodeIgniter\Binawasa\system\CodeIgniter.php on line 932 and exactly 1 expected
in APPPATH\Controllers\Bekatim.php on line 36.
 1 SYSTEMPATH\CodeIgniter.php(932): App\Controllers\Bekatim->detailData_pembina()
 2 SYSTEMPATH\CodeIgniter.php(497): CodeIgniter\CodeIgniter->runController(Object(App\Controllers\Bekatim))
 3 SYSTEMPATH\CodeIgniter.php(366): CodeIgniter\CodeIgniter->handleRequest(null, Object(Config\Cache), false)
 4 FCPATH\index.php(67): CodeIgniter\CodeIgniter->run()
 5 SYSTEMPATH\Commands\Server\rewrite.php(47): require_once('C:\\xampp\\htdocs\\CodeIgniter\\Binawasa\\public\\index.php')
INFO - 2024-04-12 16:05:50 --> Session: Class initialized using 'CodeIgniter\Session\Handlers\FileHandler' driver.
CRITICAL - 2024-04-12 16:05:51 --> Too few arguments to function App\Controllers\Bekatim::detailData_pembina(), 0 passed in C:\xampp\htdocs\CodeIgniter\Binawasa\system\CodeIgniter.php on line 932 and exactly 1 expected
in APPPATH\Controllers\Bekatim.php on line 36.
 1 SYSTEMPATH\CodeIgniter.php(932): App\Controllers\Bekatim->detailData_pembina()
 2 SYSTEMPATH\CodeIgniter.php(497): CodeIgniter\CodeIgniter->runController(Object(App\Controllers\Bekatim))
 3 SYSTEMPATH\CodeIgniter.php(366): CodeIgniter\CodeIgniter->handleRequest(null, Object(Config\Cache), false)
 4 FCPATH\index.php(67): CodeIgniter\CodeIgniter->run()
 5 SYSTEMPATH\Commands\Server\rewrite.php(47): require_once('C:\\xampp\\htdocs\\CodeIgniter\\Binawasa\\public\\index.php')
INFO - 2024-04-12 16:05:52 --> Session: Class initialized using 'CodeIgniter\Session\Handlers\FileHandler' driver.
CRITICAL - 2024-04-12 16:05:52 --> Too few arguments to function App\Controllers\Bekatim::detailData_pembina(), 0 passed in C:\xampp\htdocs\CodeIgniter\Binawasa\system\CodeIgniter.php on line 932 and exactly 1 expected
in APPPATH\Controllers\Bekatim.php on line 36.
 1 SYSTEMPATH\CodeIgniter.php(932): App\Controllers\Bekatim->detailData_pembina()
 2 SYSTEMPATH\CodeIgniter.php(497): CodeIgniter\CodeIgniter->runController(Object(App\Controllers\Bekatim))
 3 SYSTEMPATH\CodeIgniter.php(366): CodeIgniter\CodeIgniter->handleRequest(null, Object(Config\Cache), false)
 4 FCPATH\index.php(67): CodeIgniter\CodeIgniter->run()
 5 SYSTEMPATH\Commands\Server\rewrite.php(47): require_once('C:\\xampp\\htdocs\\CodeIgniter\\Binawasa\\public\\index.php')
INFO - 2024-04-12 16:06:52 --> Session: Class initialized using 'CodeIgniter\Session\Handlers\FileHandler' driver.
CRITICAL - 2024-04-12 16:06:52 --> Too few arguments to function App\Controllers\Bekatim::detailData_pembina(), 0 passed in C:\xampp\htdocs\CodeIgniter\Binawasa\system\CodeIgniter.php on line 932 and exactly 1 expected
in APPPATH\Controllers\Bekatim.php on line 35.
 1 SYSTEMPATH\CodeIgniter.php(932): App\Controllers\Bekatim->detailData_pembina()
 2 SYSTEMPATH\CodeIgniter.php(497): CodeIgniter\CodeIgniter->runController(Object(App\Controllers\Bekatim))
 3 SYSTEMPATH\CodeIgniter.php(366): CodeIgniter\CodeIgniter->handleRequest(null, Object(Config\Cache), false)
 4 FCPATH\index.php(67): CodeIgniter\CodeIgniter->run()
 5 SYSTEMPATH\Commands\Server\rewrite.php(47): require_once('C:\\xampp\\htdocs\\CodeIgniter\\Binawasa\\public\\index.php')
INFO - 2024-04-12 16:06:54 --> Session: Class initialized using 'CodeIgniter\Session\Handlers\FileHandler' driver.
CRITICAL - 2024-04-12 16:06:54 --> Too few arguments to function App\Controllers\Bekatim::detailData_pembina(), 0 passed in C:\xampp\htdocs\CodeIgniter\Binawasa\system\CodeIgniter.php on line 932 and exactly 1 expected
in APPPATH\Controllers\Bekatim.php on line 35.
 1 SYSTEMPATH\CodeIgniter.php(932): App\Controllers\Bekatim->detailData_pembina()
 2 SYSTEMPATH\CodeIgniter.php(497): CodeIgniter\CodeIgniter->runController(Object(App\Controllers\Bekatim))
 3 SYSTEMPATH\CodeIgniter.php(366): CodeIgniter\CodeIgniter->handleRequest(null, Object(Config\Cache), false)
 4 FCPATH\index.php(67): CodeIgniter\CodeIgniter->run()
 5 SYSTEMPATH\Commands\Server\rewrite.php(47): require_once('C:\\xampp\\htdocs\\CodeIgniter\\Binawasa\\public\\index.php')
INFO - 2024-04-12 16:06:55 --> Session: Class initialized using 'CodeIgniter\Session\Handlers\FileHandler' driver.
INFO - 2024-04-12 16:06:57 --> Session: Class initialized using 'CodeIgniter\Session\Handlers\FileHandler' driver.
INFO - 2024-04-12 16:09:43 --> Session: Class initialized using 'CodeIgniter\Session\Handlers\FileHandler' driver.
INFO - 2024-04-12 16:09:48 --> Session: Class initialized using 'CodeIgniter\Session\Handlers\FileHandler' driver.
CRITICAL - 2024-04-12 16:09:48 --> Too few arguments to function App\Controllers\Admin_bekatim::detailData_pembina(), 0 passed in C:\xampp\htdocs\CodeIgniter\Binawasa\system\CodeIgniter.php on line 932 and exactly 1 expected
in APPPATH\Controllers\Admin_bekatim.php on line 370.
 1 SYSTEMPATH\CodeIgniter.php(932): App\Controllers\Admin_bekatim->detailData_pembina()
 2 SYSTEMPATH\CodeIgniter.php(497): CodeIgniter\CodeIgniter->runController(Object(App\Controllers\Admin_bekatim))
 3 SYSTEMPATH\CodeIgniter.php(366): CodeIgniter\CodeIgniter->handleRequest(null, Object(Config\Cache), false)
 4 FCPATH\index.php(67): CodeIgniter\CodeIgniter->run()
 5 SYSTEMPATH\Commands\Server\rewrite.php(47): require_once('C:\\xampp\\htdocs\\CodeIgniter\\Binawasa\\public\\index.php')
INFO - 2024-04-12 16:09:57 --> Session: Class initialized using 'CodeIgniter\Session\Handlers\FileHandler' driver.
INFO - 2024-04-12 16:10:51 --> Session: Class initialized using 'CodeIgniter\Session\Handlers\FileHandler' driver.
INFO - 2024-04-12 16:11:00 --> Session: Class initialized using 'CodeIgniter\Session\Handlers\FileHandler' driver.
INFO - 2024-04-12 16:11:06 --> Session: Class initialized using 'CodeIgniter\Session\Handlers\FileHandler' driver.
INFO - 2024-04-12 16:11:15 --> Session: Class initialized using 'CodeIgniter\Session\Handlers\FileHandler' driver.
INFO - 2024-04-12 16:11:27 --> Session: Class initialized using 'CodeIgniter\Session\Handlers\FileHandler' driver.
INFO - 2024-04-12 16:11:38 --> Session: Class initialized using 'CodeIgniter\Session\Handlers\FileHandler' driver.
INFO - 2024-04-12 16:11:50 --> Session: Class initialized using 'CodeIgniter\Session\Handlers\FileHandler' driver.
INFO - 2024-04-12 16:33:12 --> Session: Class initialized using 'CodeIgniter\Session\Handlers\FileHandler' driver.
INFO - 2024-04-12 16:33:32 --> Session: Class initialized using 'CodeIgniter\Session\Handlers\FileHandler' driver.
CRITICAL - 2024-04-12 16:33:32 --> Undefined array key "tingkatan"
in APPPATH\Views\bekatim\pelatih_bekatim.php on line 40.
 1 APPPATH\Views\bekatim\pelatih_bekatim.php(40): CodeIgniter\Debug\Exceptions->errorHandler(2, 'Undefined array key "tingkatan"', 'C:\\xampp\\htdocs\\CodeIgniter\\Binawasa\\app\\Views\\bekatim\\pelatih_bekatim.php', 40)
 2 SYSTEMPATH\View\View.php(224): include('C:\\xampp\\htdocs\\CodeIgniter\\Binawasa\\app\\Views\\bekatim\\pelatih_bekatim.php')
 3 SYSTEMPATH\View\View.php(227): CodeIgniter\View\View->CodeIgniter\View\{closure}()
 4 SYSTEMPATH\Common.php(1180): CodeIgniter\View\View->render('bekatim/pelatih_bekatim', [], true)
 5 APPPATH\Controllers\Bekatim.php(88): view('bekatim/pelatih_bekatim', [...])
 6 SYSTEMPATH\CodeIgniter.php(932): App\Controllers\Bekatim->pelatih_bekatim()
 7 SYSTEMPATH\CodeIgniter.php(497): CodeIgniter\CodeIgniter->runController(Object(App\Controllers\Bekatim))
 8 SYSTEMPATH\CodeIgniter.php(366): CodeIgniter\CodeIgniter->handleRequest(null, Object(Config\Cache), false)
 9 FCPATH\index.php(67): CodeIgniter\CodeIgniter->run()
10 SYSTEMPATH\Commands\Server\rewrite.php(47): require_once('C:\\xampp\\htdocs\\CodeIgniter\\Binawasa\\public\\index.php')
INFO - 2024-04-12 16:36:18 --> Session: Class initialized using 'CodeIgniter\Session\Handlers\FileHandler' driver.
INFO - 2024-04-12 16:36:30 --> Session: Class initialized using 'CodeIgniter\Session\Handlers\FileHandler' driver.
INFO - 2024-04-12 16:36:35 --> Session: Class initialized using 'CodeIgniter\Session\Handlers\FileHandler' driver.
INFO - 2024-04-12 16:37:33 --> Session: Class initialized using 'CodeIgniter\Session\Handlers\FileHandler' driver.
INFO - 2024-04-12 16:39:37 --> Session: Class initialized using 'CodeIgniter\Session\Handlers\FileHandler' driver.
INFO - 2024-04-12 16:39:44 --> Session: Class initialized using 'CodeIgniter\Session\Handlers\FileHandler' driver.
CRITICAL - 2024-04-12 16:39:44 --> Trying to access array offset on value of type null
in APPPATH\Views\bekatim\detailData_pelatih.php on line 15.
 1 APPPATH\Views\bekatim\detailData_pelatih.php(15): CodeIgniter\Debug\Exceptions->errorHandler(2, 'Trying to access array offset on value of type null', 'C:\\xampp\\htdocs\\CodeIgniter\\Binawasa\\app\\Views\\bekatim\\detailData_pelatih.php', 15)
 2 SYSTEMPATH\View\View.php(224): include('C:\\xampp\\htdocs\\CodeIgniter\\Binawasa\\app\\Views\\bekatim\\detailData_pelatih.php')
 3 SYSTEMPATH\View\View.php(227): CodeIgniter\View\View->CodeIgniter\View\{closure}()
 4 SYSTEMPATH\Common.php(1180): CodeIgniter\View\View->render('/Bekatim/detailData_pelatih', [], true)
 5 APPPATH\Controllers\Bekatim.php(102): view('/Bekatim/detailData_pelatih', [...])
 6 SYSTEMPATH\CodeIgniter.php(932): App\Controllers\Bekatim->detailData_pelatih('ibnu-sina')
 7 SYSTEMPATH\CodeIgniter.php(497): CodeIgniter\CodeIgniter->runController(Object(App\Controllers\Bekatim))
 8 SYSTEMPATH\CodeIgniter.php(366): CodeIgniter\CodeIgniter->handleRequest(null, Object(Config\Cache), false)
 9 FCPATH\index.php(67): CodeIgniter\CodeIgniter->run()
10 SYSTEMPATH\Commands\Server\rewrite.php(47): require_once('C:\\xampp\\htdocs\\CodeIgniter\\Binawasa\\public\\index.php')
INFO - 2024-04-12 16:40:22 --> Session: Class initialized using 'CodeIgniter\Session\Handlers\FileHandler' driver.
CRITICAL - 2024-04-12 16:40:22 --> Trying to access array offset on value of type null
in APPPATH\Views\bekatim\detailData_pelatih.php on line 15.
 1 APPPATH\Views\bekatim\detailData_pelatih.php(15): CodeIgniter\Debug\Exceptions->errorHandler(2, 'Trying to access array offset on value of type null', 'C:\\xampp\\htdocs\\CodeIgniter\\Binawasa\\app\\Views\\bekatim\\detailData_pelatih.php', 15)
 2 SYSTEMPATH\View\View.php(224): include('C:\\xampp\\htdocs\\CodeIgniter\\Binawasa\\app\\Views\\bekatim\\detailData_pelatih.php')
 3 SYSTEMPATH\View\View.php(227): CodeIgniter\View\View->CodeIgniter\View\{closure}()
 4 SYSTEMPATH\Common.php(1180): CodeIgniter\View\View->render('/Bekatim/detailData_pelatih', [], true)
 5 APPPATH\Controllers\Bekatim.php(102): view('/Bekatim/detailData_pelatih', [...])
 6 SYSTEMPATH\CodeIgniter.php(932): App\Controllers\Bekatim->detailData_pelatih('ibnu-sina')
 7 SYSTEMPATH\CodeIgniter.php(497): CodeIgniter\CodeIgniter->runController(Object(App\Controllers\Bekatim))
 8 SYSTEMPATH\CodeIgniter.php(366): CodeIgniter\CodeIgniter->handleRequest(null, Object(Config\Cache), false)
 9 FCPATH\index.php(67): CodeIgniter\CodeIgniter->run()
10 SYSTEMPATH\Commands\Server\rewrite.php(47): require_once('C:\\xampp\\htdocs\\CodeIgniter\\Binawasa\\public\\index.php')
INFO - 2024-04-12 16:40:26 --> Session: Class initialized using 'CodeIgniter\Session\Handlers\FileHandler' driver.
INFO - 2024-04-12 16:40:28 --> Session: Class initialized using 'CodeIgniter\Session\Handlers\FileHandler' driver.
INFO - 2024-04-12 16:40:37 --> Session: Class initialized using 'CodeIgniter\Session\Handlers\FileHandler' driver.
CRITICAL - 2024-04-12 16:40:37 --> Trying to access array offset on value of type null
in APPPATH\Views\bekatim\detailData_pelatih.php on line 15.
 1 APPPATH\Views\bekatim\detailData_pelatih.php(15): CodeIgniter\Debug\Exceptions->errorHandler(2, 'Trying to access array offset on value of type null', 'C:\\xampp\\htdocs\\CodeIgniter\\Binawasa\\app\\Views\\bekatim\\detailData_pelatih.php', 15)
 2 SYSTEMPATH\View\View.php(224): include('C:\\xampp\\htdocs\\CodeIgniter\\Binawasa\\app\\Views\\bekatim\\detailData_pelatih.php')
 3 SYSTEMPATH\View\View.php(227): CodeIgniter\View\View->CodeIgniter\View\{closure}()
 4 SYSTEMPATH\Common.php(1180): CodeIgniter\View\View->render('/Bekatim/detailData_pelatih', [], true)
 5 APPPATH\Controllers\Bekatim.php(102): view('/Bekatim/detailData_pelatih', [...])
 6 SYSTEMPATH\CodeIgniter.php(932): App\Controllers\Bekatim->detailData_pelatih('ibnu-sina')
 7 SYSTEMPATH\CodeIgniter.php(497): CodeIgniter\CodeIgniter->runController(Object(App\Controllers\Bekatim))
 8 SYSTEMPATH\CodeIgniter.php(366): CodeIgniter\CodeIgniter->handleRequest(null, Object(Config\Cache), false)
 9 FCPATH\index.php(67): CodeIgniter\CodeIgniter->run()
10 SYSTEMPATH\Commands\Server\rewrite.php(47): require_once('C:\\xampp\\htdocs\\CodeIgniter\\Binawasa\\public\\index.php')
INFO - 2024-04-12 16:46:05 --> Session: Class initialized using 'CodeIgniter\Session\Handlers\FileHandler' driver.
INFO - 2024-04-12 16:46:07 --> Session: Class initialized using 'CodeIgniter\Session\Handlers\FileHandler' driver.
INFO - 2024-04-12 16:46:22 --> Session: Class initialized using 'CodeIgniter\Session\Handlers\FileHandler' driver.
CRITICAL - 2024-04-12 16:46:22 --> Trying to access array offset on value of type null
in APPPATH\Views\bekatim\detailData_pelatih.php on line 15.
 1 APPPATH\Views\bekatim\detailData_pelatih.php(15): CodeIgniter\Debug\Exceptions->errorHandler(2, 'Trying to access array offset on value of type null', 'C:\\xampp\\htdocs\\CodeIgniter\\Binawasa\\app\\Views\\bekatim\\detailData_pelatih.php', 15)
 2 SYSTEMPATH\View\View.php(224): include('C:\\xampp\\htdocs\\CodeIgniter\\Binawasa\\app\\Views\\bekatim\\detailData_pelatih.php')
 3 SYSTEMPATH\View\View.php(227): CodeIgniter\View\View->CodeIgniter\View\{closure}()
 4 SYSTEMPATH\Common.php(1180): CodeIgniter\View\View->render('/Bekatim/detailData_pelatih', [], true)
 5 APPPATH\Controllers\Bekatim.php(102): view('/Bekatim/detailData_pelatih', [...])
 6 SYSTEMPATH\CodeIgniter.php(932): App\Controllers\Bekatim->detailData_pelatih('ibnu-sina')
 7 SYSTEMPATH\CodeIgniter.php(497): CodeIgniter\CodeIgniter->runController(Object(App\Controllers\Bekatim))
 8 SYSTEMPATH\CodeIgniter.php(366): CodeIgniter\CodeIgniter->handleRequest(null, Object(Config\Cache), false)
 9 FCPATH\index.php(67): CodeIgniter\CodeIgniter->run()
10 SYSTEMPATH\Commands\Server\rewrite.php(47): require_once('C:\\xampp\\htdocs\\CodeIgniter\\Binawasa\\public\\index.php')
INFO - 2024-04-12 16:46:33 --> Session: Class initialized using 'CodeIgniter\Session\Handlers\FileHandler' driver.
INFO - 2024-04-12 16:46:42 --> Session: Class initialized using 'CodeIgniter\Session\Handlers\FileHandler' driver.
INFO - 2024-04-12 16:46:51 --> Session: Class initialized using 'CodeIgniter\Session\Handlers\FileHandler' driver.
